<?xml version="1.0" encoding="UTF-8"?>
<testsuite name="it.disi.unitn.transition.translation.TranslationTest" tests="2" skipped="0" failures="0" errors="0" timestamp="2025-02-21T17:56:41" hostname="marco-lasagna-Dell-G15-5530" time="254.175">
  <properties/>
  <testcase name="test()" classname="it.disi.unitn.transition.translation.TranslationTest" time="126.908"/>
  <testcase name="test1()" classname="it.disi.unitn.transition.translation.TranslationTest" time="127.266"/>
  <system-out><![CDATA[]]></system-out>
  <system-err><![CDATA[ffmpeg version 7.0.2-3ubuntu1 Copyright (c) 2000-2024 the FFmpeg developers
  built with gcc 14 (Ubuntu 14.2.0-2ubuntu1)
  configuration: --prefix=/usr --extra-version=3ubuntu1 --toolchain=hardened --libdir=/usr/lib/x86_64-linux-gnu --incdir=/usr/include/x86_64-linux-gnu --arch=amd64 --enable-gpl --disable-stripping --disable-libmfx --disable-omx --enable-gnutls --enable-libaom --enable-libass --enable-libbs2b --enable-libcdio --enable-libcodec2 --enable-libdav1d --enable-libflite --enable-libfontconfig --enable-libfreetype --enable-libfribidi --enable-libglslang --enable-libgme --enable-libgsm --enable-libharfbuzz --enable-libmp3lame --enable-libmysofa --enable-libopenjpeg --enable-libopenmpt --enable-libopus --enable-librubberband --enable-libshine --enable-libsnappy --enable-libsoxr --enable-libspeex --enable-libtheora --enable-libtwolame --enable-libvidstab --enable-libvorbis --enable-libvpx --enable-libwebp --enable-libx265 --enable-libxml2 --enable-libxvid --enable-libzimg --enable-openal --enable-opencl --enable-opengl --disable-sndio --enable-libvpl --enable-libdc1394 --enable-libdrm --enable-libiec61883 --enable-chromaprint --enable-frei0r --enable-ladspa --enable-libbluray --enable-libcaca --enable-libdvdnav --enable-libdvdread --enable-libjack --enable-libpulse --enable-librabbitmq --enable-librist --enable-libsrt --enable-libssh --enable-libsvtav1 --enable-libx264 --enable-libzmq --enable-libzvbi --enable-lv2 --enable-sdl2 --enable-libplacebo --enable-librav1e --enable-pocketsphinx --enable-librsvg --enable-libjxl --enable-shared
  libavutil      59.  8.100 / 59.  8.100
  libavcodec     61.  3.100 / 61.  3.100
  libavformat    61.  1.100 / 61.  1.100
  libavdevice    61.  1.100 / 61.  1.100
  libavfilter    10.  1.100 / 10.  1.100
  libswscale      8.  1.100 /  8.  1.100
  libswresample   5.  1.100 /  5.  1.100
  libpostproc    58.  1.100 / 58.  1.100
Input #0, concat, from '/home/marco-lasagna/Scaricati/ffmpeg-java/inputFile.txt':
  Duration: N/A, start: 0.000000, bitrate: N/A
  Stream #0:0: Video: mjpeg (Baseline), yuvj420p(pc, bt470bg/unknown/unknown), 4501x4500 [SAR 1:1 DAR 4501:4500], 25 fps, 25 tbr, 25 tbn
Stream mapping:
  Stream #0:0 -> #0:0 (mjpeg (native) -> h264 (libx264))
Press [q] to stop, [?] for help
[swscaler @ 0x725940016b00] deprecated pixel format used, make sure you did set range correctly
    Last message repeated 1 times
[swscaler @ 0x725940b407c0] deprecated pixel format used, make sure you did set range correctly
    Last message repeated 1 times
[vost#0:0/libx264 @ 0x5e0af60ff600] No information about the input framerate is available. Falling back to a default value of 25fps. Use the -r option if you want a different framerate.
[libx264 @ 0x5e0af60f59c0] using SAR=2048/4095
[libx264 @ 0x5e0af60f59c0] using cpu capabilities: MMX2 SSE2Fast SSSE3 SSE4.2 AVX FMA3 BMI2 AVX2
[libx264 @ 0x5e0af60f59c0] profile High, level 4.0, 4:2:0, 8-bit
[libx264 @ 0x5e0af60f59c0] 264 - core 164 r3108 31e19f9 - H.264/MPEG-4 AVC codec - Copyleft 2003-2023 - http://www.videolan.org/x264.html - options: cabac=1 ref=3 deblock=1:0:0 analyse=0x3:0x113 me=hex subme=7 psy=1 psy_rd=1.00:0.00 mixed_ref=1 me_range=16 chroma_me=1 trellis=1 8x8dct=1 cqm=0 deadzone=21,11 fast_pskip=1 chroma_qp_offset=-2 threads=30 lookahead_threads=5 sliced_threads=0 nr=0 decimate=1 interlaced=0 bluray_compat=0 constrained_intra=0 bframes=3 b_pyramid=2 b_adapt=1 b_bias=0 direct=1 weightb=1 open_gop=0 weightp=2 keyint=250 keyint_min=25 scenecut=40 intra_refresh=0 rc_lookahead=40 rc=crf mbtree=1 crf=23.0 qcomp=0.60 qpmin=0 qpmax=69 qpstep=4 ip_ratio=1.40 aq=1:1.00
Output #0, mp4, to './src/test/resources/output/translation/tempVideo/010.mp4':
  Metadata:
    encoder         : Lavf61.1.100
  Stream #0:0: Video: h264 (avc1 / 0x31637661), yuvj420p(pc, progressive), 2048x1024 [SAR 4501:9000 DAR 4501:4500], q=2-31, 25 fps, 12800 tbn
      Metadata:
        encoder         : Lavc61.3.100 libx264
      Side data:
        cpb: bitrate max/min/avg: 0/0/0 buffer size: 0 vbv_delay: N/A
[out#0/mp4 @ 0x5e0af60fd380] video:32KiB audio:0KiB subtitle:0KiB other streams:0KiB global headers:0KiB muxing overhead: 2.936464%
frame=    6 fps=0.0 q=-1.0 Lsize=      33KiB time=00:00:00.16 bitrate=1670.3kbits/s dup=0 drop=19 speed=0.644x    
[libx264 @ 0x5e0af60f59c0] frame I:1     Avg QP:18.46  size: 29741
[libx264 @ 0x5e0af60f59c0] frame P:2     Avg QP:19.31  size:   556
[libx264 @ 0x5e0af60f59c0] frame B:3     Avg QP:24.14  size:   303
[libx264 @ 0x5e0af60f59c0] consecutive B-frames: 33.3%  0.0%  0.0% 66.7%
[libx264 @ 0x5e0af60f59c0] mb I  I16..4: 17.2% 72.6% 10.2%
[libx264 @ 0x5e0af60f59c0] mb P  I16..4:  0.1%  0.1%  0.0%  P16..4:  1.2%  0.2%  0.1%  0.0%  0.0%    skip:98.3%
[libx264 @ 0x5e0af60f59c0] mb B  I16..4:  0.0%  0.0%  0.0%  B16..8:  1.1%  0.1%  0.0%  direct: 0.1%  skip:98.6%  L0:61.5% L1:35.9% BI: 2.6%
[libx264 @ 0x5e0af60f59c0] 8x8 transform intra:72.5% inter:22.1%
[libx264 @ 0x5e0af60f59c0] coded y,uvDC,uvAC intra: 5.9% 10.2% 9.1% inter: 0.1% 0.0% 0.0%
[libx264 @ 0x5e0af60f59c0] i16 v,h,dc,p: 82% 17%  1%  0%
[libx264 @ 0x5e0af60f59c0] i8 v,h,dc,ddl,ddr,vr,hd,vl,hu: 42%  9% 48%  0%  0%  0%  0%  0%  0%
[libx264 @ 0x5e0af60f59c0] i4 v,h,dc,ddl,ddr,vr,hd,vl,hu: 39% 30% 10%  4%  2%  2%  4%  4%  5%
[libx264 @ 0x5e0af60f59c0] i8c dc,h,v,p: 82%  9%  8%  1%
[libx264 @ 0x5e0af60f59c0] Weighted P-Frames: Y:0.0% UV:0.0%
[libx264 @ 0x5e0af60f59c0] ref P L0: 96.2%  0.0%  0.4%  3.4%
[libx264 @ 0x5e0af60f59c0] ref B L0: 93.8%  6.2%
[libx264 @ 0x5e0af60f59c0] ref B L1: 91.9%  8.1%
[libx264 @ 0x5e0af60f59c0] kb/s:1058.80
ffmpeg version 7.0.2-3ubuntu1 Copyright (c) 2000-2024 the FFmpeg developers
  built with gcc 14 (Ubuntu 14.2.0-2ubuntu1)
  configuration: --prefix=/usr --extra-version=3ubuntu1 --toolchain=hardened --libdir=/usr/lib/x86_64-linux-gnu --incdir=/usr/include/x86_64-linux-gnu --arch=amd64 --enable-gpl --disable-stripping --disable-libmfx --disable-omx --enable-gnutls --enable-libaom --enable-libass --enable-libbs2b --enable-libcdio --enable-libcodec2 --enable-libdav1d --enable-libflite --enable-libfontconfig --enable-libfreetype --enable-libfribidi --enable-libglslang --enable-libgme --enable-libgsm --enable-libharfbuzz --enable-libmp3lame --enable-libmysofa --enable-libopenjpeg --enable-libopenmpt --enable-libopus --enable-librubberband --enable-libshine --enable-libsnappy --enable-libsoxr --enable-libspeex --enable-libtheora --enable-libtwolame --enable-libvidstab --enable-libvorbis --enable-libvpx --enable-libwebp --enable-libx265 --enable-libxml2 --enable-libxvid --enable-libzimg --enable-openal --enable-opencl --enable-opengl --disable-sndio --enable-libvpl --enable-libdc1394 --enable-libdrm --enable-libiec61883 --enable-chromaprint --enable-frei0r --enable-ladspa --enable-libbluray --enable-libcaca --enable-libdvdnav --enable-libdvdread --enable-libjack --enable-libpulse --enable-librabbitmq --enable-librist --enable-libsrt --enable-libssh --enable-libsvtav1 --enable-libx264 --enable-libzmq --enable-libzvbi --enable-lv2 --enable-sdl2 --enable-libplacebo --enable-librav1e --enable-pocketsphinx --enable-librsvg --enable-libjxl --enable-shared
  libavutil      59.  8.100 / 59.  8.100
  libavcodec     61.  3.100 / 61.  3.100
  libavformat    61.  1.100 / 61.  1.100
  libavdevice    61.  1.100 / 61.  1.100
  libavfilter    10.  1.100 / 10.  1.100
  libswscale      8.  1.100 /  8.  1.100
  libswresample   5.  1.100 /  5.  1.100
  libpostproc    58.  1.100 / 58.  1.100
Input #0, concat, from '/home/marco-lasagna/Scaricati/ffmpeg-java/inputFile.txt':
  Duration: N/A, start: 0.000000, bitrate: N/A
  Stream #0:0: Video: mjpeg (Baseline), yuvj420p(pc, bt470bg/unknown/unknown), 4501x4500 [SAR 1:1 DAR 4501:4500], 25 fps, 25 tbr, 25 tbn
Stream mapping:
  Stream #0:0 -> #0:0 (mjpeg (native) -> h264 (libx264))
Press [q] to stop, [?] for help
[swscaler @ 0x75f820016b00] deprecated pixel format used, make sure you did set range correctly
    Last message repeated 1 times
[swscaler @ 0x75f820b407c0] deprecated pixel format used, make sure you did set range correctly
    Last message repeated 1 times
[vost#0:0/libx264 @ 0x5b10ae2ab600] No information about the input framerate is available. Falling back to a default value of 25fps. Use the -r option if you want a different framerate.
[libx264 @ 0x5b10ae2a19c0] using SAR=2048/4095
[libx264 @ 0x5b10ae2a19c0] using cpu capabilities: MMX2 SSE2Fast SSSE3 SSE4.2 AVX FMA3 BMI2 AVX2
[libx264 @ 0x5b10ae2a19c0] profile High, level 4.0, 4:2:0, 8-bit
[libx264 @ 0x5b10ae2a19c0] 264 - core 164 r3108 31e19f9 - H.264/MPEG-4 AVC codec - Copyleft 2003-2023 - http://www.videolan.org/x264.html - options: cabac=1 ref=3 deblock=1:0:0 analyse=0x3:0x113 me=hex subme=7 psy=1 psy_rd=1.00:0.00 mixed_ref=1 me_range=16 chroma_me=1 trellis=1 8x8dct=1 cqm=0 deadzone=21,11 fast_pskip=1 chroma_qp_offset=-2 threads=30 lookahead_threads=5 sliced_threads=0 nr=0 decimate=1 interlaced=0 bluray_compat=0 constrained_intra=0 bframes=3 b_pyramid=2 b_adapt=1 b_bias=0 direct=1 weightb=1 open_gop=0 weightp=2 keyint=250 keyint_min=25 scenecut=40 intra_refresh=0 rc_lookahead=40 rc=crf mbtree=1 crf=23.0 qcomp=0.60 qpmin=0 qpmax=69 qpstep=4 ip_ratio=1.40 aq=1:1.00
Output #0, mp4, to './src/test/resources/output/translation/tempVideo/020.mp4':
  Metadata:
    encoder         : Lavf61.1.100
  Stream #0:0: Video: h264 (avc1 / 0x31637661), yuvj420p(pc, progressive), 2048x1024 [SAR 4501:9000 DAR 4501:4500], q=2-31, 25 fps, 12800 tbn
      Metadata:
        encoder         : Lavc61.3.100 libx264
      Side data:
        cpb: bitrate max/min/avg: 0/0/0 buffer size: 0 vbv_delay: N/A
[out#0/mp4 @ 0x5b10ae2a9380] video:32KiB audio:0KiB subtitle:0KiB other streams:0KiB global headers:0KiB muxing overhead: 2.919820%
frame=    6 fps=0.0 q=-1.0 Lsize=      33KiB time=00:00:00.16 bitrate=1679.6kbits/s dup=0 drop=19 speed=0.675x    
[libx264 @ 0x5b10ae2a19c0] frame I:1     Avg QP:18.28  size: 29803
[libx264 @ 0x5b10ae2a19c0] frame P:2     Avg QP:19.40  size:   618
[libx264 @ 0x5b10ae2a19c0] frame B:3     Avg QP:33.34  size:   303
[libx264 @ 0x5b10ae2a19c0] consecutive B-frames: 33.3%  0.0%  0.0% 66.7%
[libx264 @ 0x5b10ae2a19c0] mb I  I16..4: 26.0% 63.8% 10.2%
[libx264 @ 0x5b10ae2a19c0] mb P  I16..4:  0.1%  0.2%  0.0%  P16..4:  0.8%  0.2%  0.1%  0.0%  0.0%    skip:98.6%
[libx264 @ 0x5b10ae2a19c0] mb B  I16..4:  0.0%  0.1%  0.0%  B16..8:  1.1%  0.1%  0.0%  direct: 0.1%  skip:98.7%  L0:34.1% L1:62.4% BI: 3.5%
[libx264 @ 0x5b10ae2a19c0] 8x8 transform intra:63.8% inter:20.2%
[libx264 @ 0x5b10ae2a19c0] coded y,uvDC,uvAC intra: 5.9% 10.1% 9.1% inter: 0.1% 0.0% 0.0%
[libx264 @ 0x5b10ae2a19c0] i16 v,h,dc,p: 88% 11%  1%  0%
[libx264 @ 0x5b10ae2a19c0] i8 v,h,dc,ddl,ddr,vr,hd,vl,hu: 44%  6% 50%  0%  0%  0%  0%  0%  0%
[libx264 @ 0x5b10ae2a19c0] i4 v,h,dc,ddl,ddr,vr,hd,vl,hu: 39% 30% 10%  4%  2%  2%  4%  4%  5%
[libx264 @ 0x5b10ae2a19c0] i8c dc,h,v,p: 82%  9%  8%  1%
[libx264 @ 0x5b10ae2a19c0] Weighted P-Frames: Y:0.0% UV:0.0%
[libx264 @ 0x5b10ae2a19c0] ref P L0: 94.8%  0.5%  0.4%  4.3%
[libx264 @ 0x5b10ae2a19c0] ref B L0: 89.0% 11.0%
[libx264 @ 0x5b10ae2a19c0] ref B L1: 95.6%  4.4%
[libx264 @ 0x5b10ae2a19c0] kb/s:1064.97
ffmpeg version 7.0.2-3ubuntu1 Copyright (c) 2000-2024 the FFmpeg developers
  built with gcc 14 (Ubuntu 14.2.0-2ubuntu1)
  configuration: --prefix=/usr --extra-version=3ubuntu1 --toolchain=hardened --libdir=/usr/lib/x86_64-linux-gnu --incdir=/usr/include/x86_64-linux-gnu --arch=amd64 --enable-gpl --disable-stripping --disable-libmfx --disable-omx --enable-gnutls --enable-libaom --enable-libass --enable-libbs2b --enable-libcdio --enable-libcodec2 --enable-libdav1d --enable-libflite --enable-libfontconfig --enable-libfreetype --enable-libfribidi --enable-libglslang --enable-libgme --enable-libgsm --enable-libharfbuzz --enable-libmp3lame --enable-libmysofa --enable-libopenjpeg --enable-libopenmpt --enable-libopus --enable-librubberband --enable-libshine --enable-libsnappy --enable-libsoxr --enable-libspeex --enable-libtheora --enable-libtwolame --enable-libvidstab --enable-libvorbis --enable-libvpx --enable-libwebp --enable-libx265 --enable-libxml2 --enable-libxvid --enable-libzimg --enable-openal --enable-opencl --enable-opengl --disable-sndio --enable-libvpl --enable-libdc1394 --enable-libdrm --enable-libiec61883 --enable-chromaprint --enable-frei0r --enable-ladspa --enable-libbluray --enable-libcaca --enable-libdvdnav --enable-libdvdread --enable-libjack --enable-libpulse --enable-librabbitmq --enable-librist --enable-libsrt --enable-libssh --enable-libsvtav1 --enable-libx264 --enable-libzmq --enable-libzvbi --enable-lv2 --enable-sdl2 --enable-libplacebo --enable-librav1e --enable-pocketsphinx --enable-librsvg --enable-libjxl --enable-shared
  libavutil      59.  8.100 / 59.  8.100
  libavcodec     61.  3.100 / 61.  3.100
  libavformat    61.  1.100 / 61.  1.100
  libavdevice    61.  1.100 / 61.  1.100
  libavfilter    10.  1.100 / 10.  1.100
  libswscale      8.  1.100 /  8.  1.100
  libswresample   5.  1.100 /  5.  1.100
  libpostproc    58.  1.100 / 58.  1.100
Input #0, concat, from '/home/marco-lasagna/Scaricati/ffmpeg-java/inputFile.txt':
  Duration: N/A, start: 0.000000, bitrate: N/A
  Stream #0:0: Video: mjpeg (Baseline), yuvj420p(pc, bt470bg/unknown/unknown), 4501x4500 [SAR 1:1 DAR 4501:4500], 25 fps, 25 tbr, 25 tbn
Stream mapping:
  Stream #0:0 -> #0:0 (mjpeg (native) -> h264 (libx264))
Press [q] to stop, [?] for help
[swscaler @ 0x7c9228016b00] deprecated pixel format used, make sure you did set range correctly
    Last message repeated 1 times
[swscaler @ 0x7c9228b407c0] deprecated pixel format used, make sure you did set range correctly
    Last message repeated 1 times
[vost#0:0/libx264 @ 0x63308bc09600] No information about the input framerate is available. Falling back to a default value of 25fps. Use the -r option if you want a different framerate.
[libx264 @ 0x63308bbff9c0] using SAR=2048/4095
[libx264 @ 0x63308bbff9c0] using cpu capabilities: MMX2 SSE2Fast SSSE3 SSE4.2 AVX FMA3 BMI2 AVX2
[libx264 @ 0x63308bbff9c0] profile High, level 4.0, 4:2:0, 8-bit
[libx264 @ 0x63308bbff9c0] 264 - core 164 r3108 31e19f9 - H.264/MPEG-4 AVC codec - Copyleft 2003-2023 - http://www.videolan.org/x264.html - options: cabac=1 ref=3 deblock=1:0:0 analyse=0x3:0x113 me=hex subme=7 psy=1 psy_rd=1.00:0.00 mixed_ref=1 me_range=16 chroma_me=1 trellis=1 8x8dct=1 cqm=0 deadzone=21,11 fast_pskip=1 chroma_qp_offset=-2 threads=30 lookahead_threads=5 sliced_threads=0 nr=0 decimate=1 interlaced=0 bluray_compat=0 constrained_intra=0 bframes=3 b_pyramid=2 b_adapt=1 b_bias=0 direct=1 weightb=1 open_gop=0 weightp=2 keyint=250 keyint_min=25 scenecut=40 intra_refresh=0 rc_lookahead=40 rc=crf mbtree=1 crf=23.0 qcomp=0.60 qpmin=0 qpmax=69 qpstep=4 ip_ratio=1.40 aq=1:1.00
Output #0, mp4, to './src/test/resources/output/translation/tempVideo/030.mp4':
  Metadata:
    encoder         : Lavf61.1.100
  Stream #0:0: Video: h264 (avc1 / 0x31637661), yuvj420p(pc, progressive), 2048x1024 [SAR 4501:9000 DAR 4501:4500], q=2-31, 25 fps, 12800 tbn
      Metadata:
        encoder         : Lavc61.3.100 libx264
      Side data:
        cpb: bitrate max/min/avg: 0/0/0 buffer size: 0 vbv_delay: N/A
[out#0/mp4 @ 0x63308bc07380] video:32KiB audio:0KiB subtitle:0KiB other streams:0KiB global headers:0KiB muxing overhead: 2.891323%
frame=    6 fps=0.0 q=-1.0 Lsize=      33KiB time=00:00:00.16 bitrate=1681.5kbits/s dup=0 drop=19 speed=0.631x    
[libx264 @ 0x63308bbff9c0] frame I:1     Avg QP:18.28  size: 29933
[libx264 @ 0x63308bbff9c0] frame P:2     Avg QP:18.95  size:   627
[libx264 @ 0x63308bbff9c0] frame B:3     Avg QP:26.99  size:   269
[libx264 @ 0x63308bbff9c0] consecutive B-frames: 16.7% 33.3% 50.0%  0.0%
[libx264 @ 0x63308bbff9c0] mb I  I16..4: 24.9% 64.8% 10.2%
[libx264 @ 0x63308bbff9c0] mb P  I16..4:  0.1%  0.1%  0.0%  P16..4:  1.3%  0.3%  0.1%  0.0%  0.0%    skip:98.2%
[libx264 @ 0x63308bbff9c0] mb B  I16..4:  0.0%  0.0%  0.0%  B16..8:  1.3%  0.0%  0.0%  direct: 0.1%  skip:98.6%  L0:51.1% L1:47.3% BI: 1.5%
[libx264 @ 0x63308bbff9c0] 8x8 transform intra:64.8% inter:14.7%
[libx264 @ 0x63308bbff9c0] coded y,uvDC,uvAC intra: 5.9% 10.1% 9.1% inter: 0.1% 0.0% 0.0%
[libx264 @ 0x63308bbff9c0] i16 v,h,dc,p: 88% 12%  1%  0%
[libx264 @ 0x63308bbff9c0] i8 v,h,dc,ddl,ddr,vr,hd,vl,hu: 53% 15% 32%  0%  0%  0%  0%  0%  0%
[libx264 @ 0x63308bbff9c0] i4 v,h,dc,ddl,ddr,vr,hd,vl,hu: 41% 29%  9%  4%  2%  2%  4%  4%  5%
[libx264 @ 0x63308bbff9c0] i8c dc,h,v,p: 82%  9%  8%  1%
[libx264 @ 0x63308bbff9c0] Weighted P-Frames: Y:0.0% UV:0.0%
[libx264 @ 0x63308bbff9c0] ref P L0: 96.5%  0.3%  2.2%  0.9%
[libx264 @ 0x63308bbff9c0] ref B L0: 42.9% 57.1%
[libx264 @ 0x63308bbff9c0] kb/s:1066.47
ffmpeg version 7.0.2-3ubuntu1 Copyright (c) 2000-2024 the FFmpeg developers
  built with gcc 14 (Ubuntu 14.2.0-2ubuntu1)
  configuration: --prefix=/usr --extra-version=3ubuntu1 --toolchain=hardened --libdir=/usr/lib/x86_64-linux-gnu --incdir=/usr/include/x86_64-linux-gnu --arch=amd64 --enable-gpl --disable-stripping --disable-libmfx --disable-omx --enable-gnutls --enable-libaom --enable-libass --enable-libbs2b --enable-libcdio --enable-libcodec2 --enable-libdav1d --enable-libflite --enable-libfontconfig --enable-libfreetype --enable-libfribidi --enable-libglslang --enable-libgme --enable-libgsm --enable-libharfbuzz --enable-libmp3lame --enable-libmysofa --enable-libopenjpeg --enable-libopenmpt --enable-libopus --enable-librubberband --enable-libshine --enable-libsnappy --enable-libsoxr --enable-libspeex --enable-libtheora --enable-libtwolame --enable-libvidstab --enable-libvorbis --enable-libvpx --enable-libwebp --enable-libx265 --enable-libxml2 --enable-libxvid --enable-libzimg --enable-openal --enable-opencl --enable-opengl --disable-sndio --enable-libvpl --enable-libdc1394 --enable-libdrm --enable-libiec61883 --enable-chromaprint --enable-frei0r --enable-ladspa --enable-libbluray --enable-libcaca --enable-libdvdnav --enable-libdvdread --enable-libjack --enable-libpulse --enable-librabbitmq --enable-librist --enable-libsrt --enable-libssh --enable-libsvtav1 --enable-libx264 --enable-libzmq --enable-libzvbi --enable-lv2 --enable-sdl2 --enable-libplacebo --enable-librav1e --enable-pocketsphinx --enable-librsvg --enable-libjxl --enable-shared
  libavutil      59.  8.100 / 59.  8.100
  libavcodec     61.  3.100 / 61.  3.100
  libavformat    61.  1.100 / 61.  1.100
  libavdevice    61.  1.100 / 61.  1.100
  libavfilter    10.  1.100 / 10.  1.100
  libswscale      8.  1.100 /  8.  1.100
  libswresample   5.  1.100 /  5.  1.100
  libpostproc    58.  1.100 / 58.  1.100
Input #0, concat, from '/home/marco-lasagna/Scaricati/ffmpeg-java/inputFile.txt':
  Duration: N/A, start: 0.000000, bitrate: N/A
  Stream #0:0: Video: mjpeg (Baseline), yuvj420p(pc, bt470bg/unknown/unknown), 4501x4500 [SAR 1:1 DAR 4501:4500], 25 fps, 25 tbr, 25 tbn
Stream mapping:
  Stream #0:0 -> #0:0 (mjpeg (native) -> h264 (libx264))
Press [q] to stop, [?] for help
[swscaler @ 0x771ea0016b00] deprecated pixel format used, make sure you did set range correctly
    Last message repeated 1 times
[swscaler @ 0x771ea0b407c0] deprecated pixel format used, make sure you did set range correctly
    Last message repeated 1 times
[vost#0:0/libx264 @ 0x651eeb505600] No information about the input framerate is available. Falling back to a default value of 25fps. Use the -r option if you want a different framerate.
[libx264 @ 0x651eeb4fb9c0] using SAR=2048/4095
[libx264 @ 0x651eeb4fb9c0] using cpu capabilities: MMX2 SSE2Fast SSSE3 SSE4.2 AVX FMA3 BMI2 AVX2
[libx264 @ 0x651eeb4fb9c0] profile High, level 4.0, 4:2:0, 8-bit
[libx264 @ 0x651eeb4fb9c0] 264 - core 164 r3108 31e19f9 - H.264/MPEG-4 AVC codec - Copyleft 2003-2023 - http://www.videolan.org/x264.html - options: cabac=1 ref=3 deblock=1:0:0 analyse=0x3:0x113 me=hex subme=7 psy=1 psy_rd=1.00:0.00 mixed_ref=1 me_range=16 chroma_me=1 trellis=1 8x8dct=1 cqm=0 deadzone=21,11 fast_pskip=1 chroma_qp_offset=-2 threads=30 lookahead_threads=5 sliced_threads=0 nr=0 decimate=1 interlaced=0 bluray_compat=0 constrained_intra=0 bframes=3 b_pyramid=2 b_adapt=1 b_bias=0 direct=1 weightb=1 open_gop=0 weightp=2 keyint=250 keyint_min=25 scenecut=40 intra_refresh=0 rc_lookahead=40 rc=crf mbtree=1 crf=23.0 qcomp=0.60 qpmin=0 qpmax=69 qpstep=4 ip_ratio=1.40 aq=1:1.00
Output #0, mp4, to './src/test/resources/output/translation/tempVideo/040.mp4':
  Metadata:
    encoder         : Lavf61.1.100
  Stream #0:0: Video: h264 (avc1 / 0x31637661), yuvj420p(pc, progressive), 2048x1024 [SAR 4501:9000 DAR 4501:4500], q=2-31, 25 fps, 12800 tbn
      Metadata:
        encoder         : Lavc61.3.100 libx264
      Side data:
        cpb: bitrate max/min/avg: 0/0/0 buffer size: 0 vbv_delay: N/A
[out#0/mp4 @ 0x651eeb503380] video:32KiB audio:0KiB subtitle:0KiB other streams:0KiB global headers:0KiB muxing overhead: 2.920178%
frame=    6 fps=0.0 q=-1.0 Lsize=      33KiB time=00:00:00.16 bitrate=1679.4kbits/s dup=0 drop=19 speed=0.671x    
[libx264 @ 0x651eeb4fb9c0] frame I:1     Avg QP:18.47  size: 29889
[libx264 @ 0x651eeb4fb9c0] frame P:2     Avg QP:18.33  size:   594
[libx264 @ 0x651eeb4fb9c0] frame B:3     Avg QP:33.71  size:   289
[libx264 @ 0x651eeb4fb9c0] consecutive B-frames: 33.3%  0.0%  0.0% 66.7%
[libx264 @ 0x651eeb4fb9c0] mb I  I16..4: 25.7% 64.1% 10.2%
[libx264 @ 0x651eeb4fb9c0] mb P  I16..4:  0.1%  0.1%  0.0%  P16..4:  1.2%  0.2%  0.1%  0.0%  0.0%    skip:98.3%
[libx264 @ 0x651eeb4fb9c0] mb B  I16..4:  0.0%  0.0%  0.0%  B16..8:  1.1%  0.1%  0.0%  direct: 0.1%  skip:98.7%  L0:54.6% L1:40.9% BI: 4.5%
[libx264 @ 0x651eeb4fb9c0] 8x8 transform intra:64.1% inter:19.8%
[libx264 @ 0x651eeb4fb9c0] coded y,uvDC,uvAC intra: 5.9% 10.2% 9.1% inter: 0.1% 0.0% 0.0%
[libx264 @ 0x651eeb4fb9c0] i16 v,h,dc,p: 87% 12%  1%  0%
[libx264 @ 0x651eeb4fb9c0] i8 v,h,dc,ddl,ddr,vr,hd,vl,hu: 51% 15% 34%  0%  0%  0%  0%  0%  0%
[libx264 @ 0x651eeb4fb9c0] i4 v,h,dc,ddl,ddr,vr,hd,vl,hu: 37% 31% 11%  4%  2%  2%  4%  4%  5%
[libx264 @ 0x651eeb4fb9c0] i8c dc,h,v,p: 82%  9%  8%  1%
[libx264 @ 0x651eeb4fb9c0] Weighted P-Frames: Y:0.0% UV:0.0%
[libx264 @ 0x651eeb4fb9c0] ref P L0: 98.6%  0.0%  0.0%  1.4%
[libx264 @ 0x651eeb4fb9c0] ref B L0: 90.2%  9.8%
[libx264 @ 0x651eeb4fb9c0] ref B L1: 92.4%  7.6%
[libx264 @ 0x651eeb4fb9c0] kb/s:1064.83
ffmpeg version 7.0.2-3ubuntu1 Copyright (c) 2000-2024 the FFmpeg developers
  built with gcc 14 (Ubuntu 14.2.0-2ubuntu1)
  configuration: --prefix=/usr --extra-version=3ubuntu1 --toolchain=hardened --libdir=/usr/lib/x86_64-linux-gnu --incdir=/usr/include/x86_64-linux-gnu --arch=amd64 --enable-gpl --disable-stripping --disable-libmfx --disable-omx --enable-gnutls --enable-libaom --enable-libass --enable-libbs2b --enable-libcdio --enable-libcodec2 --enable-libdav1d --enable-libflite --enable-libfontconfig --enable-libfreetype --enable-libfribidi --enable-libglslang --enable-libgme --enable-libgsm --enable-libharfbuzz --enable-libmp3lame --enable-libmysofa --enable-libopenjpeg --enable-libopenmpt --enable-libopus --enable-librubberband --enable-libshine --enable-libsnappy --enable-libsoxr --enable-libspeex --enable-libtheora --enable-libtwolame --enable-libvidstab --enable-libvorbis --enable-libvpx --enable-libwebp --enable-libx265 --enable-libxml2 --enable-libxvid --enable-libzimg --enable-openal --enable-opencl --enable-opengl --disable-sndio --enable-libvpl --enable-libdc1394 --enable-libdrm --enable-libiec61883 --enable-chromaprint --enable-frei0r --enable-ladspa --enable-libbluray --enable-libcaca --enable-libdvdnav --enable-libdvdread --enable-libjack --enable-libpulse --enable-librabbitmq --enable-librist --enable-libsrt --enable-libssh --enable-libsvtav1 --enable-libx264 --enable-libzmq --enable-libzvbi --enable-lv2 --enable-sdl2 --enable-libplacebo --enable-librav1e --enable-pocketsphinx --enable-librsvg --enable-libjxl --enable-shared
  libavutil      59.  8.100 / 59.  8.100
  libavcodec     61.  3.100 / 61.  3.100
  libavformat    61.  1.100 / 61.  1.100
  libavdevice    61.  1.100 / 61.  1.100
  libavfilter    10.  1.100 / 10.  1.100
  libswscale      8.  1.100 /  8.  1.100
  libswresample   5.  1.100 /  5.  1.100
  libpostproc    58.  1.100 / 58.  1.100
Input #0, concat, from '/home/marco-lasagna/Scaricati/ffmpeg-java/inputFile.txt':
  Duration: N/A, start: 0.000000, bitrate: N/A
  Stream #0:0: Video: mjpeg (Baseline), yuvj420p(pc, bt470bg/unknown/unknown), 4501x4500 [SAR 1:1 DAR 4501:4500], 25 fps, 25 tbr, 25 tbn
Stream mapping:
  Stream #0:0 -> #0:0 (mjpeg (native) -> h264 (libx264))
Press [q] to stop, [?] for help
[swscaler @ 0x7ec870016b00] deprecated pixel format used, make sure you did set range correctly
    Last message repeated 1 times
[swscaler @ 0x7ec870b407c0] deprecated pixel format used, make sure you did set range correctly
    Last message repeated 1 times
[vost#0:0/libx264 @ 0x64bd159c4600] No information about the input framerate is available. Falling back to a default value of 25fps. Use the -r option if you want a different framerate.
[libx264 @ 0x64bd159ba9c0] using SAR=2048/4095
[libx264 @ 0x64bd159ba9c0] using cpu capabilities: MMX2 SSE2Fast SSSE3 SSE4.2 AVX FMA3 BMI2 AVX2
[libx264 @ 0x64bd159ba9c0] profile High, level 4.0, 4:2:0, 8-bit
[libx264 @ 0x64bd159ba9c0] 264 - core 164 r3108 31e19f9 - H.264/MPEG-4 AVC codec - Copyleft 2003-2023 - http://www.videolan.org/x264.html - options: cabac=1 ref=3 deblock=1:0:0 analyse=0x3:0x113 me=hex subme=7 psy=1 psy_rd=1.00:0.00 mixed_ref=1 me_range=16 chroma_me=1 trellis=1 8x8dct=1 cqm=0 deadzone=21,11 fast_pskip=1 chroma_qp_offset=-2 threads=30 lookahead_threads=5 sliced_threads=0 nr=0 decimate=1 interlaced=0 bluray_compat=0 constrained_intra=0 bframes=3 b_pyramid=2 b_adapt=1 b_bias=0 direct=1 weightb=1 open_gop=0 weightp=2 keyint=250 keyint_min=25 scenecut=40 intra_refresh=0 rc_lookahead=40 rc=crf mbtree=1 crf=23.0 qcomp=0.60 qpmin=0 qpmax=69 qpstep=4 ip_ratio=1.40 aq=1:1.00
Output #0, mp4, to './src/test/resources/output/translation/tempVideo/050.mp4':
  Metadata:
    encoder         : Lavf61.1.100
  Stream #0:0: Video: h264 (avc1 / 0x31637661), yuvj420p(pc, progressive), 2048x1024 [SAR 4501:9000 DAR 4501:4500], q=2-31, 25 fps, 12800 tbn
      Metadata:
        encoder         : Lavc61.3.100 libx264
      Side data:
        cpb: bitrate max/min/avg: 0/0/0 buffer size: 0 vbv_delay: N/A
[out#0/mp4 @ 0x64bd159c2380] video:32KiB audio:0KiB subtitle:0KiB other streams:0KiB global headers:0KiB muxing overhead: 2.929513%
frame=    6 fps=0.0 q=-1.0 Lsize=      33KiB time=00:00:00.16 bitrate=1674.2kbits/s dup=0 drop=19 speed=0.679x    
[libx264 @ 0x64bd159ba9c0] frame I:1     Avg QP:18.60  size: 30011
[libx264 @ 0x64bd159ba9c0] frame P:2     Avg QP:20.27  size:   503
[libx264 @ 0x64bd159ba9c0] frame B:3     Avg QP:14.99  size:   275
[libx264 @ 0x64bd159ba9c0] consecutive B-frames: 33.3%  0.0%  0.0% 66.7%
[libx264 @ 0x64bd159ba9c0] mb I  I16..4: 17.0% 72.7% 10.3%
[libx264 @ 0x64bd159ba9c0] mb P  I16..4:  0.1%  0.1%  0.0%  P16..4:  0.9%  0.2%  0.0%  0.0%  0.0%    skip:98.7%
[libx264 @ 0x64bd159ba9c0] mb B  I16..4:  0.0%  0.0%  0.0%  B16..8:  1.0%  0.1%  0.0%  direct: 0.0%  skip:98.8%  L0:60.6% L1:35.0% BI: 4.4%
[libx264 @ 0x64bd159ba9c0] 8x8 transform intra:72.5% inter:27.6%
[libx264 @ 0x64bd159ba9c0] coded y,uvDC,uvAC intra: 5.9% 10.1% 9.1% inter: 0.1% 0.0% 0.0%
[libx264 @ 0x64bd159ba9c0] i16 v,h,dc,p: 82% 17%  1%  0%
[libx264 @ 0x64bd159ba9c0] i8 v,h,dc,ddl,ddr,vr,hd,vl,hu: 45%  6% 48%  0%  0%  0%  0%  0%  0%
[libx264 @ 0x64bd159ba9c0] i4 v,h,dc,ddl,ddr,vr,hd,vl,hu: 40% 30%  9%  4%  2%  2%  4%  4%  5%
[libx264 @ 0x64bd159ba9c0] i8c dc,h,v,p: 82%  9%  8%  1%
[libx264 @ 0x64bd159ba9c0] Weighted P-Frames: Y:0.0% UV:0.0%
[libx264 @ 0x64bd159ba9c0] ref P L0: 92.7%  0.0%  2.8%  4.5%
[libx264 @ 0x64bd159ba9c0] ref B L0: 93.4%  6.6%
[libx264 @ 0x64bd159ba9c0] ref B L1: 93.6%  6.4%
[libx264 @ 0x64bd159ba9c0] kb/s:1061.37
ffmpeg version 7.0.2-3ubuntu1 Copyright (c) 2000-2024 the FFmpeg developers
  built with gcc 14 (Ubuntu 14.2.0-2ubuntu1)
  configuration: --prefix=/usr --extra-version=3ubuntu1 --toolchain=hardened --libdir=/usr/lib/x86_64-linux-gnu --incdir=/usr/include/x86_64-linux-gnu --arch=amd64 --enable-gpl --disable-stripping --disable-libmfx --disable-omx --enable-gnutls --enable-libaom --enable-libass --enable-libbs2b --enable-libcdio --enable-libcodec2 --enable-libdav1d --enable-libflite --enable-libfontconfig --enable-libfreetype --enable-libfribidi --enable-libglslang --enable-libgme --enable-libgsm --enable-libharfbuzz --enable-libmp3lame --enable-libmysofa --enable-libopenjpeg --enable-libopenmpt --enable-libopus --enable-librubberband --enable-libshine --enable-libsnappy --enable-libsoxr --enable-libspeex --enable-libtheora --enable-libtwolame --enable-libvidstab --enable-libvorbis --enable-libvpx --enable-libwebp --enable-libx265 --enable-libxml2 --enable-libxvid --enable-libzimg --enable-openal --enable-opencl --enable-opengl --disable-sndio --enable-libvpl --enable-libdc1394 --enable-libdrm --enable-libiec61883 --enable-chromaprint --enable-frei0r --enable-ladspa --enable-libbluray --enable-libcaca --enable-libdvdnav --enable-libdvdread --enable-libjack --enable-libpulse --enable-librabbitmq --enable-librist --enable-libsrt --enable-libssh --enable-libsvtav1 --enable-libx264 --enable-libzmq --enable-libzvbi --enable-lv2 --enable-sdl2 --enable-libplacebo --enable-librav1e --enable-pocketsphinx --enable-librsvg --enable-libjxl --enable-shared
  libavutil      59.  8.100 / 59.  8.100
  libavcodec     61.  3.100 / 61.  3.100
  libavformat    61.  1.100 / 61.  1.100
  libavdevice    61.  1.100 / 61.  1.100
  libavfilter    10.  1.100 / 10.  1.100
  libswscale      8.  1.100 /  8.  1.100
  libswresample   5.  1.100 /  5.  1.100
  libpostproc    58.  1.100 / 58.  1.100
Input #0, concat, from '/home/marco-lasagna/Scaricati/ffmpeg-java/inputFile.txt':
  Duration: N/A, start: 0.000000, bitrate: N/A
  Stream #0:0: Video: mjpeg (Baseline), yuvj420p(pc, bt470bg/unknown/unknown), 4501x4500 [SAR 1:1 DAR 4501:4500], 25 fps, 25 tbr, 25 tbn
Stream mapping:
  Stream #0:0 -> #0:0 (mjpeg (native) -> h264 (libx264))
Press [q] to stop, [?] for help
[swscaler @ 0x708bb8016b00] deprecated pixel format used, make sure you did set range correctly
    Last message repeated 1 times
[swscaler @ 0x708bb8b407c0] deprecated pixel format used, make sure you did set range correctly
    Last message repeated 1 times
[vost#0:0/libx264 @ 0x622498e3d600] No information about the input framerate is available. Falling back to a default value of 25fps. Use the -r option if you want a different framerate.
[libx264 @ 0x622498e339c0] using SAR=2048/4095
[libx264 @ 0x622498e339c0] using cpu capabilities: MMX2 SSE2Fast SSSE3 SSE4.2 AVX FMA3 BMI2 AVX2
[libx264 @ 0x622498e339c0] profile High, level 4.0, 4:2:0, 8-bit
[libx264 @ 0x622498e339c0] 264 - core 164 r3108 31e19f9 - H.264/MPEG-4 AVC codec - Copyleft 2003-2023 - http://www.videolan.org/x264.html - options: cabac=1 ref=3 deblock=1:0:0 analyse=0x3:0x113 me=hex subme=7 psy=1 psy_rd=1.00:0.00 mixed_ref=1 me_range=16 chroma_me=1 trellis=1 8x8dct=1 cqm=0 deadzone=21,11 fast_pskip=1 chroma_qp_offset=-2 threads=30 lookahead_threads=5 sliced_threads=0 nr=0 decimate=1 interlaced=0 bluray_compat=0 constrained_intra=0 bframes=3 b_pyramid=2 b_adapt=1 b_bias=0 direct=1 weightb=1 open_gop=0 weightp=2 keyint=250 keyint_min=25 scenecut=40 intra_refresh=0 rc_lookahead=40 rc=crf mbtree=1 crf=23.0 qcomp=0.60 qpmin=0 qpmax=69 qpstep=4 ip_ratio=1.40 aq=1:1.00
Output #0, mp4, to './src/test/resources/output/translation/tempVideo/060.mp4':
  Metadata:
    encoder         : Lavf61.1.100
  Stream #0:0: Video: h264 (avc1 / 0x31637661), yuvj420p(pc, progressive), 2048x1024 [SAR 4501:9000 DAR 4501:4500], q=2-31, 25 fps, 12800 tbn
      Metadata:
        encoder         : Lavc61.3.100 libx264
      Side data:
        cpb: bitrate max/min/avg: 0/0/0 buffer size: 0 vbv_delay: N/A
[out#0/mp4 @ 0x622498e3b380] video:32KiB audio:0KiB subtitle:0KiB other streams:0KiB global headers:0KiB muxing overhead: 2.918657%
frame=    6 fps=0.0 q=-1.0 Lsize=      33KiB time=00:00:00.16 bitrate=1680.2kbits/s dup=0 drop=19 speed=0.662x    
[libx264 @ 0x622498e339c0] frame I:1     Avg QP:18.37  size: 29979
[libx264 @ 0x622498e339c0] frame P:2     Avg QP:18.41  size:   546
[libx264 @ 0x622498e339c0] frame B:3     Avg QP:26.52  size:   297
[libx264 @ 0x622498e339c0] consecutive B-frames: 33.3%  0.0%  0.0% 66.7%
[libx264 @ 0x622498e339c0] mb I  I16..4: 25.6% 64.2% 10.2%
[libx264 @ 0x622498e339c0] mb P  I16..4:  0.1%  0.1%  0.0%  P16..4:  0.5%  0.1%  0.1%  0.0%  0.0%    skip:99.0%
[libx264 @ 0x622498e339c0] mb B  I16..4:  0.0%  0.1%  0.0%  B16..8:  1.3%  0.0%  0.0%  direct: 0.1%  skip:98.5%  L0:23.6% L1:73.9% BI: 2.6%
[libx264 @ 0x622498e339c0] 8x8 transform intra:64.2% inter:20.8%
[libx264 @ 0x622498e339c0] coded y,uvDC,uvAC intra: 5.9% 10.2% 9.1% inter: 0.1% 0.0% 0.0%
[libx264 @ 0x622498e339c0] i16 v,h,dc,p: 87% 12%  1%  0%
[libx264 @ 0x622498e339c0] i8 v,h,dc,ddl,ddr,vr,hd,vl,hu: 48%  5% 47%  0%  0%  0%  0%  0%  0%
[libx264 @ 0x622498e339c0] i4 v,h,dc,ddl,ddr,vr,hd,vl,hu: 39% 30%  9%  4%  2%  2%  4%  4%  5%
[libx264 @ 0x622498e339c0] i8c dc,h,v,p: 82%  9%  8%  1%
[libx264 @ 0x622498e339c0] Weighted P-Frames: Y:0.0% UV:0.0%
[libx264 @ 0x622498e339c0] ref P L0: 95.8%  1.2%  0.8%  2.2%
[libx264 @ 0x622498e339c0] ref B L0: 93.1%  6.9%
[libx264 @ 0x622498e339c0] ref B L1: 95.9%  4.1%
[libx264 @ 0x622498e339c0] kb/s:1065.40
ffmpeg version 7.0.2-3ubuntu1 Copyright (c) 2000-2024 the FFmpeg developers
  built with gcc 14 (Ubuntu 14.2.0-2ubuntu1)
  configuration: --prefix=/usr --extra-version=3ubuntu1 --toolchain=hardened --libdir=/usr/lib/x86_64-linux-gnu --incdir=/usr/include/x86_64-linux-gnu --arch=amd64 --enable-gpl --disable-stripping --disable-libmfx --disable-omx --enable-gnutls --enable-libaom --enable-libass --enable-libbs2b --enable-libcdio --enable-libcodec2 --enable-libdav1d --enable-libflite --enable-libfontconfig --enable-libfreetype --enable-libfribidi --enable-libglslang --enable-libgme --enable-libgsm --enable-libharfbuzz --enable-libmp3lame --enable-libmysofa --enable-libopenjpeg --enable-libopenmpt --enable-libopus --enable-librubberband --enable-libshine --enable-libsnappy --enable-libsoxr --enable-libspeex --enable-libtheora --enable-libtwolame --enable-libvidstab --enable-libvorbis --enable-libvpx --enable-libwebp --enable-libx265 --enable-libxml2 --enable-libxvid --enable-libzimg --enable-openal --enable-opencl --enable-opengl --disable-sndio --enable-libvpl --enable-libdc1394 --enable-libdrm --enable-libiec61883 --enable-chromaprint --enable-frei0r --enable-ladspa --enable-libbluray --enable-libcaca --enable-libdvdnav --enable-libdvdread --enable-libjack --enable-libpulse --enable-librabbitmq --enable-librist --enable-libsrt --enable-libssh --enable-libsvtav1 --enable-libx264 --enable-libzmq --enable-libzvbi --enable-lv2 --enable-sdl2 --enable-libplacebo --enable-librav1e --enable-pocketsphinx --enable-librsvg --enable-libjxl --enable-shared
  libavutil      59.  8.100 / 59.  8.100
  libavcodec     61.  3.100 / 61.  3.100
  libavformat    61.  1.100 / 61.  1.100
  libavdevice    61.  1.100 / 61.  1.100
  libavfilter    10.  1.100 / 10.  1.100
  libswscale      8.  1.100 /  8.  1.100
  libswresample   5.  1.100 /  5.  1.100
  libpostproc    58.  1.100 / 58.  1.100
Input #0, concat, from '/home/marco-lasagna/Scaricati/ffmpeg-java/inputFile.txt':
  Duration: N/A, start: 0.000000, bitrate: N/A
  Stream #0:0: Video: mjpeg (Baseline), yuvj420p(pc, bt470bg/unknown/unknown), 4501x4500 [SAR 1:1 DAR 4501:4500], 25 fps, 25 tbr, 25 tbn
Stream mapping:
  Stream #0:0 -> #0:0 (mjpeg (native) -> h264 (libx264))
Press [q] to stop, [?] for help
[swscaler @ 0x709ac4016b00] deprecated pixel format used, make sure you did set range correctly
    Last message repeated 1 times
[swscaler @ 0x709ac4b407c0] deprecated pixel format used, make sure you did set range correctly
    Last message repeated 1 times
[vost#0:0/libx264 @ 0x6260af677600] No information about the input framerate is available. Falling back to a default value of 25fps. Use the -r option if you want a different framerate.
[libx264 @ 0x6260af66d9c0] using SAR=2048/4095
[libx264 @ 0x6260af66d9c0] using cpu capabilities: MMX2 SSE2Fast SSSE3 SSE4.2 AVX FMA3 BMI2 AVX2
[libx264 @ 0x6260af66d9c0] profile High, level 4.0, 4:2:0, 8-bit
[libx264 @ 0x6260af66d9c0] 264 - core 164 r3108 31e19f9 - H.264/MPEG-4 AVC codec - Copyleft 2003-2023 - http://www.videolan.org/x264.html - options: cabac=1 ref=3 deblock=1:0:0 analyse=0x3:0x113 me=hex subme=7 psy=1 psy_rd=1.00:0.00 mixed_ref=1 me_range=16 chroma_me=1 trellis=1 8x8dct=1 cqm=0 deadzone=21,11 fast_pskip=1 chroma_qp_offset=-2 threads=30 lookahead_threads=5 sliced_threads=0 nr=0 decimate=1 interlaced=0 bluray_compat=0 constrained_intra=0 bframes=3 b_pyramid=2 b_adapt=1 b_bias=0 direct=1 weightb=1 open_gop=0 weightp=2 keyint=250 keyint_min=25 scenecut=40 intra_refresh=0 rc_lookahead=40 rc=crf mbtree=1 crf=23.0 qcomp=0.60 qpmin=0 qpmax=69 qpstep=4 ip_ratio=1.40 aq=1:1.00
Output #0, mp4, to './src/test/resources/output/translation/tempVideo/070.mp4':
  Metadata:
    encoder         : Lavf61.1.100
  Stream #0:0: Video: h264 (avc1 / 0x31637661), yuvj420p(pc, progressive), 2048x1024 [SAR 4501:9000 DAR 4501:4500], q=2-31, 25 fps, 12800 tbn
      Metadata:
        encoder         : Lavc61.3.100 libx264
      Side data:
        cpb: bitrate max/min/avg: 0/0/0 buffer size: 0 vbv_delay: N/A
[out#0/mp4 @ 0x6260af675380] video:32KiB audio:0KiB subtitle:0KiB other streams:0KiB global headers:0KiB muxing overhead: 2.907261%
frame=    6 fps=0.0 q=-1.0 Lsize=      33KiB time=00:00:00.16 bitrate=1686.7kbits/s dup=0 drop=19 speed=0.674x    
[libx264 @ 0x6260af66d9c0] frame I:1     Avg QP:18.46  size: 30173
[libx264 @ 0x6260af66d9c0] frame P:2     Avg QP:19.86  size:   534
[libx264 @ 0x6260af66d9c0] frame B:3     Avg QP:26.41  size:   283
[libx264 @ 0x6260af66d9c0] consecutive B-frames: 33.3%  0.0%  0.0% 66.7%
[libx264 @ 0x6260af66d9c0] mb I  I16..4: 17.2% 72.6% 10.2%
[libx264 @ 0x6260af66d9c0] mb P  I16..4:  0.1%  0.1%  0.0%  P16..4:  0.4%  0.2%  0.1%  0.0%  0.0%    skip:99.1%
[libx264 @ 0x6260af66d9c0] mb B  I16..4:  0.0%  0.0%  0.0%  B16..8:  1.0%  0.1%  0.0%  direct: 0.0%  skip:98.8%  L0:31.3% L1:66.2% BI: 2.5%
[libx264 @ 0x6260af66d9c0] 8x8 transform intra:72.4% inter:16.2%
[libx264 @ 0x6260af66d9c0] coded y,uvDC,uvAC intra: 5.9% 10.1% 9.1% inter: 0.1% 0.0% 0.0%
[libx264 @ 0x6260af66d9c0] i16 v,h,dc,p: 82% 17%  1%  0%
[libx264 @ 0x6260af66d9c0] i8 v,h,dc,ddl,ddr,vr,hd,vl,hu: 44%  7% 49%  0%  0%  0%  0%  0%  0%
[libx264 @ 0x6260af66d9c0] i4 v,h,dc,ddl,ddr,vr,hd,vl,hu: 39% 30%  9%  4%  2%  2%  4%  4%  5%
[libx264 @ 0x6260af66d9c0] i8c dc,h,v,p: 82%  9%  8%  1%
[libx264 @ 0x6260af66d9c0] Weighted P-Frames: Y:0.0% UV:0.0%
[libx264 @ 0x6260af66d9c0] ref P L0: 94.7%  0.4%  1.8%  3.1%
[libx264 @ 0x6260af66d9c0] ref B L0: 89.5% 10.5%
[libx264 @ 0x6260af66d9c0] ref B L1: 93.3%  6.7%
[libx264 @ 0x6260af66d9c0] kb/s:1069.67
ffmpeg version 7.0.2-3ubuntu1 Copyright (c) 2000-2024 the FFmpeg developers
  built with gcc 14 (Ubuntu 14.2.0-2ubuntu1)
  configuration: --prefix=/usr --extra-version=3ubuntu1 --toolchain=hardened --libdir=/usr/lib/x86_64-linux-gnu --incdir=/usr/include/x86_64-linux-gnu --arch=amd64 --enable-gpl --disable-stripping --disable-libmfx --disable-omx --enable-gnutls --enable-libaom --enable-libass --enable-libbs2b --enable-libcdio --enable-libcodec2 --enable-libdav1d --enable-libflite --enable-libfontconfig --enable-libfreetype --enable-libfribidi --enable-libglslang --enable-libgme --enable-libgsm --enable-libharfbuzz --enable-libmp3lame --enable-libmysofa --enable-libopenjpeg --enable-libopenmpt --enable-libopus --enable-librubberband --enable-libshine --enable-libsnappy --enable-libsoxr --enable-libspeex --enable-libtheora --enable-libtwolame --enable-libvidstab --enable-libvorbis --enable-libvpx --enable-libwebp --enable-libx265 --enable-libxml2 --enable-libxvid --enable-libzimg --enable-openal --enable-opencl --enable-opengl --disable-sndio --enable-libvpl --enable-libdc1394 --enable-libdrm --enable-libiec61883 --enable-chromaprint --enable-frei0r --enable-ladspa --enable-libbluray --enable-libcaca --enable-libdvdnav --enable-libdvdread --enable-libjack --enable-libpulse --enable-librabbitmq --enable-librist --enable-libsrt --enable-libssh --enable-libsvtav1 --enable-libx264 --enable-libzmq --enable-libzvbi --enable-lv2 --enable-sdl2 --enable-libplacebo --enable-librav1e --enable-pocketsphinx --enable-librsvg --enable-libjxl --enable-shared
  libavutil      59.  8.100 / 59.  8.100
  libavcodec     61.  3.100 / 61.  3.100
  libavformat    61.  1.100 / 61.  1.100
  libavdevice    61.  1.100 / 61.  1.100
  libavfilter    10.  1.100 / 10.  1.100
  libswscale      8.  1.100 /  8.  1.100
  libswresample   5.  1.100 /  5.  1.100
  libpostproc    58.  1.100 / 58.  1.100
Input #0, concat, from '/home/marco-lasagna/Scaricati/ffmpeg-java/inputFile.txt':
  Duration: N/A, start: 0.000000, bitrate: N/A
  Stream #0:0: Video: mjpeg (Baseline), yuvj420p(pc, bt470bg/unknown/unknown), 4501x4500 [SAR 1:1 DAR 4501:4500], 25 fps, 25 tbr, 25 tbn
Stream mapping:
  Stream #0:0 -> #0:0 (mjpeg (native) -> h264 (libx264))
Press [q] to stop, [?] for help
[swscaler @ 0x7a9668016b00] deprecated pixel format used, make sure you did set range correctly
    Last message repeated 1 times
[swscaler @ 0x7a9668b407c0] deprecated pixel format used, make sure you did set range correctly
    Last message repeated 1 times
[vost#0:0/libx264 @ 0x5589596ee600] No information about the input framerate is available. Falling back to a default value of 25fps. Use the -r option if you want a different framerate.
[libx264 @ 0x5589596e49c0] using SAR=2048/4095
[libx264 @ 0x5589596e49c0] using cpu capabilities: MMX2 SSE2Fast SSSE3 SSE4.2 AVX FMA3 BMI2 AVX2
[libx264 @ 0x5589596e49c0] profile High, level 4.0, 4:2:0, 8-bit
[libx264 @ 0x5589596e49c0] 264 - core 164 r3108 31e19f9 - H.264/MPEG-4 AVC codec - Copyleft 2003-2023 - http://www.videolan.org/x264.html - options: cabac=1 ref=3 deblock=1:0:0 analyse=0x3:0x113 me=hex subme=7 psy=1 psy_rd=1.00:0.00 mixed_ref=1 me_range=16 chroma_me=1 trellis=1 8x8dct=1 cqm=0 deadzone=21,11 fast_pskip=1 chroma_qp_offset=-2 threads=30 lookahead_threads=5 sliced_threads=0 nr=0 decimate=1 interlaced=0 bluray_compat=0 constrained_intra=0 bframes=3 b_pyramid=2 b_adapt=1 b_bias=0 direct=1 weightb=1 open_gop=0 weightp=2 keyint=250 keyint_min=25 scenecut=40 intra_refresh=0 rc_lookahead=40 rc=crf mbtree=1 crf=23.0 qcomp=0.60 qpmin=0 qpmax=69 qpstep=4 ip_ratio=1.40 aq=1:1.00
Output #0, mp4, to './src/test/resources/output/translation/tempVideo/080.mp4':
  Metadata:
    encoder         : Lavf61.1.100
  Stream #0:0: Video: h264 (avc1 / 0x31637661), yuvj420p(pc, progressive), 2048x1024 [SAR 4501:9000 DAR 4501:4500], q=2-31, 25 fps, 12800 tbn
      Metadata:
        encoder         : Lavc61.3.100 libx264
      Side data:
        cpb: bitrate max/min/avg: 0/0/0 buffer size: 0 vbv_delay: N/A
[out#0/mp4 @ 0x5589596ec380] video:32KiB audio:0KiB subtitle:0KiB other streams:0KiB global headers:0KiB muxing overhead: 2.884968%
frame=    6 fps=0.0 q=-1.0 Lsize=      33KiB time=00:00:00.16 bitrate=1685.0kbits/s dup=0 drop=19 speed=0.668x    
[libx264 @ 0x5589596e49c0] frame I:1     Avg QP:18.27  size: 30208
[libx264 @ 0x5589596e49c0] frame P:2     Avg QP:18.76  size:   541
[libx264 @ 0x5589596e49c0] frame B:3     Avg QP:27.04  size:   259
[libx264 @ 0x5589596e49c0] consecutive B-frames: 16.7% 33.3% 50.0%  0.0%
[libx264 @ 0x5589596e49c0] mb I  I16..4: 25.0% 64.8% 10.3%
[libx264 @ 0x5589596e49c0] mb P  I16..4:  0.1%  0.1%  0.0%  P16..4:  1.0%  0.2%  0.1%  0.0%  0.0%    skip:98.6%
[libx264 @ 0x5589596e49c0] mb B  I16..4:  0.0%  0.0%  0.0%  B16..8:  1.2%  0.0%  0.0%  direct: 0.1%  skip:98.6%  L0:52.4% L1:45.6% BI: 2.0%
[libx264 @ 0x5589596e49c0] 8x8 transform intra:64.7% inter:26.0%
[libx264 @ 0x5589596e49c0] coded y,uvDC,uvAC intra: 5.9% 10.1% 9.1% inter: 0.1% 0.0% 0.0%
[libx264 @ 0x5589596e49c0] i16 v,h,dc,p: 88% 12%  1%  0%
[libx264 @ 0x5589596e49c0] i8 v,h,dc,ddl,ddr,vr,hd,vl,hu: 61%  6% 32%  0%  0%  0%  0%  0%  0%
[libx264 @ 0x5589596e49c0] i4 v,h,dc,ddl,ddr,vr,hd,vl,hu: 40% 29%  9%  4%  2%  2%  4%  4%  5%
[libx264 @ 0x5589596e49c0] i8c dc,h,v,p: 82%  9%  8%  1%
[libx264 @ 0x5589596e49c0] Weighted P-Frames: Y:0.0% UV:0.0%
[libx264 @ 0x5589596e49c0] ref P L0: 93.0%  1.3%  4.2%  1.4%
[libx264 @ 0x5589596e49c0] ref B L0: 48.5% 51.5%
[libx264 @ 0x5589596e49c0] kb/s:1068.87
ffmpeg version 7.0.2-3ubuntu1 Copyright (c) 2000-2024 the FFmpeg developers
  built with gcc 14 (Ubuntu 14.2.0-2ubuntu1)
  configuration: --prefix=/usr --extra-version=3ubuntu1 --toolchain=hardened --libdir=/usr/lib/x86_64-linux-gnu --incdir=/usr/include/x86_64-linux-gnu --arch=amd64 --enable-gpl --disable-stripping --disable-libmfx --disable-omx --enable-gnutls --enable-libaom --enable-libass --enable-libbs2b --enable-libcdio --enable-libcodec2 --enable-libdav1d --enable-libflite --enable-libfontconfig --enable-libfreetype --enable-libfribidi --enable-libglslang --enable-libgme --enable-libgsm --enable-libharfbuzz --enable-libmp3lame --enable-libmysofa --enable-libopenjpeg --enable-libopenmpt --enable-libopus --enable-librubberband --enable-libshine --enable-libsnappy --enable-libsoxr --enable-libspeex --enable-libtheora --enable-libtwolame --enable-libvidstab --enable-libvorbis --enable-libvpx --enable-libwebp --enable-libx265 --enable-libxml2 --enable-libxvid --enable-libzimg --enable-openal --enable-opencl --enable-opengl --disable-sndio --enable-libvpl --enable-libdc1394 --enable-libdrm --enable-libiec61883 --enable-chromaprint --enable-frei0r --enable-ladspa --enable-libbluray --enable-libcaca --enable-libdvdnav --enable-libdvdread --enable-libjack --enable-libpulse --enable-librabbitmq --enable-librist --enable-libsrt --enable-libssh --enable-libsvtav1 --enable-libx264 --enable-libzmq --enable-libzvbi --enable-lv2 --enable-sdl2 --enable-libplacebo --enable-librav1e --enable-pocketsphinx --enable-librsvg --enable-libjxl --enable-shared
  libavutil      59.  8.100 / 59.  8.100
  libavcodec     61.  3.100 / 61.  3.100
  libavformat    61.  1.100 / 61.  1.100
  libavdevice    61.  1.100 / 61.  1.100
  libavfilter    10.  1.100 / 10.  1.100
  libswscale      8.  1.100 /  8.  1.100
  libswresample   5.  1.100 /  5.  1.100
  libpostproc    58.  1.100 / 58.  1.100
Input #0, concat, from '/home/marco-lasagna/Scaricati/ffmpeg-java/inputFile.txt':
  Duration: N/A, start: 0.000000, bitrate: N/A
  Stream #0:0: Video: mjpeg (Baseline), yuvj420p(pc, bt470bg/unknown/unknown), 4501x4500 [SAR 1:1 DAR 4501:4500], 25 fps, 25 tbr, 25 tbn
Stream mapping:
  Stream #0:0 -> #0:0 (mjpeg (native) -> h264 (libx264))
Press [q] to stop, [?] for help
[swscaler @ 0x7f7374016b00] deprecated pixel format used, make sure you did set range correctly
    Last message repeated 1 times
[swscaler @ 0x7f7374b407c0] deprecated pixel format used, make sure you did set range correctly
    Last message repeated 1 times
[vost#0:0/libx264 @ 0x5fd3d3bd5600] No information about the input framerate is available. Falling back to a default value of 25fps. Use the -r option if you want a different framerate.
[libx264 @ 0x5fd3d3bcb9c0] using SAR=2048/4095
[libx264 @ 0x5fd3d3bcb9c0] using cpu capabilities: MMX2 SSE2Fast SSSE3 SSE4.2 AVX FMA3 BMI2 AVX2
[libx264 @ 0x5fd3d3bcb9c0] profile High, level 4.0, 4:2:0, 8-bit
[libx264 @ 0x5fd3d3bcb9c0] 264 - core 164 r3108 31e19f9 - H.264/MPEG-4 AVC codec - Copyleft 2003-2023 - http://www.videolan.org/x264.html - options: cabac=1 ref=3 deblock=1:0:0 analyse=0x3:0x113 me=hex subme=7 psy=1 psy_rd=1.00:0.00 mixed_ref=1 me_range=16 chroma_me=1 trellis=1 8x8dct=1 cqm=0 deadzone=21,11 fast_pskip=1 chroma_qp_offset=-2 threads=30 lookahead_threads=5 sliced_threads=0 nr=0 decimate=1 interlaced=0 bluray_compat=0 constrained_intra=0 bframes=3 b_pyramid=2 b_adapt=1 b_bias=0 direct=1 weightb=1 open_gop=0 weightp=2 keyint=250 keyint_min=25 scenecut=40 intra_refresh=0 rc_lookahead=40 rc=crf mbtree=1 crf=23.0 qcomp=0.60 qpmin=0 qpmax=69 qpstep=4 ip_ratio=1.40 aq=1:1.00
Output #0, mp4, to './src/test/resources/output/translation/tempVideo/090.mp4':
  Metadata:
    encoder         : Lavf61.1.100
  Stream #0:0: Video: h264 (avc1 / 0x31637661), yuvj420p(pc, progressive), 2048x1024 [SAR 4501:9000 DAR 4501:4500], q=2-31, 25 fps, 12800 tbn
      Metadata:
        encoder         : Lavc61.3.100 libx264
      Side data:
        cpb: bitrate max/min/avg: 0/0/0 buffer size: 0 vbv_delay: N/A
[out#0/mp4 @ 0x5fd3d3bd3380] video:32KiB audio:0KiB subtitle:0KiB other streams:0KiB global headers:0KiB muxing overhead: 2.906551%
frame=    6 fps=0.0 q=-1.0 Lsize=      33KiB time=00:00:00.16 bitrate=1687.0kbits/s dup=0 drop=19 speed=0.66x    
[libx264 @ 0x5fd3d3bcb9c0] frame I:1     Avg QP:18.47  size: 30195
[libx264 @ 0x5fd3d3bcb9c0] frame P:2     Avg QP:19.32  size:   519
[libx264 @ 0x5fd3d3bcb9c0] frame B:3     Avg QP:33.85  size:   288
[libx264 @ 0x5fd3d3bcb9c0] consecutive B-frames: 33.3%  0.0%  0.0% 66.7%
[libx264 @ 0x5fd3d3bcb9c0] mb I  I16..4: 25.9% 63.9% 10.2%
[libx264 @ 0x5fd3d3bcb9c0] mb P  I16..4:  0.1%  0.1%  0.0%  P16..4:  1.0%  0.2%  0.0%  0.0%  0.0%    skip:98.6%
[libx264 @ 0x5fd3d3bcb9c0] mb B  I16..4:  0.0%  0.1%  0.0%  B16..8:  1.1%  0.1%  0.0%  direct: 0.1%  skip:98.7%  L0:42.4% L1:56.5% BI: 1.0%
[libx264 @ 0x5fd3d3bcb9c0] 8x8 transform intra:63.9% inter:35.5%
[libx264 @ 0x5fd3d3bcb9c0] coded y,uvDC,uvAC intra: 5.9% 10.2% 9.1% inter: 0.1% 0.0% 0.0%
[libx264 @ 0x5fd3d3bcb9c0] i16 v,h,dc,p: 88% 11%  1%  0%
[libx264 @ 0x5fd3d3bcb9c0] i8 v,h,dc,ddl,ddr,vr,hd,vl,hu: 45%  5% 50%  0%  0%  0%  0%  0%  0%
[libx264 @ 0x5fd3d3bcb9c0] i4 v,h,dc,ddl,ddr,vr,hd,vl,hu: 39% 29% 10%  4%  2%  2%  4%  4%  5%
[libx264 @ 0x5fd3d3bcb9c0] i8c dc,h,v,p: 82%  9%  8%  1%
[libx264 @ 0x5fd3d3bcb9c0] Weighted P-Frames: Y:0.0% UV:0.0%
[libx264 @ 0x5fd3d3bcb9c0] ref P L0: 96.3%  1.0%  1.1%  1.6%
[libx264 @ 0x5fd3d3bcb9c0] ref B L0: 94.6%  5.4%
[libx264 @ 0x5fd3d3bcb9c0] ref B L1: 96.5%  3.5%
[libx264 @ 0x5fd3d3bcb9c0] kb/s:1069.93
ffmpeg version 7.0.2-3ubuntu1 Copyright (c) 2000-2024 the FFmpeg developers
  built with gcc 14 (Ubuntu 14.2.0-2ubuntu1)
  configuration: --prefix=/usr --extra-version=3ubuntu1 --toolchain=hardened --libdir=/usr/lib/x86_64-linux-gnu --incdir=/usr/include/x86_64-linux-gnu --arch=amd64 --enable-gpl --disable-stripping --disable-libmfx --disable-omx --enable-gnutls --enable-libaom --enable-libass --enable-libbs2b --enable-libcdio --enable-libcodec2 --enable-libdav1d --enable-libflite --enable-libfontconfig --enable-libfreetype --enable-libfribidi --enable-libglslang --enable-libgme --enable-libgsm --enable-libharfbuzz --enable-libmp3lame --enable-libmysofa --enable-libopenjpeg --enable-libopenmpt --enable-libopus --enable-librubberband --enable-libshine --enable-libsnappy --enable-libsoxr --enable-libspeex --enable-libtheora --enable-libtwolame --enable-libvidstab --enable-libvorbis --enable-libvpx --enable-libwebp --enable-libx265 --enable-libxml2 --enable-libxvid --enable-libzimg --enable-openal --enable-opencl --enable-opengl --disable-sndio --enable-libvpl --enable-libdc1394 --enable-libdrm --enable-libiec61883 --enable-chromaprint --enable-frei0r --enable-ladspa --enable-libbluray --enable-libcaca --enable-libdvdnav --enable-libdvdread --enable-libjack --enable-libpulse --enable-librabbitmq --enable-librist --enable-libsrt --enable-libssh --enable-libsvtav1 --enable-libx264 --enable-libzmq --enable-libzvbi --enable-lv2 --enable-sdl2 --enable-libplacebo --enable-librav1e --enable-pocketsphinx --enable-librsvg --enable-libjxl --enable-shared
  libavutil      59.  8.100 / 59.  8.100
  libavcodec     61.  3.100 / 61.  3.100
  libavformat    61.  1.100 / 61.  1.100
  libavdevice    61.  1.100 / 61.  1.100
  libavfilter    10.  1.100 / 10.  1.100
  libswscale      8.  1.100 /  8.  1.100
  libswresample   5.  1.100 /  5.  1.100
  libpostproc    58.  1.100 / 58.  1.100
Input #0, concat, from '/home/marco-lasagna/Scaricati/ffmpeg-java/inputFile.txt':
  Duration: N/A, start: 0.000000, bitrate: N/A
  Stream #0:0: Video: mjpeg (Baseline), yuvj420p(pc, bt470bg/unknown/unknown), 4501x4500 [SAR 1:1 DAR 4501:4500], 25 fps, 25 tbr, 25 tbn
Stream mapping:
  Stream #0:0 -> #0:0 (mjpeg (native) -> h264 (libx264))
Press [q] to stop, [?] for help
[swscaler @ 0x7e317c016b00] deprecated pixel format used, make sure you did set range correctly
    Last message repeated 1 times
[swscaler @ 0x7e317cb407c0] deprecated pixel format used, make sure you did set range correctly
    Last message repeated 1 times
[vost#0:0/libx264 @ 0x616caf3bd600] No information about the input framerate is available. Falling back to a default value of 25fps. Use the -r option if you want a different framerate.
[libx264 @ 0x616caf3b39c0] using SAR=2048/4095
[libx264 @ 0x616caf3b39c0] using cpu capabilities: MMX2 SSE2Fast SSSE3 SSE4.2 AVX FMA3 BMI2 AVX2
[libx264 @ 0x616caf3b39c0] profile High, level 4.0, 4:2:0, 8-bit
[libx264 @ 0x616caf3b39c0] 264 - core 164 r3108 31e19f9 - H.264/MPEG-4 AVC codec - Copyleft 2003-2023 - http://www.videolan.org/x264.html - options: cabac=1 ref=3 deblock=1:0:0 analyse=0x3:0x113 me=hex subme=7 psy=1 psy_rd=1.00:0.00 mixed_ref=1 me_range=16 chroma_me=1 trellis=1 8x8dct=1 cqm=0 deadzone=21,11 fast_pskip=1 chroma_qp_offset=-2 threads=30 lookahead_threads=5 sliced_threads=0 nr=0 decimate=1 interlaced=0 bluray_compat=0 constrained_intra=0 bframes=3 b_pyramid=2 b_adapt=1 b_bias=0 direct=1 weightb=1 open_gop=0 weightp=2 keyint=250 keyint_min=25 scenecut=40 intra_refresh=0 rc_lookahead=40 rc=crf mbtree=1 crf=23.0 qcomp=0.60 qpmin=0 qpmax=69 qpstep=4 ip_ratio=1.40 aq=1:1.00
Output #0, mp4, to './src/test/resources/output/translation/tempVideo/100.mp4':
  Metadata:
    encoder         : Lavf61.1.100
  Stream #0:0: Video: h264 (avc1 / 0x31637661), yuvj420p(pc, progressive), 2048x1024 [SAR 4501:9000 DAR 4501:4500], q=2-31, 25 fps, 12800 tbn
      Metadata:
        encoder         : Lavc61.3.100 libx264
      Side data:
        cpb: bitrate max/min/avg: 0/0/0 buffer size: 0 vbv_delay: N/A
[out#0/mp4 @ 0x616caf3bb380] video:32KiB audio:0KiB subtitle:0KiB other streams:0KiB global headers:0KiB muxing overhead: 2.885937%
frame=    6 fps=0.0 q=-1.0 Lsize=      33KiB time=00:00:00.16 bitrate=1684.5kbits/s dup=0 drop=19 speed=0.65x    
[libx264 @ 0x616caf3b39c0] frame I:1     Avg QP:18.41  size: 30186
[libx264 @ 0x616caf3b39c0] frame P:2     Avg QP:18.68  size:   532
[libx264 @ 0x616caf3b39c0] frame B:3     Avg QP:27.33  size:   268
[libx264 @ 0x616caf3b39c0] consecutive B-frames: 16.7% 33.3% 50.0%  0.0%
[libx264 @ 0x616caf3b39c0] mb I  I16..4: 25.4% 64.4% 10.2%
[libx264 @ 0x616caf3b39c0] mb P  I16..4:  0.1%  0.0%  0.0%  P16..4:  1.4%  0.2%  0.2%  0.0%  0.0%    skip:98.1%
[libx264 @ 0x616caf3b39c0] mb B  I16..4:  0.0%  0.0%  0.0%  B16..8:  1.2%  0.1%  0.0%  direct: 0.1%  skip:98.6%  L0:47.9% L1:48.8% BI: 3.3%
[libx264 @ 0x616caf3b39c0] 8x8 transform intra:64.3% inter:35.2%
[libx264 @ 0x616caf3b39c0] coded y,uvDC,uvAC intra: 6.0% 10.1% 9.1% inter: 0.1% 0.0% 0.0%
[libx264 @ 0x616caf3b39c0] i16 v,h,dc,p: 88% 12%  1%  0%
[libx264 @ 0x616caf3b39c0] i8 v,h,dc,ddl,ddr,vr,hd,vl,hu: 61%  6% 32%  0%  0%  0%  0%  0%  0%
[libx264 @ 0x616caf3b39c0] i4 v,h,dc,ddl,ddr,vr,hd,vl,hu: 40% 29% 10%  4%  2%  2%  4%  4%  5%
[libx264 @ 0x616caf3b39c0] i8c dc,h,v,p: 82%  9%  8%  1%
[libx264 @ 0x616caf3b39c0] Weighted P-Frames: Y:0.0% UV:0.0%
[libx264 @ 0x616caf3b39c0] ref P L0: 95.3%  0.4%  3.6%  0.7%
[libx264 @ 0x616caf3b39c0] ref B L0: 49.3% 50.7%
[libx264 @ 0x616caf3b39c0] kb/s:1068.50
ffmpeg version 7.0.2-3ubuntu1 Copyright (c) 2000-2024 the FFmpeg developers
  built with gcc 14 (Ubuntu 14.2.0-2ubuntu1)
  configuration: --prefix=/usr --extra-version=3ubuntu1 --toolchain=hardened --libdir=/usr/lib/x86_64-linux-gnu --incdir=/usr/include/x86_64-linux-gnu --arch=amd64 --enable-gpl --disable-stripping --disable-libmfx --disable-omx --enable-gnutls --enable-libaom --enable-libass --enable-libbs2b --enable-libcdio --enable-libcodec2 --enable-libdav1d --enable-libflite --enable-libfontconfig --enable-libfreetype --enable-libfribidi --enable-libglslang --enable-libgme --enable-libgsm --enable-libharfbuzz --enable-libmp3lame --enable-libmysofa --enable-libopenjpeg --enable-libopenmpt --enable-libopus --enable-librubberband --enable-libshine --enable-libsnappy --enable-libsoxr --enable-libspeex --enable-libtheora --enable-libtwolame --enable-libvidstab --enable-libvorbis --enable-libvpx --enable-libwebp --enable-libx265 --enable-libxml2 --enable-libxvid --enable-libzimg --enable-openal --enable-opencl --enable-opengl --disable-sndio --enable-libvpl --enable-libdc1394 --enable-libdrm --enable-libiec61883 --enable-chromaprint --enable-frei0r --enable-ladspa --enable-libbluray --enable-libcaca --enable-libdvdnav --enable-libdvdread --enable-libjack --enable-libpulse --enable-librabbitmq --enable-librist --enable-libsrt --enable-libssh --enable-libsvtav1 --enable-libx264 --enable-libzmq --enable-libzvbi --enable-lv2 --enable-sdl2 --enable-libplacebo --enable-librav1e --enable-pocketsphinx --enable-librsvg --enable-libjxl --enable-shared
  libavutil      59.  8.100 / 59.  8.100
  libavcodec     61.  3.100 / 61.  3.100
  libavformat    61.  1.100 / 61.  1.100
  libavdevice    61.  1.100 / 61.  1.100
  libavfilter    10.  1.100 / 10.  1.100
  libswscale      8.  1.100 /  8.  1.100
  libswresample   5.  1.100 /  5.  1.100
  libpostproc    58.  1.100 / 58.  1.100
Input #0, concat, from '/home/marco-lasagna/Scaricati/ffmpeg-java/inputFile.txt':
  Duration: N/A, start: 0.000000, bitrate: N/A
  Stream #0:0: Video: mjpeg (Baseline), yuvj420p(pc, bt470bg/unknown/unknown), 4501x4500 [SAR 1:1 DAR 4501:4500], 25 fps, 25 tbr, 25 tbn
Stream mapping:
  Stream #0:0 -> #0:0 (mjpeg (native) -> h264 (libx264))
Press [q] to stop, [?] for help
[swscaler @ 0x71aed4016b00] deprecated pixel format used, make sure you did set range correctly
    Last message repeated 1 times
[swscaler @ 0x71aed4b407c0] deprecated pixel format used, make sure you did set range correctly
    Last message repeated 1 times
[vost#0:0/libx264 @ 0x62c5576e1600] No information about the input framerate is available. Falling back to a default value of 25fps. Use the -r option if you want a different framerate.
[libx264 @ 0x62c5576d79c0] using SAR=2048/4095
[libx264 @ 0x62c5576d79c0] using cpu capabilities: MMX2 SSE2Fast SSSE3 SSE4.2 AVX FMA3 BMI2 AVX2
[libx264 @ 0x62c5576d79c0] profile High, level 4.0, 4:2:0, 8-bit
[libx264 @ 0x62c5576d79c0] 264 - core 164 r3108 31e19f9 - H.264/MPEG-4 AVC codec - Copyleft 2003-2023 - http://www.videolan.org/x264.html - options: cabac=1 ref=3 deblock=1:0:0 analyse=0x3:0x113 me=hex subme=7 psy=1 psy_rd=1.00:0.00 mixed_ref=1 me_range=16 chroma_me=1 trellis=1 8x8dct=1 cqm=0 deadzone=21,11 fast_pskip=1 chroma_qp_offset=-2 threads=30 lookahead_threads=5 sliced_threads=0 nr=0 decimate=1 interlaced=0 bluray_compat=0 constrained_intra=0 bframes=3 b_pyramid=2 b_adapt=1 b_bias=0 direct=1 weightb=1 open_gop=0 weightp=2 keyint=250 keyint_min=25 scenecut=40 intra_refresh=0 rc_lookahead=40 rc=crf mbtree=1 crf=23.0 qcomp=0.60 qpmin=0 qpmax=69 qpstep=4 ip_ratio=1.40 aq=1:1.00
Output #0, mp4, to './src/test/resources/output/translation/tempVideo/110.mp4':
  Metadata:
    encoder         : Lavf61.1.100
  Stream #0:0: Video: h264 (avc1 / 0x31637661), yuvj420p(pc, progressive), 2048x1024 [SAR 4501:9000 DAR 4501:4500], q=2-31, 25 fps, 12800 tbn
      Metadata:
        encoder         : Lavc61.3.100 libx264
      Side data:
        cpb: bitrate max/min/avg: 0/0/0 buffer size: 0 vbv_delay: N/A
[out#0/mp4 @ 0x62c5576df380] video:32KiB audio:0KiB subtitle:0KiB other streams:0KiB global headers:0KiB muxing overhead: 2.884968%
frame=    6 fps=0.0 q=-1.0 Lsize=      33KiB time=00:00:00.16 bitrate=1685.0kbits/s dup=0 drop=19 speed=0.679x    
[libx264 @ 0x62c5576d79c0] frame I:1     Avg QP:18.13  size: 30189
[libx264 @ 0x62c5576d79c0] frame P:2     Avg QP:19.55  size:   527
[libx264 @ 0x62c5576d79c0] frame B:3     Avg QP:26.74  size:   274
[libx264 @ 0x62c5576d79c0] consecutive B-frames: 16.7% 33.3% 50.0%  0.0%
[libx264 @ 0x62c5576d79c0] mb I  I16..4: 25.8% 63.9% 10.3%
[libx264 @ 0x62c5576d79c0] mb P  I16..4:  0.1%  0.1%  0.0%  P16..4:  1.3%  0.2%  0.1%  0.0%  0.0%    skip:98.2%
[libx264 @ 0x62c5576d79c0] mb B  I16..4:  0.0%  0.0%  0.0%  B16..8:  1.4%  0.0%  0.0%  direct: 0.0%  skip:98.5%  L0:54.6% L1:41.5% BI: 3.9%
[libx264 @ 0x62c5576d79c0] 8x8 transform intra:63.9% inter:14.0%
[libx264 @ 0x62c5576d79c0] coded y,uvDC,uvAC intra: 5.9% 10.1% 9.1% inter: 0.1% 0.0% 0.0%
[libx264 @ 0x62c5576d79c0] i16 v,h,dc,p: 87% 12%  1%  0%
[libx264 @ 0x62c5576d79c0] i8 v,h,dc,ddl,ddr,vr,hd,vl,hu: 59%  8% 32%  0%  0%  0%  0%  0%  0%
[libx264 @ 0x62c5576d79c0] i4 v,h,dc,ddl,ddr,vr,hd,vl,hu: 40% 29%  9%  3%  2%  2%  4%  4%  5%
[libx264 @ 0x62c5576d79c0] i8c dc,h,v,p: 82%  9%  8%  1%
[libx264 @ 0x62c5576d79c0] Weighted P-Frames: Y:0.0% UV:0.0%
[libx264 @ 0x62c5576d79c0] ref P L0: 94.3%  0.8%  4.0%  0.8%
[libx264 @ 0x62c5576d79c0] ref B L0: 49.5% 50.5%
[libx264 @ 0x62c5576d79c0] kb/s:1068.87
ffmpeg version 7.0.2-3ubuntu1 Copyright (c) 2000-2024 the FFmpeg developers
  built with gcc 14 (Ubuntu 14.2.0-2ubuntu1)
  configuration: --prefix=/usr --extra-version=3ubuntu1 --toolchain=hardened --libdir=/usr/lib/x86_64-linux-gnu --incdir=/usr/include/x86_64-linux-gnu --arch=amd64 --enable-gpl --disable-stripping --disable-libmfx --disable-omx --enable-gnutls --enable-libaom --enable-libass --enable-libbs2b --enable-libcdio --enable-libcodec2 --enable-libdav1d --enable-libflite --enable-libfontconfig --enable-libfreetype --enable-libfribidi --enable-libglslang --enable-libgme --enable-libgsm --enable-libharfbuzz --enable-libmp3lame --enable-libmysofa --enable-libopenjpeg --enable-libopenmpt --enable-libopus --enable-librubberband --enable-libshine --enable-libsnappy --enable-libsoxr --enable-libspeex --enable-libtheora --enable-libtwolame --enable-libvidstab --enable-libvorbis --enable-libvpx --enable-libwebp --enable-libx265 --enable-libxml2 --enable-libxvid --enable-libzimg --enable-openal --enable-opencl --enable-opengl --disable-sndio --enable-libvpl --enable-libdc1394 --enable-libdrm --enable-libiec61883 --enable-chromaprint --enable-frei0r --enable-ladspa --enable-libbluray --enable-libcaca --enable-libdvdnav --enable-libdvdread --enable-libjack --enable-libpulse --enable-librabbitmq --enable-librist --enable-libsrt --enable-libssh --enable-libsvtav1 --enable-libx264 --enable-libzmq --enable-libzvbi --enable-lv2 --enable-sdl2 --enable-libplacebo --enable-librav1e --enable-pocketsphinx --enable-librsvg --enable-libjxl --enable-shared
  libavutil      59.  8.100 / 59.  8.100
  libavcodec     61.  3.100 / 61.  3.100
  libavformat    61.  1.100 / 61.  1.100
  libavdevice    61.  1.100 / 61.  1.100
  libavfilter    10.  1.100 / 10.  1.100
  libswscale      8.  1.100 /  8.  1.100
  libswresample   5.  1.100 /  5.  1.100
  libpostproc    58.  1.100 / 58.  1.100
Input #0, concat, from '/home/marco-lasagna/Scaricati/ffmpeg-java/inputFile.txt':
  Duration: N/A, start: 0.000000, bitrate: N/A
  Stream #0:0: Video: mjpeg (Baseline), yuvj420p(pc, bt470bg/unknown/unknown), 4501x4500 [SAR 1:1 DAR 4501:4500], 25 fps, 25 tbr, 25 tbn
Stream mapping:
  Stream #0:0 -> #0:0 (mjpeg (native) -> h264 (libx264))
Press [q] to stop, [?] for help
[swscaler @ 0x7167e8016b00] deprecated pixel format used, make sure you did set range correctly
    Last message repeated 1 times
[swscaler @ 0x7167e8b407c0] deprecated pixel format used, make sure you did set range correctly
    Last message repeated 1 times
[vost#0:0/libx264 @ 0x63876989c600] No information about the input framerate is available. Falling back to a default value of 25fps. Use the -r option if you want a different framerate.
[libx264 @ 0x6387698929c0] using SAR=2048/4095
[libx264 @ 0x6387698929c0] using cpu capabilities: MMX2 SSE2Fast SSSE3 SSE4.2 AVX FMA3 BMI2 AVX2
[libx264 @ 0x6387698929c0] profile High, level 4.0, 4:2:0, 8-bit
[libx264 @ 0x6387698929c0] 264 - core 164 r3108 31e19f9 - H.264/MPEG-4 AVC codec - Copyleft 2003-2023 - http://www.videolan.org/x264.html - options: cabac=1 ref=3 deblock=1:0:0 analyse=0x3:0x113 me=hex subme=7 psy=1 psy_rd=1.00:0.00 mixed_ref=1 me_range=16 chroma_me=1 trellis=1 8x8dct=1 cqm=0 deadzone=21,11 fast_pskip=1 chroma_qp_offset=-2 threads=30 lookahead_threads=5 sliced_threads=0 nr=0 decimate=1 interlaced=0 bluray_compat=0 constrained_intra=0 bframes=3 b_pyramid=2 b_adapt=1 b_bias=0 direct=1 weightb=1 open_gop=0 weightp=2 keyint=250 keyint_min=25 scenecut=40 intra_refresh=0 rc_lookahead=40 rc=crf mbtree=1 crf=23.0 qcomp=0.60 qpmin=0 qpmax=69 qpstep=4 ip_ratio=1.40 aq=1:1.00
Output #0, mp4, to './src/test/resources/output/translation/tempVideo/120.mp4':
  Metadata:
    encoder         : Lavf61.1.100
  Stream #0:0: Video: h264 (avc1 / 0x31637661), yuvj420p(pc, progressive), 2048x1024 [SAR 4501:9000 DAR 4501:4500], q=2-31, 25 fps, 12800 tbn
      Metadata:
        encoder         : Lavc61.3.100 libx264
      Side data:
        cpb: bitrate max/min/avg: 0/0/0 buffer size: 0 vbv_delay: N/A
[out#0/mp4 @ 0x63876989a380] video:32KiB audio:0KiB subtitle:0KiB other streams:0KiB global headers:0KiB muxing overhead: 2.906197%
frame=    6 fps=0.0 q=-1.0 Lsize=      33KiB time=00:00:00.16 bitrate=1687.2kbits/s dup=0 drop=19 speed=0.67x    
[libx264 @ 0x6387698929c0] frame I:1     Avg QP:18.31  size: 30099
[libx264 @ 0x6387698929c0] frame P:2     Avg QP:19.04  size:   566
[libx264 @ 0x6387698929c0] frame B:3     Avg QP:25.22  size:   291
[libx264 @ 0x6387698929c0] consecutive B-frames: 33.3%  0.0%  0.0% 66.7%
[libx264 @ 0x6387698929c0] mb I  I16..4: 26.0% 63.7% 10.3%
[libx264 @ 0x6387698929c0] mb P  I16..4:  0.1%  0.1%  0.0%  P16..4:  1.2%  0.2%  0.1%  0.0%  0.0%    skip:98.4%
[libx264 @ 0x6387698929c0] mb B  I16..4:  0.0%  0.0%  0.0%  B16..8:  1.1%  0.1%  0.0%  direct: 0.0%  skip:98.7%  L0:59.8% L1:37.5% BI: 2.7%
[libx264 @ 0x6387698929c0] 8x8 transform intra:63.7% inter:32.2%
[libx264 @ 0x6387698929c0] coded y,uvDC,uvAC intra: 5.9% 10.2% 9.1% inter: 0.1% 0.0% 0.0%
[libx264 @ 0x6387698929c0] i16 v,h,dc,p: 88% 11%  1%  0%
[libx264 @ 0x6387698929c0] i8 v,h,dc,ddl,ddr,vr,hd,vl,hu: 44%  5% 50%  0%  0%  0%  0%  0%  0%
[libx264 @ 0x6387698929c0] i4 v,h,dc,ddl,ddr,vr,hd,vl,hu: 39% 30% 10%  4%  2%  2%  4%  4%  5%
[libx264 @ 0x6387698929c0] i8c dc,h,v,p: 82%  9%  8%  1%
[libx264 @ 0x6387698929c0] Weighted P-Frames: Y:0.0% UV:0.0%
[libx264 @ 0x6387698929c0] ref P L0: 95.6%  0.2%  0.6%  3.5%
[libx264 @ 0x6387698929c0] ref B L0: 93.0%  7.0%
[libx264 @ 0x6387698929c0] ref B L1: 93.2%  6.8%
[libx264 @ 0x6387698929c0] kb/s:1070.07
ffmpeg version 7.0.2-3ubuntu1 Copyright (c) 2000-2024 the FFmpeg developers
  built with gcc 14 (Ubuntu 14.2.0-2ubuntu1)
  configuration: --prefix=/usr --extra-version=3ubuntu1 --toolchain=hardened --libdir=/usr/lib/x86_64-linux-gnu --incdir=/usr/include/x86_64-linux-gnu --arch=amd64 --enable-gpl --disable-stripping --disable-libmfx --disable-omx --enable-gnutls --enable-libaom --enable-libass --enable-libbs2b --enable-libcdio --enable-libcodec2 --enable-libdav1d --enable-libflite --enable-libfontconfig --enable-libfreetype --enable-libfribidi --enable-libglslang --enable-libgme --enable-libgsm --enable-libharfbuzz --enable-libmp3lame --enable-libmysofa --enable-libopenjpeg --enable-libopenmpt --enable-libopus --enable-librubberband --enable-libshine --enable-libsnappy --enable-libsoxr --enable-libspeex --enable-libtheora --enable-libtwolame --enable-libvidstab --enable-libvorbis --enable-libvpx --enable-libwebp --enable-libx265 --enable-libxml2 --enable-libxvid --enable-libzimg --enable-openal --enable-opencl --enable-opengl --disable-sndio --enable-libvpl --enable-libdc1394 --enable-libdrm --enable-libiec61883 --enable-chromaprint --enable-frei0r --enable-ladspa --enable-libbluray --enable-libcaca --enable-libdvdnav --enable-libdvdread --enable-libjack --enable-libpulse --enable-librabbitmq --enable-librist --enable-libsrt --enable-libssh --enable-libsvtav1 --enable-libx264 --enable-libzmq --enable-libzvbi --enable-lv2 --enable-sdl2 --enable-libplacebo --enable-librav1e --enable-pocketsphinx --enable-librsvg --enable-libjxl --enable-shared
  libavutil      59.  8.100 / 59.  8.100
  libavcodec     61.  3.100 / 61.  3.100
  libavformat    61.  1.100 / 61.  1.100
  libavdevice    61.  1.100 / 61.  1.100
  libavfilter    10.  1.100 / 10.  1.100
  libswscale      8.  1.100 /  8.  1.100
  libswresample   5.  1.100 /  5.  1.100
  libpostproc    58.  1.100 / 58.  1.100
Input #0, concat, from '/home/marco-lasagna/Scaricati/ffmpeg-java/inputFile.txt':
  Duration: N/A, start: 0.000000, bitrate: N/A
  Stream #0:0: Video: mjpeg (Baseline), yuvj420p(pc, bt470bg/unknown/unknown), 4501x4500 [SAR 1:1 DAR 4501:4500], 25 fps, 25 tbr, 25 tbn
Stream mapping:
  Stream #0:0 -> #0:0 (mjpeg (native) -> h264 (libx264))
Press [q] to stop, [?] for help
[swscaler @ 0x7728c8016b00] deprecated pixel format used, make sure you did set range correctly
    Last message repeated 1 times
[swscaler @ 0x7728c8b407c0] deprecated pixel format used, make sure you did set range correctly
    Last message repeated 1 times
[vost#0:0/libx264 @ 0x646085652600] No information about the input framerate is available. Falling back to a default value of 25fps. Use the -r option if you want a different framerate.
[libx264 @ 0x6460856489c0] using SAR=2048/4095
[libx264 @ 0x6460856489c0] using cpu capabilities: MMX2 SSE2Fast SSSE3 SSE4.2 AVX FMA3 BMI2 AVX2
[libx264 @ 0x6460856489c0] profile High, level 4.0, 4:2:0, 8-bit
[libx264 @ 0x6460856489c0] 264 - core 164 r3108 31e19f9 - H.264/MPEG-4 AVC codec - Copyleft 2003-2023 - http://www.videolan.org/x264.html - options: cabac=1 ref=3 deblock=1:0:0 analyse=0x3:0x113 me=hex subme=7 psy=1 psy_rd=1.00:0.00 mixed_ref=1 me_range=16 chroma_me=1 trellis=1 8x8dct=1 cqm=0 deadzone=21,11 fast_pskip=1 chroma_qp_offset=-2 threads=30 lookahead_threads=5 sliced_threads=0 nr=0 decimate=1 interlaced=0 bluray_compat=0 constrained_intra=0 bframes=3 b_pyramid=2 b_adapt=1 b_bias=0 direct=1 weightb=1 open_gop=0 weightp=2 keyint=250 keyint_min=25 scenecut=40 intra_refresh=0 rc_lookahead=40 rc=crf mbtree=1 crf=23.0 qcomp=0.60 qpmin=0 qpmax=69 qpstep=4 ip_ratio=1.40 aq=1:1.00
Output #0, mp4, to './src/test/resources/output/translation/tempVideo/130.mp4':
  Metadata:
    encoder         : Lavf61.1.100
  Stream #0:0: Video: h264 (avc1 / 0x31637661), yuvj420p(pc, progressive), 2048x1024 [SAR 4501:9000 DAR 4501:4500], q=2-31, 25 fps, 12800 tbn
      Metadata:
        encoder         : Lavc61.3.100 libx264
      Side data:
        cpb: bitrate max/min/avg: 0/0/0 buffer size: 0 vbv_delay: N/A
[out#0/mp4 @ 0x646085650380] video:32KiB audio:0KiB subtitle:0KiB other streams:0KiB global headers:0KiB muxing overhead: 2.913482%
frame=    6 fps=0.0 q=-1.0 Lsize=      33KiB time=00:00:00.16 bitrate=1683.2kbits/s dup=0 drop=19 speed=0.667x    
[libx264 @ 0x6460856489c0] frame I:1     Avg QP:18.12  size: 30080
[libx264 @ 0x6460856489c0] frame P:2     Avg QP:16.87  size:   546
[libx264 @ 0x6460856489c0] frame B:3     Avg QP:26.59  size:   283
[libx264 @ 0x6460856489c0] consecutive B-frames: 33.3%  0.0%  0.0% 66.7%
[libx264 @ 0x6460856489c0] mb I  I16..4: 14.4% 75.4% 10.3%
[libx264 @ 0x6460856489c0] mb P  I16..4:  0.1%  0.1%  0.0%  P16..4:  0.8%  0.2%  0.1%  0.0%  0.0%    skip:98.7%
[libx264 @ 0x6460856489c0] mb B  I16..4:  0.0%  0.0%  0.0%  B16..8:  1.0%  0.1%  0.0%  direct: 0.0%  skip:98.8%  L0:26.1% L1:70.3% BI: 3.6%
[libx264 @ 0x6460856489c0] 8x8 transform intra:75.2% inter:21.6%
[libx264 @ 0x6460856489c0] coded y,uvDC,uvAC intra: 5.9% 10.1% 9.1% inter: 0.1% 0.0% 0.0%
[libx264 @ 0x6460856489c0] i16 v,h,dc,p: 78% 20%  1%  0%
[libx264 @ 0x6460856489c0] i8 v,h,dc,ddl,ddr,vr,hd,vl,hu: 55%  9% 35%  0%  0%  0%  0%  0%  0%
[libx264 @ 0x6460856489c0] i4 v,h,dc,ddl,ddr,vr,hd,vl,hu: 38% 30% 11%  4%  2%  2%  4%  4%  5%
[libx264 @ 0x6460856489c0] i8c dc,h,v,p: 82%  9%  8%  1%
[libx264 @ 0x6460856489c0] Weighted P-Frames: Y:0.0% UV:0.0%
[libx264 @ 0x6460856489c0] ref P L0: 92.9%  1.7%  2.6%  2.8%
[libx264 @ 0x6460856489c0] ref B L0: 90.3%  9.7%
[libx264 @ 0x6460856489c0] ref B L1: 95.6%  4.4%
[libx264 @ 0x6460856489c0] kb/s:1067.33
ffmpeg version 7.0.2-3ubuntu1 Copyright (c) 2000-2024 the FFmpeg developers
  built with gcc 14 (Ubuntu 14.2.0-2ubuntu1)
  configuration: --prefix=/usr --extra-version=3ubuntu1 --toolchain=hardened --libdir=/usr/lib/x86_64-linux-gnu --incdir=/usr/include/x86_64-linux-gnu --arch=amd64 --enable-gpl --disable-stripping --disable-libmfx --disable-omx --enable-gnutls --enable-libaom --enable-libass --enable-libbs2b --enable-libcdio --enable-libcodec2 --enable-libdav1d --enable-libflite --enable-libfontconfig --enable-libfreetype --enable-libfribidi --enable-libglslang --enable-libgme --enable-libgsm --enable-libharfbuzz --enable-libmp3lame --enable-libmysofa --enable-libopenjpeg --enable-libopenmpt --enable-libopus --enable-librubberband --enable-libshine --enable-libsnappy --enable-libsoxr --enable-libspeex --enable-libtheora --enable-libtwolame --enable-libvidstab --enable-libvorbis --enable-libvpx --enable-libwebp --enable-libx265 --enable-libxml2 --enable-libxvid --enable-libzimg --enable-openal --enable-opencl --enable-opengl --disable-sndio --enable-libvpl --enable-libdc1394 --enable-libdrm --enable-libiec61883 --enable-chromaprint --enable-frei0r --enable-ladspa --enable-libbluray --enable-libcaca --enable-libdvdnav --enable-libdvdread --enable-libjack --enable-libpulse --enable-librabbitmq --enable-librist --enable-libsrt --enable-libssh --enable-libsvtav1 --enable-libx264 --enable-libzmq --enable-libzvbi --enable-lv2 --enable-sdl2 --enable-libplacebo --enable-librav1e --enable-pocketsphinx --enable-librsvg --enable-libjxl --enable-shared
  libavutil      59.  8.100 / 59.  8.100
  libavcodec     61.  3.100 / 61.  3.100
  libavformat    61.  1.100 / 61.  1.100
  libavdevice    61.  1.100 / 61.  1.100
  libavfilter    10.  1.100 / 10.  1.100
  libswscale      8.  1.100 /  8.  1.100
  libswresample   5.  1.100 /  5.  1.100
  libpostproc    58.  1.100 / 58.  1.100
Input #0, concat, from '/home/marco-lasagna/Scaricati/ffmpeg-java/inputFile.txt':
  Duration: N/A, start: 0.000000, bitrate: N/A
  Stream #0:0: Video: mjpeg (Baseline), yuvj420p(pc, bt470bg/unknown/unknown), 4501x4500 [SAR 1:1 DAR 4501:4500], 25 fps, 25 tbr, 25 tbn
Stream mapping:
  Stream #0:0 -> #0:0 (mjpeg (native) -> h264 (libx264))
Press [q] to stop, [?] for help
[swscaler @ 0x7b2920016b00] deprecated pixel format used, make sure you did set range correctly
    Last message repeated 1 times
[swscaler @ 0x7b2920b407c0] deprecated pixel format used, make sure you did set range correctly
    Last message repeated 1 times
[vost#0:0/libx264 @ 0x57825468f600] No information about the input framerate is available. Falling back to a default value of 25fps. Use the -r option if you want a different framerate.
[libx264 @ 0x5782546859c0] using SAR=2048/4095
[libx264 @ 0x5782546859c0] using cpu capabilities: MMX2 SSE2Fast SSSE3 SSE4.2 AVX FMA3 BMI2 AVX2
[libx264 @ 0x5782546859c0] profile High, level 4.0, 4:2:0, 8-bit
[libx264 @ 0x5782546859c0] 264 - core 164 r3108 31e19f9 - H.264/MPEG-4 AVC codec - Copyleft 2003-2023 - http://www.videolan.org/x264.html - options: cabac=1 ref=3 deblock=1:0:0 analyse=0x3:0x113 me=hex subme=7 psy=1 psy_rd=1.00:0.00 mixed_ref=1 me_range=16 chroma_me=1 trellis=1 8x8dct=1 cqm=0 deadzone=21,11 fast_pskip=1 chroma_qp_offset=-2 threads=30 lookahead_threads=5 sliced_threads=0 nr=0 decimate=1 interlaced=0 bluray_compat=0 constrained_intra=0 bframes=3 b_pyramid=2 b_adapt=1 b_bias=0 direct=1 weightb=1 open_gop=0 weightp=2 keyint=250 keyint_min=25 scenecut=40 intra_refresh=0 rc_lookahead=40 rc=crf mbtree=1 crf=23.0 qcomp=0.60 qpmin=0 qpmax=69 qpstep=4 ip_ratio=1.40 aq=1:1.00
Output #0, mp4, to './src/test/resources/output/translation/tempVideo/140.mp4':
  Metadata:
    encoder         : Lavf61.1.100
  Stream #0:0: Video: h264 (avc1 / 0x31637661), yuvj420p(pc, progressive), 2048x1024 [SAR 4501:9000 DAR 4501:4500], q=2-31, 25 fps, 12800 tbn
      Metadata:
        encoder         : Lavc61.3.100 libx264
      Side data:
        cpb: bitrate max/min/avg: 0/0/0 buffer size: 0 vbv_delay: N/A
[out#0/mp4 @ 0x57825468d380] video:32KiB audio:0KiB subtitle:0KiB other streams:0KiB global headers:0KiB muxing overhead: 2.919015%
frame=    6 fps=0.0 q=-1.0 Lsize=      33KiB time=00:00:00.16 bitrate=1680.0kbits/s dup=0 drop=19 speed=0.643x    
[libx264 @ 0x5782546859c0] frame I:1     Avg QP:18.50  size: 30085
[libx264 @ 0x5782546859c0] frame P:2     Avg QP:16.67  size:   511
[libx264 @ 0x5782546859c0] frame B:3     Avg QP:25.64  size:   284
[libx264 @ 0x5782546859c0] consecutive B-frames: 33.3%  0.0%  0.0% 66.7%
[libx264 @ 0x5782546859c0] mb I  I16..4: 17.2% 72.6% 10.3%
[libx264 @ 0x5782546859c0] mb P  I16..4:  0.1%  0.1%  0.0%  P16..4:  0.5%  0.1%  0.1%  0.0%  0.0%    skip:99.1%
[libx264 @ 0x5782546859c0] mb B  I16..4:  0.0%  0.0%  0.0%  B16..8:  1.1%  0.1%  0.0%  direct: 0.0%  skip:98.8%  L0:26.7% L1:70.1% BI: 3.2%
[libx264 @ 0x5782546859c0] 8x8 transform intra:72.4% inter:31.3%
[libx264 @ 0x5782546859c0] coded y,uvDC,uvAC intra: 5.9% 10.2% 9.1% inter: 0.1% 0.0% 0.0%
[libx264 @ 0x5782546859c0] i16 v,h,dc,p: 82% 17%  1%  0%
[libx264 @ 0x5782546859c0] i8 v,h,dc,ddl,ddr,vr,hd,vl,hu: 44%  7% 48%  0%  0%  0%  0%  0%  0%
[libx264 @ 0x5782546859c0] i4 v,h,dc,ddl,ddr,vr,hd,vl,hu: 38% 31% 10%  4%  2%  2%  4%  4%  5%
[libx264 @ 0x5782546859c0] i8c dc,h,v,p: 82%  9%  8%  1%
[libx264 @ 0x5782546859c0] Weighted P-Frames: Y:0.0% UV:0.0%
[libx264 @ 0x5782546859c0] ref P L0: 90.6%  0.5%  0.9%  8.0%
[libx264 @ 0x5782546859c0] ref B L0: 90.8%  9.2%
[libx264 @ 0x5782546859c0] ref B L1: 95.3%  4.7%
[libx264 @ 0x5782546859c0] kb/s:1065.27
ffmpeg version 7.0.2-3ubuntu1 Copyright (c) 2000-2024 the FFmpeg developers
  built with gcc 14 (Ubuntu 14.2.0-2ubuntu1)
[...]
[libx264 @ 0x5c9b2f0ec9c0] using cpu capabilities: MMX2 SSE2Fast SSSE3 SSE4.2 AVX FMA3 BMI2 AVX2
[libx264 @ 0x5c9b2f0ec9c0] profile High, level 4.0, 4:2:0, 8-bit
[libx264 @ 0x5c9b2f0ec9c0] 264 - core 164 r3108 31e19f9 - H.264/MPEG-4 AVC codec - Copyleft 2003-2023 - http://www.videolan.org/x264.html - options: cabac=1 ref=3 deblock=1:0:0 analyse=0x3:0x113 me=hex subme=7 psy=1 psy_rd=1.00:0.00 mixed_ref=1 me_range=16 chroma_me=1 trellis=1 8x8dct=1 cqm=0 deadzone=21,11 fast_pskip=1 chroma_qp_offset=-2 threads=30 lookahead_threads=5 sliced_threads=0 nr=0 decimate=1 interlaced=0 bluray_compat=0 constrained_intra=0 bframes=3 b_pyramid=2 b_adapt=1 b_bias=0 direct=1 weightb=1 open_gop=0 weightp=2 keyint=250 keyint_min=25 scenecut=40 intra_refresh=0 rc_lookahead=40 rc=crf mbtree=1 crf=23.0 qcomp=0.60 qpmin=0 qpmax=69 qpstep=4 ip_ratio=1.40 aq=1:1.00
Output #0, mp4, to './src/test/resources/output/translation/tempVideo/500.mp4':
  Metadata:
    encoder         : Lavf61.1.100
  Stream #0:0: Video: h264 (avc1 / 0x31637661), yuvj420p(pc, progressive), 2048x1024 [SAR 4501:9000 DAR 4501:4500], q=2-31, 25 fps, 12800 tbn
      Metadata:
        encoder         : Lavc61.3.100 libx264
      Side data:
        cpb: bitrate max/min/avg: 0/0/0 buffer size: 0 vbv_delay: N/A
[out#0/mp4 @ 0x5c9b2f0f4380] video:32KiB audio:0KiB subtitle:0KiB other streams:0KiB global headers:0KiB muxing overhead: 2.921968%
frame=    6 fps=0.0 q=-1.0 Lsize=      33KiB time=00:00:00.16 bitrate=1678.4kbits/s dup=0 drop=19 speed=0.648x    
[libx264 @ 0x5c9b2f0ec9c0] frame I:1     Avg QP:18.42  size: 29847
[libx264 @ 0x5c9b2f0ec9c0] frame P:2     Avg QP:19.31  size:   582
[libx264 @ 0x5c9b2f0ec9c0] frame B:3     Avg QP:26.94  size:   305
[libx264 @ 0x5c9b2f0ec9c0] consecutive B-frames: 33.3%  0.0%  0.0% 66.7%
[libx264 @ 0x5c9b2f0ec9c0] mb I  I16..4: 28.7% 61.1% 10.3%
[libx264 @ 0x5c9b2f0ec9c0] mb P  I16..4:  0.1%  0.1%  0.0%  P16..4:  1.2%  0.1%  0.1%  0.0%  0.0%    skip:98.4%
[libx264 @ 0x5c9b2f0ec9c0] mb B  I16..4:  0.0%  0.1%  0.0%  B16..8:  1.2%  0.1%  0.0%  direct: 0.1%  skip:98.6%  L0:32.9% L1:64.5% BI: 2.5%
[libx264 @ 0x5c9b2f0ec9c0] 8x8 transform intra:61.1% inter:20.2%
[libx264 @ 0x5c9b2f0ec9c0] coded y,uvDC,uvAC intra: 5.9% 10.2% 9.1% inter: 0.1% 0.0% 0.0%
[libx264 @ 0x5c9b2f0ec9c0] i16 v,h,dc,p: 88% 11%  1%  0%
[libx264 @ 0x5c9b2f0ec9c0] i8 v,h,dc,ddl,ddr,vr,hd,vl,hu: 38%  4% 58%  0%  0%  0%  0%  0%  0%
[libx264 @ 0x5c9b2f0ec9c0] i4 v,h,dc,ddl,ddr,vr,hd,vl,hu: 37% 30% 11%  4%  2%  2%  4%  4%  5%
[libx264 @ 0x5c9b2f0ec9c0] i8c dc,h,v,p: 82%  9%  8%  1%
[libx264 @ 0x5c9b2f0ec9c0] Weighted P-Frames: Y:0.0% UV:0.0%
[libx264 @ 0x5c9b2f0ec9c0] ref P L0: 94.8%  0.2%  0.9%  4.1%
[libx264 @ 0x5c9b2f0ec9c0] ref B L0: 88.3% 11.7%
[libx264 @ 0x5c9b2f0ec9c0] ref B L1: 94.3%  5.7%
[libx264 @ 0x5c9b2f0ec9c0] kb/s:1064.17
ffmpeg version 7.0.2-3ubuntu1 Copyright (c) 2000-2024 the FFmpeg developers
  built with gcc 14 (Ubuntu 14.2.0-2ubuntu1)
  configuration: --prefix=/usr --extra-version=3ubuntu1 --toolchain=hardened --libdir=/usr/lib/x86_64-linux-gnu --incdir=/usr/include/x86_64-linux-gnu --arch=amd64 --enable-gpl --disable-stripping --disable-libmfx --disable-omx --enable-gnutls --enable-libaom --enable-libass --enable-libbs2b --enable-libcdio --enable-libcodec2 --enable-libdav1d --enable-libflite --enable-libfontconfig --enable-libfreetype --enable-libfribidi --enable-libglslang --enable-libgme --enable-libgsm --enable-libharfbuzz --enable-libmp3lame --enable-libmysofa --enable-libopenjpeg --enable-libopenmpt --enable-libopus --enable-librubberband --enable-libshine --enable-libsnappy --enable-libsoxr --enable-libspeex --enable-libtheora --enable-libtwolame --enable-libvidstab --enable-libvorbis --enable-libvpx --enable-libwebp --enable-libx265 --enable-libxml2 --enable-libxvid --enable-libzimg --enable-openal --enable-opencl --enable-opengl --disable-sndio --enable-libvpl --enable-libdc1394 --enable-libdrm --enable-libiec61883 --enable-chromaprint --enable-frei0r --enable-ladspa --enable-libbluray --enable-libcaca --enable-libdvdnav --enable-libdvdread --enable-libjack --enable-libpulse --enable-librabbitmq --enable-librist --enable-libsrt --enable-libssh --enable-libsvtav1 --enable-libx264 --enable-libzmq --enable-libzvbi --enable-lv2 --enable-sdl2 --enable-libplacebo --enable-librav1e --enable-pocketsphinx --enable-librsvg --enable-libjxl --enable-shared
  libavutil      59.  8.100 / 59.  8.100
  libavcodec     61.  3.100 / 61.  3.100
  libavformat    61.  1.100 / 61.  1.100
  libavdevice    61.  1.100 / 61.  1.100
  libavfilter    10.  1.100 / 10.  1.100
  libswscale      8.  1.100 /  8.  1.100
  libswresample   5.  1.100 /  5.  1.100
  libpostproc    58.  1.100 / 58.  1.100
Input #0, concat, from '/home/marco-lasagna/Scaricati/ffmpeg-java/inputFile.txt':
  Duration: N/A, start: 0.000000, bitrate: N/A
  Stream #0:0: Video: mjpeg (Baseline), yuvj420p(pc, bt470bg/unknown/unknown), 4501x4500 [SAR 1:1 DAR 4501:4500], 25 fps, 25 tbr, 25 tbn
Stream mapping:
  Stream #0:0 -> #0:0 (mjpeg (native) -> h264 (libx264))
Press [q] to stop, [?] for help
[swscaler @ 0x7fcc28016b00] deprecated pixel format used, make sure you did set range correctly
    Last message repeated 1 times
[swscaler @ 0x7fcc28b407c0] deprecated pixel format used, make sure you did set range correctly
    Last message repeated 1 times
[vost#0:0/libx264 @ 0x6348e159a600] No information about the input framerate is available. Falling back to a default value of 25fps. Use the -r option if you want a different framerate.
[libx264 @ 0x6348e15909c0] using SAR=2048/4095
[libx264 @ 0x6348e15909c0] using cpu capabilities: MMX2 SSE2Fast SSSE3 SSE4.2 AVX FMA3 BMI2 AVX2
[libx264 @ 0x6348e15909c0] profile High, level 4.0, 4:2:0, 8-bit
[libx264 @ 0x6348e15909c0] 264 - core 164 r3108 31e19f9 - H.264/MPEG-4 AVC codec - Copyleft 2003-2023 - http://www.videolan.org/x264.html - options: cabac=1 ref=3 deblock=1:0:0 analyse=0x3:0x113 me=hex subme=7 psy=1 psy_rd=1.00:0.00 mixed_ref=1 me_range=16 chroma_me=1 trellis=1 8x8dct=1 cqm=0 deadzone=21,11 fast_pskip=1 chroma_qp_offset=-2 threads=30 lookahead_threads=5 sliced_threads=0 nr=0 decimate=1 interlaced=0 bluray_compat=0 constrained_intra=0 bframes=3 b_pyramid=2 b_adapt=1 b_bias=0 direct=1 weightb=1 open_gop=0 weightp=2 keyint=250 keyint_min=25 scenecut=40 intra_refresh=0 rc_lookahead=40 rc=crf mbtree=1 crf=23.0 qcomp=0.60 qpmin=0 qpmax=69 qpstep=4 ip_ratio=1.40 aq=1:1.00
Output #0, mp4, to './src/test/resources/output/translation/tempVideo/510.mp4':
  Metadata:
    encoder         : Lavf61.1.100
  Stream #0:0: Video: h264 (avc1 / 0x31637661), yuvj420p(pc, progressive), 2048x1024 [SAR 4501:9000 DAR 4501:4500], q=2-31, 25 fps, 12800 tbn
      Metadata:
        encoder         : Lavc61.3.100 libx264
      Side data:
        cpb: bitrate max/min/avg: 0/0/0 buffer size: 0 vbv_delay: N/A
[out#0/mp4 @ 0x6348e1598380] video:32KiB audio:0KiB subtitle:0KiB other streams:0KiB global headers:0KiB muxing overhead: 2.935288%
frame=    6 fps=0.0 q=-1.0 Lsize=      33KiB time=00:00:00.16 bitrate=1671.0kbits/s dup=0 drop=19 speed=0.659x    
[libx264 @ 0x6348e15909c0] frame I:1     Avg QP:18.82  size: 29738
[libx264 @ 0x6348e15909c0] frame P:2     Avg QP:18.18  size:   562
[libx264 @ 0x6348e15909c0] frame B:3     Avg QP:26.94  size:   305
[libx264 @ 0x6348e15909c0] consecutive B-frames: 33.3%  0.0%  0.0% 66.7%
[libx264 @ 0x6348e15909c0] mb I  I16..4: 26.0% 63.8% 10.2%
[libx264 @ 0x6348e15909c0] mb P  I16..4:  0.2%  0.1%  0.0%  P16..4:  0.5%  0.1%  0.1%  0.0%  0.0%    skip:99.0%
[libx264 @ 0x6348e15909c0] mb B  I16..4:  0.0%  0.0%  0.0%  B16..8:  1.4%  0.0%  0.0%  direct: 0.0%  skip:98.5%  L0:23.4% L1:74.8% BI: 1.7%
[libx264 @ 0x6348e15909c0] 8x8 transform intra:63.7% inter:17.9%
[libx264 @ 0x6348e15909c0] coded y,uvDC,uvAC intra: 5.9% 10.2% 9.1% inter: 0.1% 0.0% 0.0%
[libx264 @ 0x6348e15909c0] i16 v,h,dc,p: 87% 12%  1%  0%
[libx264 @ 0x6348e15909c0] i8 v,h,dc,ddl,ddr,vr,hd,vl,hu: 49%  5% 46%  0%  0%  0%  0%  0%  0%
[libx264 @ 0x6348e15909c0] i4 v,h,dc,ddl,ddr,vr,hd,vl,hu: 39% 30% 10%  4%  2%  2%  4%  4%  5%
[libx264 @ 0x6348e15909c0] i8c dc,h,v,p: 82%  9%  8%  1%
[libx264 @ 0x6348e15909c0] Weighted P-Frames: Y:0.0% UV:0.0%
[libx264 @ 0x6348e15909c0] ref P L0: 95.4%  1.0%  0.8%  2.8%
[libx264 @ 0x6348e15909c0] ref B L0: 93.5%  6.5%
[libx264 @ 0x6348e15909c0] ref B L1: 93.7%  6.3%
[libx264 @ 0x6348e15909c0] kb/s:1059.23
ffmpeg version 7.0.2-3ubuntu1 Copyright (c) 2000-2024 the FFmpeg developers
  built with gcc 14 (Ubuntu 14.2.0-2ubuntu1)
  configuration: --prefix=/usr --extra-version=3ubuntu1 --toolchain=hardened --libdir=/usr/lib/x86_64-linux-gnu --incdir=/usr/include/x86_64-linux-gnu --arch=amd64 --enable-gpl --disable-stripping --disable-libmfx --disable-omx --enable-gnutls --enable-libaom --enable-libass --enable-libbs2b --enable-libcdio --enable-libcodec2 --enable-libdav1d --enable-libflite --enable-libfontconfig --enable-libfreetype --enable-libfribidi --enable-libglslang --enable-libgme --enable-libgsm --enable-libharfbuzz --enable-libmp3lame --enable-libmysofa --enable-libopenjpeg --enable-libopenmpt --enable-libopus --enable-librubberband --enable-libshine --enable-libsnappy --enable-libsoxr --enable-libspeex --enable-libtheora --enable-libtwolame --enable-libvidstab --enable-libvorbis --enable-libvpx --enable-libwebp --enable-libx265 --enable-libxml2 --enable-libxvid --enable-libzimg --enable-openal --enable-opencl --enable-opengl --disable-sndio --enable-libvpl --enable-libdc1394 --enable-libdrm --enable-libiec61883 --enable-chromaprint --enable-frei0r --enable-ladspa --enable-libbluray --enable-libcaca --enable-libdvdnav --enable-libdvdread --enable-libjack --enable-libpulse --enable-librabbitmq --enable-librist --enable-libsrt --enable-libssh --enable-libsvtav1 --enable-libx264 --enable-libzmq --enable-libzvbi --enable-lv2 --enable-sdl2 --enable-libplacebo --enable-librav1e --enable-pocketsphinx --enable-librsvg --enable-libjxl --enable-shared
  libavutil      59.  8.100 / 59.  8.100
  libavcodec     61.  3.100 / 61.  3.100
  libavformat    61.  1.100 / 61.  1.100
  libavdevice    61.  1.100 / 61.  1.100
  libavfilter    10.  1.100 / 10.  1.100
  libswscale      8.  1.100 /  8.  1.100
  libswresample   5.  1.100 /  5.  1.100
  libpostproc    58.  1.100 / 58.  1.100
Input #0, concat, from '/home/marco-lasagna/Scaricati/ffmpeg-java/inputFile.txt':
  Duration: N/A, start: 0.000000, bitrate: N/A
  Stream #0:0: Video: mjpeg (Baseline), yuvj420p(pc, bt470bg/unknown/unknown), 4501x4500 [SAR 1:1 DAR 4501:4500], 25 fps, 25 tbr, 25 tbn
Stream mapping:
  Stream #0:0 -> #0:0 (mjpeg (native) -> h264 (libx264))
Press [q] to stop, [?] for help
[swscaler @ 0x7ae698016b00] deprecated pixel format used, make sure you did set range correctly
    Last message repeated 1 times
[swscaler @ 0x7ae698b407c0] deprecated pixel format used, make sure you did set range correctly
    Last message repeated 1 times
[vost#0:0/libx264 @ 0x59ff402f73c0] No information about the input framerate is available. Falling back to a default value of 25fps. Use the -r option if you want a different framerate.
[libx264 @ 0x59ff402ed780] using SAR=2048/4095
[libx264 @ 0x59ff402ed780] using cpu capabilities: MMX2 SSE2Fast SSSE3 SSE4.2 AVX FMA3 BMI2 AVX2
[libx264 @ 0x59ff402ed780] profile High, level 4.0, 4:2:0, 8-bit
[libx264 @ 0x59ff402ed780] 264 - core 164 r3108 31e19f9 - H.264/MPEG-4 AVC codec - Copyleft 2003-2023 - http://www.videolan.org/x264.html - options: cabac=1 ref=3 deblock=1:0:0 analyse=0x3:0x113 me=hex subme=7 psy=1 psy_rd=1.00:0.00 mixed_ref=1 me_range=16 chroma_me=1 trellis=1 8x8dct=1 cqm=0 deadzone=21,11 fast_pskip=1 chroma_qp_offset=-2 threads=30 lookahead_threads=5 sliced_threads=0 nr=0 decimate=1 interlaced=0 bluray_compat=0 constrained_intra=0 bframes=3 b_pyramid=2 b_adapt=1 b_bias=0 direct=1 weightb=1 open_gop=0 weightp=2 keyint=250 keyint_min=25 scenecut=40 intra_refresh=0 rc_lookahead=40 rc=crf mbtree=1 crf=23.0 qcomp=0.60 qpmin=0 qpmax=69 qpstep=4 ip_ratio=1.40 aq=1:1.00
Output #0, mp4, to './src/test/resources/output/translation/tempVideo/517.mp4':
  Metadata:
    encoder         : Lavf61.1.100
  Stream #0:0: Video: h264 (avc1 / 0x31637661), yuvj420p(pc, progressive), 2048x1024 [SAR 4501:9000 DAR 4501:4500], q=2-31, 25 fps, 12800 tbn
      Metadata:
        encoder         : Lavc61.3.100 libx264
      Side data:
        cpb: bitrate max/min/avg: 0/0/0 buffer size: 0 vbv_delay: N/A
[out#0/mp4 @ 0x59ff402f5140] video:30KiB audio:0KiB subtitle:0KiB other streams:0KiB global headers:0KiB muxing overhead: 3.004154%
frame=    5 fps=0.0 q=-1.0 Lsize=      31KiB time=00:00:00.12 bitrate=2132.7kbits/s dup=0 drop=13 speed=0.63x    
[libx264 @ 0x59ff402ed780] frame I:1     Avg QP:19.38  size: 28771
[libx264 @ 0x59ff402ed780] frame P:2     Avg QP:14.47  size:   540
[libx264 @ 0x59ff402ed780] frame B:2     Avg QP:25.24  size:   258
[libx264 @ 0x59ff402ed780] consecutive B-frames: 40.0%  0.0% 60.0%  0.0%
[libx264 @ 0x59ff402ed780] mb I  I16..4: 24.6% 65.3% 10.1%
[libx264 @ 0x59ff402ed780] mb P  I16..4:  0.3%  0.0%  0.0%  P16..4:  0.9%  0.2%  0.1%  0.0%  0.0%    skip:98.5%
[libx264 @ 0x59ff402ed780] mb B  I16..4:  0.1%  0.0%  0.0%  B16..8:  1.3%  0.1%  0.0%  direct: 0.1%  skip:98.5%  L0:23.5% L1:75.5% BI: 1.0%
[libx264 @ 0x59ff402ed780] 8x8 transform intra:64.8% inter:10.2%
[libx264 @ 0x59ff402ed780] coded y,uvDC,uvAC intra: 5.8% 10.0% 8.9% inter: 0.1% 0.0% 0.0%
[libx264 @ 0x59ff402ed780] i16 v,h,dc,p: 87% 13%  1%  0%
[libx264 @ 0x59ff402ed780] i8 v,h,dc,ddl,ddr,vr,hd,vl,hu: 62% 11% 27%  0%  0%  0%  0%  0%  0%
[libx264 @ 0x59ff402ed780] i4 v,h,dc,ddl,ddr,vr,hd,vl,hu: 40% 30%  9%  4%  2%  2%  4%  4%  5%
[libx264 @ 0x59ff402ed780] i8c dc,h,v,p: 82%  9%  8%  1%
[libx264 @ 0x59ff402ed780] Weighted P-Frames: Y:0.0% UV:0.0%
[libx264 @ 0x59ff402ed780] ref P L0: 98.3%  0.1%  1.6%
[libx264 @ 0x59ff402ed780] kb/s:1214.68
ffmpeg version 7.0.2-3ubuntu1 Copyright (c) 2000-2024 the FFmpeg developers
  built with gcc 14 (Ubuntu 14.2.0-2ubuntu1)
  configuration: --prefix=/usr --extra-version=3ubuntu1 --toolchain=hardened --libdir=/usr/lib/x86_64-linux-gnu --incdir=/usr/include/x86_64-linux-gnu --arch=amd64 --enable-gpl --disable-stripping --disable-libmfx --disable-omx --enable-gnutls --enable-libaom --enable-libass --enable-libbs2b --enable-libcdio --enable-libcodec2 --enable-libdav1d --enable-libflite --enable-libfontconfig --enable-libfreetype --enable-libfribidi --enable-libglslang --enable-libgme --enable-libgsm --enable-libharfbuzz --enable-libmp3lame --enable-libmysofa --enable-libopenjpeg --enable-libopenmpt --enable-libopus --enable-librubberband --enable-libshine --enable-libsnappy --enable-libsoxr --enable-libspeex --enable-libtheora --enable-libtwolame --enable-libvidstab --enable-libvorbis --enable-libvpx --enable-libwebp --enable-libx265 --enable-libxml2 --enable-libxvid --enable-libzimg --enable-openal --enable-opencl --enable-opengl --disable-sndio --enable-libvpl --enable-libdc1394 --enable-libdrm --enable-libiec61883 --enable-chromaprint --enable-frei0r --enable-ladspa --enable-libbluray --enable-libcaca --enable-libdvdnav --enable-libdvdread --enable-libjack --enable-libpulse --enable-librabbitmq --enable-librist --enable-libsrt --enable-libssh --enable-libsvtav1 --enable-libx264 --enable-libzmq --enable-libzvbi --enable-lv2 --enable-sdl2 --enable-libplacebo --enable-librav1e --enable-pocketsphinx --enable-librsvg --enable-libjxl --enable-shared
  libavutil      59.  8.100 / 59.  8.100
  libavcodec     61.  3.100 / 61.  3.100
  libavformat    61.  1.100 / 61.  1.100
  libavdevice    61.  1.100 / 61.  1.100
  libavfilter    10.  1.100 / 10.  1.100
  libswscale      8.  1.100 /  8.  1.100
  libswresample   5.  1.100 /  5.  1.100
  libpostproc    58.  1.100 / 58.  1.100
[mov,mp4,m4a,3gp,3g2,mj2 @ 0x594011eddc80] Auto-inserting h264_mp4toannexb bitstream filter
Input #0, concat, from '/home/marco-lasagna/Scaricati/ffmpeg-java/inputFile.txt':
  Duration: N/A, start: 0.000000, bitrate: 1088 kb/s
  Stream #0:0(und): Video: h264 (High) (avc1 / 0x31637661), yuvj420p(pc, progressive), 2048x1024 [SAR 2048:4095 DAR 4096:4095], 1088 kb/s, SAR 4501:9000 DAR 4501:4500, 25 fps, 25 tbr, 12800 tbn
      Metadata:
        handler_name    : VideoHandler
        vendor_id       : [0][0][0][0]
        encoder         : Lavc61.3.100 libx264
Stream mapping:
  Stream #0:0 -> #0:0 (h264 (native) -> h264 (libx264))
Press [q] to stop, [?] for help
[mov,mp4,m4a,3gp,3g2,mj2 @ 0x594011eddc80] Auto-inserting h264_mp4toannexb bitstream filter
    Last message repeated 3 times
[vost#0:0/libx264 @ 0x594011f73600] No information about the input framerate is available. Falling back to a default value of 25fps. Use the -r option if you want a different framerate.
[libx264 @ 0x594011ede880] using SAR=2048/4095
[libx264 @ 0x594011ede880] using cpu capabilities: MMX2 SSE2Fast SSSE3 SSE4.2 AVX FMA3 BMI2 AVX2
[mov,mp4,m4a,3gp,3g2,mj2 @ 0x594011eddc80] Auto-inserting h264_mp4toannexb bitstream filter
[libx264 @ 0x594011ede880] profile High, level 4.0, 4:2:0, 8-bit
[libx264 @ 0x594011ede880] 264 - core 164 r3108 31e19f9 - H.264/MPEG-4 AVC codec - Copyleft 2003-2023 - http://www.videolan.org/x264.html - options: cabac=1 ref=3 deblock=1:0:0 analyse=0x3:0x113 me=hex subme=7 psy=1 psy_rd=1.00:0.00 mixed_ref=1 me_range=16 chroma_me=1 trellis=1 8x8dct=1 cqm=0 deadzone=21,11 fast_pskip=1 chroma_qp_offset=-2 threads=30 lookahead_threads=5 sliced_threads=0 nr=0 decimate=1 interlaced=0 bluray_compat=0 constrained_intra=0 bframes=3 b_pyramid=2 b_adapt=1 b_bias=0 direct=1 weightb=1 open_gop=0 weightp=2 keyint=250 keyint_min=25 scenecut=40 intra_refresh=0 rc_lookahead=40 rc=crf mbtree=1 crf=23.0 qcomp=0.60 qpmin=0 qpmax=69 qpstep=4 ip_ratio=1.40 aq=1:1.00
Output #0, mp4, to './src/test/resources/output/translation/video/output1.mp4':
  Metadata:
    encoder         : Lavf61.1.100
  Stream #0:0(und): Video: h264 (avc1 / 0x31637661), yuvj420p(pc, progressive), 2048x1024 [SAR 4501:9000 DAR 4501:4500], q=2-31, 25 fps, 12800 tbn
      Metadata:
        handler_name    : VideoHandler
        vendor_id       : [0][0][0][0]
        encoder         : Lavc61.3.100 libx264
      Side data:
        cpb: bitrate max/min/avg: 0/0/0 buffer size: 0 vbv_delay: N/A
[mov,mp4,m4a,3gp,3g2,mj2 @ 0x594011eddc80] Auto-inserting h264_mp4toannexb bitstream filter
    Last message repeated 45 times
[out#0/mp4 @ 0x594011f72e00] video:117KiB audio:0KiB subtitle:0KiB other streams:0KiB global headers:0KiB muxing overhead: 2.300164%
frame=  157 fps=0.0 q=-1.0 Lsize=     120KiB time=00:00:06.20 bitrate= 158.2kbits/s dup=0 drop=590 speed=12.7x    
[libx264 @ 0x594011ede880] frame I:1     Avg QP:16.94  size: 35768
[libx264 @ 0x594011ede880] frame P:41    Avg QP:20.61  size:  1105
[libx264 @ 0x594011ede880] frame B:115   Avg QP:28.69  size:   331
[libx264 @ 0x594011ede880] consecutive B-frames:  1.9%  1.3%  0.0% 96.8%
[libx264 @ 0x594011ede880] mb I  I16..4: 16.7% 72.8% 10.5%
[libx264 @ 0x594011ede880] mb P  I16..4:  0.1%  0.1%  0.0%  P16..4:  2.0%  0.2%  0.1%  0.0%  0.0%    skip:97.5%
[libx264 @ 0x594011ede880] mb B  I16..4:  0.0%  0.0%  0.0%  B16..8:  1.3%  0.1%  0.0%  direct: 0.0%  skip:98.5%  L0:50.8% L1:45.5% BI: 3.7%
[libx264 @ 0x594011ede880] 8x8 transform intra:70.9% inter:27.2%
[libx264 @ 0x594011ede880] coded y,uvDC,uvAC intra: 6.0% 10.0% 8.9% inter: 0.1% 0.1% 0.0%
[libx264 @ 0x594011ede880] i16 v,h,dc,p: 75% 24%  1%  0%
[libx264 @ 0x594011ede880] i8 v,h,dc,ddl,ddr,vr,hd,vl,hu: 61%  9% 29%  0%  0%  0%  0%  0%  0%
[libx264 @ 0x594011ede880] i4 v,h,dc,ddl,ddr,vr,hd,vl,hu: 39% 29% 11%  4%  2%  2%  4%  3%  5%
[libx264 @ 0x594011ede880] i8c dc,h,v,p: 78% 12%  9%  1%
[libx264 @ 0x594011ede880] Weighted P-Frames: Y:0.0% UV:0.0%
[libx264 @ 0x594011ede880] ref P L0: 67.8%  2.9% 15.3% 14.0%
[libx264 @ 0x594011ede880] ref B L0: 71.6% 21.2%  7.2%
[libx264 @ 0x594011ede880] ref B L1: 91.8%  8.2%
[libx264 @ 0x594011ede880] kb/s:151.81
]]></system-err>
</testsuite>
