<?xml version="1.0" encoding="UTF-8"?>
<testsuite name="it.disi.unitn.transition.translation.TranslationTest" tests="2" skipped="0" failures="0" errors="0" timestamp="2025-02-13T21:40:31" hostname="marco-lasagna-Dell-G15-5530" time="259.264">
  <properties/>
  <testcase name="test()" classname="it.disi.unitn.transition.translation.TranslationTest" time="131.118"/>
  <testcase name="test1()" classname="it.disi.unitn.transition.translation.TranslationTest" time="128.145"/>
  <system-out><![CDATA[]]></system-out>
  <system-err><![CDATA[ffmpeg version 7.0.2-3ubuntu1 Copyright (c) 2000-2024 the FFmpeg developers
  built with gcc 14 (Ubuntu 14.2.0-2ubuntu1)
  configuration: --prefix=/usr --extra-version=3ubuntu1 --toolchain=hardened --libdir=/usr/lib/x86_64-linux-gnu --incdir=/usr/include/x86_64-linux-gnu --arch=amd64 --enable-gpl --disable-stripping --disable-libmfx --disable-omx --enable-gnutls --enable-libaom --enable-libass --enable-libbs2b --enable-libcdio --enable-libcodec2 --enable-libdav1d --enable-libflite --enable-libfontconfig --enable-libfreetype --enable-libfribidi --enable-libglslang --enable-libgme --enable-libgsm --enable-libharfbuzz --enable-libmp3lame --enable-libmysofa --enable-libopenjpeg --enable-libopenmpt --enable-libopus --enable-librubberband --enable-libshine --enable-libsnappy --enable-libsoxr --enable-libspeex --enable-libtheora --enable-libtwolame --enable-libvidstab --enable-libvorbis --enable-libvpx --enable-libwebp --enable-libx265 --enable-libxml2 --enable-libxvid --enable-libzimg --enable-openal --enable-opencl --enable-opengl --disable-sndio --enable-libvpl --enable-libdc1394 --enable-libdrm --enable-libiec61883 --enable-chromaprint --enable-frei0r --enable-ladspa --enable-libbluray --enable-libcaca --enable-libdvdnav --enable-libdvdread --enable-libjack --enable-libpulse --enable-librabbitmq --enable-librist --enable-libsrt --enable-libssh --enable-libsvtav1 --enable-libx264 --enable-libzmq --enable-libzvbi --enable-lv2 --enable-sdl2 --enable-libplacebo --enable-librav1e --enable-pocketsphinx --enable-librsvg --enable-libjxl --enable-shared
  libavutil      59.  8.100 / 59.  8.100
  libavcodec     61.  3.100 / 61.  3.100
  libavformat    61.  1.100 / 61.  1.100
  libavdevice    61.  1.100 / 61.  1.100
  libavfilter    10.  1.100 / 10.  1.100
  libswscale      8.  1.100 /  8.  1.100
  libswresample   5.  1.100 /  5.  1.100
  libpostproc    58.  1.100 / 58.  1.100
Input #0, concat, from '/home/marco-lasagna/Scaricati/ffmpeg-java/inputFile.txt':
  Duration: N/A, start: 0.000000, bitrate: N/A
  Stream #0:0: Video: mjpeg (Baseline), yuvj420p(pc, bt470bg/unknown/unknown), 4501x4500 [SAR 1:1 DAR 4501:4500], 25 fps, 25 tbr, 25 tbn
Stream mapping:
  Stream #0:0 -> #0:0 (mjpeg (native) -> h264 (libx264))
Press [q] to stop, [?] for help
[swscaler @ 0x726468016b00] deprecated pixel format used, make sure you did set range correctly
    Last message repeated 1 times
[swscaler @ 0x726468b407c0] deprecated pixel format used, make sure you did set range correctly
    Last message repeated 1 times
[vost#0:0/libx264 @ 0x5bf396252ac0] No information about the input framerate is available. Falling back to a default value of 25fps. Use the -r option if you want a different framerate.
[libx264 @ 0x5bf396248e80] using SAR=2048/4095
[libx264 @ 0x5bf396248e80] using cpu capabilities: MMX2 SSE2Fast SSSE3 SSE4.2 AVX FMA3 BMI2 AVX2
[libx264 @ 0x5bf396248e80] profile High, level 4.0, 4:2:0, 8-bit
[libx264 @ 0x5bf396248e80] 264 - core 164 r3108 31e19f9 - H.264/MPEG-4 AVC codec - Copyleft 2003-2023 - http://www.videolan.org/x264.html - options: cabac=1 ref=3 deblock=1:0:0 analyse=0x3:0x113 me=hex subme=7 psy=1 psy_rd=1.00:0.00 mixed_ref=1 me_range=16 chroma_me=1 trellis=1 8x8dct=1 cqm=0 deadzone=21,11 fast_pskip=1 chroma_qp_offset=-2 threads=30 lookahead_threads=5 sliced_threads=0 nr=0 decimate=1 interlaced=0 bluray_compat=0 constrained_intra=0 bframes=3 b_pyramid=2 b_adapt=1 b_bias=0 direct=1 weightb=1 open_gop=0 weightp=2 keyint=250 keyint_min=25 scenecut=40 intra_refresh=0 rc_lookahead=40 rc=crf mbtree=1 crf=23.0 qcomp=0.60 qpmin=0 qpmax=69 qpstep=4 ip_ratio=1.40 aq=1:1.00
Output #0, mp4, to './src/test/resources/output/translation/tempVideo/010.mp4':
  Metadata:
    encoder         : Lavf61.1.100
  Stream #0:0: Video: h264 (avc1 / 0x31637661), yuvj420p(pc, progressive), 2048x1024 [SAR 4501:9000 DAR 4501:4500], q=2-31, 25 fps, 12800 tbn
      Metadata:
        encoder         : Lavc61.3.100 libx264
      Side data:
        cpb: bitrate max/min/avg: 0/0/0 buffer size: 0 vbv_delay: N/A
[out#0/mp4 @ 0x5bf396250b40] video:32KiB audio:0KiB subtitle:0KiB other streams:0KiB global headers:0KiB muxing overhead: 2.936464%
frame=    6 fps=0.0 q=-1.0 Lsize=      33KiB time=00:00:00.16 bitrate=1670.3kbits/s dup=0 drop=19 speed=0.642x    
[libx264 @ 0x5bf396248e80] frame I:1     Avg QP:18.46  size: 29741
[libx264 @ 0x5bf396248e80] frame P:2     Avg QP:19.31  size:   556
[libx264 @ 0x5bf396248e80] frame B:3     Avg QP:24.14  size:   303
[libx264 @ 0x5bf396248e80] consecutive B-frames: 33.3%  0.0%  0.0% 66.7%
[libx264 @ 0x5bf396248e80] mb I  I16..4: 17.2% 72.6% 10.2%
[libx264 @ 0x5bf396248e80] mb P  I16..4:  0.1%  0.1%  0.0%  P16..4:  1.2%  0.2%  0.1%  0.0%  0.0%    skip:98.3%
[libx264 @ 0x5bf396248e80] mb B  I16..4:  0.0%  0.0%  0.0%  B16..8:  1.1%  0.1%  0.0%  direct: 0.1%  skip:98.6%  L0:61.5% L1:35.9% BI: 2.6%
[libx264 @ 0x5bf396248e80] 8x8 transform intra:72.5% inter:22.1%
[libx264 @ 0x5bf396248e80] coded y,uvDC,uvAC intra: 5.9% 10.2% 9.1% inter: 0.1% 0.0% 0.0%
[libx264 @ 0x5bf396248e80] i16 v,h,dc,p: 82% 17%  1%  0%
[libx264 @ 0x5bf396248e80] i8 v,h,dc,ddl,ddr,vr,hd,vl,hu: 42%  9% 48%  0%  0%  0%  0%  0%  0%
[libx264 @ 0x5bf396248e80] i4 v,h,dc,ddl,ddr,vr,hd,vl,hu: 39% 30% 10%  4%  2%  2%  4%  4%  5%
[libx264 @ 0x5bf396248e80] i8c dc,h,v,p: 82%  9%  8%  1%
[libx264 @ 0x5bf396248e80] Weighted P-Frames: Y:0.0% UV:0.0%
[libx264 @ 0x5bf396248e80] ref P L0: 96.2%  0.0%  0.4%  3.4%
[libx264 @ 0x5bf396248e80] ref B L0: 93.8%  6.2%
[libx264 @ 0x5bf396248e80] ref B L1: 91.9%  8.1%
[libx264 @ 0x5bf396248e80] kb/s:1058.80
ffmpeg version 7.0.2-3ubuntu1 Copyright (c) 2000-2024 the FFmpeg developers
  built with gcc 14 (Ubuntu 14.2.0-2ubuntu1)
  configuration: --prefix=/usr --extra-version=3ubuntu1 --toolchain=hardened --libdir=/usr/lib/x86_64-linux-gnu --incdir=/usr/include/x86_64-linux-gnu --arch=amd64 --enable-gpl --disable-stripping --disable-libmfx --disable-omx --enable-gnutls --enable-libaom --enable-libass --enable-libbs2b --enable-libcdio --enable-libcodec2 --enable-libdav1d --enable-libflite --enable-libfontconfig --enable-libfreetype --enable-libfribidi --enable-libglslang --enable-libgme --enable-libgsm --enable-libharfbuzz --enable-libmp3lame --enable-libmysofa --enable-libopenjpeg --enable-libopenmpt --enable-libopus --enable-librubberband --enable-libshine --enable-libsnappy --enable-libsoxr --enable-libspeex --enable-libtheora --enable-libtwolame --enable-libvidstab --enable-libvorbis --enable-libvpx --enable-libwebp --enable-libx265 --enable-libxml2 --enable-libxvid --enable-libzimg --enable-openal --enable-opencl --enable-opengl --disable-sndio --enable-libvpl --enable-libdc1394 --enable-libdrm --enable-libiec61883 --enable-chromaprint --enable-frei0r --enable-ladspa --enable-libbluray --enable-libcaca --enable-libdvdnav --enable-libdvdread --enable-libjack --enable-libpulse --enable-librabbitmq --enable-librist --enable-libsrt --enable-libssh --enable-libsvtav1 --enable-libx264 --enable-libzmq --enable-libzvbi --enable-lv2 --enable-sdl2 --enable-libplacebo --enable-librav1e --enable-pocketsphinx --enable-librsvg --enable-libjxl --enable-shared
  libavutil      59.  8.100 / 59.  8.100
  libavcodec     61.  3.100 / 61.  3.100
  libavformat    61.  1.100 / 61.  1.100
  libavdevice    61.  1.100 / 61.  1.100
  libavfilter    10.  1.100 / 10.  1.100
  libswscale      8.  1.100 /  8.  1.100
  libswresample   5.  1.100 /  5.  1.100
  libpostproc    58.  1.100 / 58.  1.100
Input #0, concat, from '/home/marco-lasagna/Scaricati/ffmpeg-java/inputFile.txt':
  Duration: N/A, start: 0.000000, bitrate: N/A
  Stream #0:0: Video: mjpeg (Baseline), yuvj420p(pc, bt470bg/unknown/unknown), 4501x4500 [SAR 1:1 DAR 4501:4500], 25 fps, 25 tbr, 25 tbn
Stream mapping:
  Stream #0:0 -> #0:0 (mjpeg (native) -> h264 (libx264))
Press [q] to stop, [?] for help
[swscaler @ 0x7bc598016b00] deprecated pixel format used, make sure you did set range correctly
    Last message repeated 1 times
[swscaler @ 0x7bc598b407c0] deprecated pixel format used, make sure you did set range correctly
    Last message repeated 1 times
[vost#0:0/libx264 @ 0x630049616ac0] No information about the input framerate is available. Falling back to a default value of 25fps. Use the -r option if you want a different framerate.
[libx264 @ 0x63004960ce80] using SAR=2048/4095
[libx264 @ 0x63004960ce80] using cpu capabilities: MMX2 SSE2Fast SSSE3 SSE4.2 AVX FMA3 BMI2 AVX2
[libx264 @ 0x63004960ce80] profile High, level 4.0, 4:2:0, 8-bit
[libx264 @ 0x63004960ce80] 264 - core 164 r3108 31e19f9 - H.264/MPEG-4 AVC codec - Copyleft 2003-2023 - http://www.videolan.org/x264.html - options: cabac=1 ref=3 deblock=1:0:0 analyse=0x3:0x113 me=hex subme=7 psy=1 psy_rd=1.00:0.00 mixed_ref=1 me_range=16 chroma_me=1 trellis=1 8x8dct=1 cqm=0 deadzone=21,11 fast_pskip=1 chroma_qp_offset=-2 threads=30 lookahead_threads=5 sliced_threads=0 nr=0 decimate=1 interlaced=0 bluray_compat=0 constrained_intra=0 bframes=3 b_pyramid=2 b_adapt=1 b_bias=0 direct=1 weightb=1 open_gop=0 weightp=2 keyint=250 keyint_min=25 scenecut=40 intra_refresh=0 rc_lookahead=40 rc=crf mbtree=1 crf=23.0 qcomp=0.60 qpmin=0 qpmax=69 qpstep=4 ip_ratio=1.40 aq=1:1.00
Output #0, mp4, to './src/test/resources/output/translation/tempVideo/020.mp4':
  Metadata:
    encoder         : Lavf61.1.100
  Stream #0:0: Video: h264 (avc1 / 0x31637661), yuvj420p(pc, progressive), 2048x1024 [SAR 4501:9000 DAR 4501:4500], q=2-31, 25 fps, 12800 tbn
      Metadata:
        encoder         : Lavc61.3.100 libx264
      Side data:
        cpb: bitrate max/min/avg: 0/0/0 buffer size: 0 vbv_delay: N/A
[out#0/mp4 @ 0x630049614b40] video:32KiB audio:0KiB subtitle:0KiB other streams:0KiB global headers:0KiB muxing overhead: 2.919820%
frame=    6 fps=0.0 q=-1.0 Lsize=      33KiB time=00:00:00.16 bitrate=1679.6kbits/s dup=0 drop=19 speed=0.635x    
[libx264 @ 0x63004960ce80] frame I:1     Avg QP:18.28  size: 29803
[libx264 @ 0x63004960ce80] frame P:2     Avg QP:19.40  size:   618
[libx264 @ 0x63004960ce80] frame B:3     Avg QP:33.34  size:   303
[libx264 @ 0x63004960ce80] consecutive B-frames: 33.3%  0.0%  0.0% 66.7%
[libx264 @ 0x63004960ce80] mb I  I16..4: 26.0% 63.8% 10.2%
[libx264 @ 0x63004960ce80] mb P  I16..4:  0.1%  0.2%  0.0%  P16..4:  0.8%  0.2%  0.1%  0.0%  0.0%    skip:98.6%
[libx264 @ 0x63004960ce80] mb B  I16..4:  0.0%  0.1%  0.0%  B16..8:  1.1%  0.1%  0.0%  direct: 0.1%  skip:98.7%  L0:34.1% L1:62.4% BI: 3.5%
[libx264 @ 0x63004960ce80] 8x8 transform intra:63.8% inter:20.2%
[libx264 @ 0x63004960ce80] coded y,uvDC,uvAC intra: 5.9% 10.1% 9.1% inter: 0.1% 0.0% 0.0%
[libx264 @ 0x63004960ce80] i16 v,h,dc,p: 88% 11%  1%  0%
[libx264 @ 0x63004960ce80] i8 v,h,dc,ddl,ddr,vr,hd,vl,hu: 44%  6% 50%  0%  0%  0%  0%  0%  0%
[libx264 @ 0x63004960ce80] i4 v,h,dc,ddl,ddr,vr,hd,vl,hu: 39% 30% 10%  4%  2%  2%  4%  4%  5%
[libx264 @ 0x63004960ce80] i8c dc,h,v,p: 82%  9%  8%  1%
[libx264 @ 0x63004960ce80] Weighted P-Frames: Y:0.0% UV:0.0%
[libx264 @ 0x63004960ce80] ref P L0: 94.8%  0.5%  0.4%  4.3%
[libx264 @ 0x63004960ce80] ref B L0: 89.0% 11.0%
[libx264 @ 0x63004960ce80] ref B L1: 95.6%  4.4%
[libx264 @ 0x63004960ce80] kb/s:1064.97
ffmpeg version 7.0.2-3ubuntu1 Copyright (c) 2000-2024 the FFmpeg developers
  built with gcc 14 (Ubuntu 14.2.0-2ubuntu1)
  configuration: --prefix=/usr --extra-version=3ubuntu1 --toolchain=hardened --libdir=/usr/lib/x86_64-linux-gnu --incdir=/usr/include/x86_64-linux-gnu --arch=amd64 --enable-gpl --disable-stripping --disable-libmfx --disable-omx --enable-gnutls --enable-libaom --enable-libass --enable-libbs2b --enable-libcdio --enable-libcodec2 --enable-libdav1d --enable-libflite --enable-libfontconfig --enable-libfreetype --enable-libfribidi --enable-libglslang --enable-libgme --enable-libgsm --enable-libharfbuzz --enable-libmp3lame --enable-libmysofa --enable-libopenjpeg --enable-libopenmpt --enable-libopus --enable-librubberband --enable-libshine --enable-libsnappy --enable-libsoxr --enable-libspeex --enable-libtheora --enable-libtwolame --enable-libvidstab --enable-libvorbis --enable-libvpx --enable-libwebp --enable-libx265 --enable-libxml2 --enable-libxvid --enable-libzimg --enable-openal --enable-opencl --enable-opengl --disable-sndio --enable-libvpl --enable-libdc1394 --enable-libdrm --enable-libiec61883 --enable-chromaprint --enable-frei0r --enable-ladspa --enable-libbluray --enable-libcaca --enable-libdvdnav --enable-libdvdread --enable-libjack --enable-libpulse --enable-librabbitmq --enable-librist --enable-libsrt --enable-libssh --enable-libsvtav1 --enable-libx264 --enable-libzmq --enable-libzvbi --enable-lv2 --enable-sdl2 --enable-libplacebo --enable-librav1e --enable-pocketsphinx --enable-librsvg --enable-libjxl --enable-shared
  libavutil      59.  8.100 / 59.  8.100
  libavcodec     61.  3.100 / 61.  3.100
  libavformat    61.  1.100 / 61.  1.100
  libavdevice    61.  1.100 / 61.  1.100
  libavfilter    10.  1.100 / 10.  1.100
  libswscale      8.  1.100 /  8.  1.100
  libswresample   5.  1.100 /  5.  1.100
  libpostproc    58.  1.100 / 58.  1.100
Input #0, concat, from '/home/marco-lasagna/Scaricati/ffmpeg-java/inputFile.txt':
  Duration: N/A, start: 0.000000, bitrate: N/A
  Stream #0:0: Video: mjpeg (Baseline), yuvj420p(pc, bt470bg/unknown/unknown), 4501x4500 [SAR 1:1 DAR 4501:4500], 25 fps, 25 tbr, 25 tbn
Stream mapping:
  Stream #0:0 -> #0:0 (mjpeg (native) -> h264 (libx264))
Press [q] to stop, [?] for help
[swscaler @ 0x741e98016b00] deprecated pixel format used, make sure you did set range correctly
    Last message repeated 1 times
[swscaler @ 0x741e98b407c0] deprecated pixel format used, make sure you did set range correctly
    Last message repeated 1 times
[vost#0:0/libx264 @ 0x6526c96c7ac0] No information about the input framerate is available. Falling back to a default value of 25fps. Use the -r option if you want a different framerate.
[libx264 @ 0x6526c96bde80] using SAR=2048/4095
[libx264 @ 0x6526c96bde80] using cpu capabilities: MMX2 SSE2Fast SSSE3 SSE4.2 AVX FMA3 BMI2 AVX2
[libx264 @ 0x6526c96bde80] profile High, level 4.0, 4:2:0, 8-bit
[libx264 @ 0x6526c96bde80] 264 - core 164 r3108 31e19f9 - H.264/MPEG-4 AVC codec - Copyleft 2003-2023 - http://www.videolan.org/x264.html - options: cabac=1 ref=3 deblock=1:0:0 analyse=0x3:0x113 me=hex subme=7 psy=1 psy_rd=1.00:0.00 mixed_ref=1 me_range=16 chroma_me=1 trellis=1 8x8dct=1 cqm=0 deadzone=21,11 fast_pskip=1 chroma_qp_offset=-2 threads=30 lookahead_threads=5 sliced_threads=0 nr=0 decimate=1 interlaced=0 bluray_compat=0 constrained_intra=0 bframes=3 b_pyramid=2 b_adapt=1 b_bias=0 direct=1 weightb=1 open_gop=0 weightp=2 keyint=250 keyint_min=25 scenecut=40 intra_refresh=0 rc_lookahead=40 rc=crf mbtree=1 crf=23.0 qcomp=0.60 qpmin=0 qpmax=69 qpstep=4 ip_ratio=1.40 aq=1:1.00
Output #0, mp4, to './src/test/resources/output/translation/tempVideo/030.mp4':
  Metadata:
    encoder         : Lavf61.1.100
  Stream #0:0: Video: h264 (avc1 / 0x31637661), yuvj420p(pc, progressive), 2048x1024 [SAR 4501:9000 DAR 4501:4500], q=2-31, 25 fps, 12800 tbn
      Metadata:
        encoder         : Lavc61.3.100 libx264
      Side data:
        cpb: bitrate max/min/avg: 0/0/0 buffer size: 0 vbv_delay: N/A
[out#0/mp4 @ 0x6526c96c5b40] video:32KiB audio:0KiB subtitle:0KiB other streams:0KiB global headers:0KiB muxing overhead: 2.891323%
frame=    6 fps=0.0 q=-1.0 Lsize=      33KiB time=00:00:00.16 bitrate=1681.5kbits/s dup=0 drop=19 speed=0.609x    
[libx264 @ 0x6526c96bde80] frame I:1     Avg QP:18.28  size: 29933
[libx264 @ 0x6526c96bde80] frame P:2     Avg QP:18.95  size:   627
[libx264 @ 0x6526c96bde80] frame B:3     Avg QP:26.99  size:   269
[libx264 @ 0x6526c96bde80] consecutive B-frames: 16.7% 33.3% 50.0%  0.0%
[libx264 @ 0x6526c96bde80] mb I  I16..4: 24.9% 64.8% 10.2%
[libx264 @ 0x6526c96bde80] mb P  I16..4:  0.1%  0.1%  0.0%  P16..4:  1.3%  0.3%  0.1%  0.0%  0.0%    skip:98.2%
[libx264 @ 0x6526c96bde80] mb B  I16..4:  0.0%  0.0%  0.0%  B16..8:  1.3%  0.0%  0.0%  direct: 0.1%  skip:98.6%  L0:51.1% L1:47.3% BI: 1.5%
[libx264 @ 0x6526c96bde80] 8x8 transform intra:64.8% inter:14.7%
[libx264 @ 0x6526c96bde80] coded y,uvDC,uvAC intra: 5.9% 10.1% 9.1% inter: 0.1% 0.0% 0.0%
[libx264 @ 0x6526c96bde80] i16 v,h,dc,p: 88% 12%  1%  0%
[libx264 @ 0x6526c96bde80] i8 v,h,dc,ddl,ddr,vr,hd,vl,hu: 53% 15% 32%  0%  0%  0%  0%  0%  0%
[libx264 @ 0x6526c96bde80] i4 v,h,dc,ddl,ddr,vr,hd,vl,hu: 41% 29%  9%  4%  2%  2%  4%  4%  5%
[libx264 @ 0x6526c96bde80] i8c dc,h,v,p: 82%  9%  8%  1%
[libx264 @ 0x6526c96bde80] Weighted P-Frames: Y:0.0% UV:0.0%
[libx264 @ 0x6526c96bde80] ref P L0: 96.5%  0.3%  2.2%  0.9%
[libx264 @ 0x6526c96bde80] ref B L0: 42.9% 57.1%
[libx264 @ 0x6526c96bde80] kb/s:1066.47
ffmpeg version 7.0.2-3ubuntu1 Copyright (c) 2000-2024 the FFmpeg developers
  built with gcc 14 (Ubuntu 14.2.0-2ubuntu1)
  configuration: --prefix=/usr --extra-version=3ubuntu1 --toolchain=hardened --libdir=/usr/lib/x86_64-linux-gnu --incdir=/usr/include/x86_64-linux-gnu --arch=amd64 --enable-gpl --disable-stripping --disable-libmfx --disable-omx --enable-gnutls --enable-libaom --enable-libass --enable-libbs2b --enable-libcdio --enable-libcodec2 --enable-libdav1d --enable-libflite --enable-libfontconfig --enable-libfreetype --enable-libfribidi --enable-libglslang --enable-libgme --enable-libgsm --enable-libharfbuzz --enable-libmp3lame --enable-libmysofa --enable-libopenjpeg --enable-libopenmpt --enable-libopus --enable-librubberband --enable-libshine --enable-libsnappy --enable-libsoxr --enable-libspeex --enable-libtheora --enable-libtwolame --enable-libvidstab --enable-libvorbis --enable-libvpx --enable-libwebp --enable-libx265 --enable-libxml2 --enable-libxvid --enable-libzimg --enable-openal --enable-opencl --enable-opengl --disable-sndio --enable-libvpl --enable-libdc1394 --enable-libdrm --enable-libiec61883 --enable-chromaprint --enable-frei0r --enable-ladspa --enable-libbluray --enable-libcaca --enable-libdvdnav --enable-libdvdread --enable-libjack --enable-libpulse --enable-librabbitmq --enable-librist --enable-libsrt --enable-libssh --enable-libsvtav1 --enable-libx264 --enable-libzmq --enable-libzvbi --enable-lv2 --enable-sdl2 --enable-libplacebo --enable-librav1e --enable-pocketsphinx --enable-librsvg --enable-libjxl --enable-shared
  libavutil      59.  8.100 / 59.  8.100
  libavcodec     61.  3.100 / 61.  3.100
  libavformat    61.  1.100 / 61.  1.100
  libavdevice    61.  1.100 / 61.  1.100
  libavfilter    10.  1.100 / 10.  1.100
  libswscale      8.  1.100 /  8.  1.100
  libswresample   5.  1.100 /  5.  1.100
  libpostproc    58.  1.100 / 58.  1.100
Input #0, concat, from '/home/marco-lasagna/Scaricati/ffmpeg-java/inputFile.txt':
  Duration: N/A, start: 0.000000, bitrate: N/A
  Stream #0:0: Video: mjpeg (Baseline), yuvj420p(pc, bt470bg/unknown/unknown), 4501x4500 [SAR 1:1 DAR 4501:4500], 25 fps, 25 tbr, 25 tbn
Stream mapping:
  Stream #0:0 -> #0:0 (mjpeg (native) -> h264 (libx264))
Press [q] to stop, [?] for help
[swscaler @ 0x7307ac016b00] deprecated pixel format used, make sure you did set range correctly
    Last message repeated 1 times
[swscaler @ 0x7307acb407c0] deprecated pixel format used, make sure you did set range correctly
    Last message repeated 1 times
[vost#0:0/libx264 @ 0x606aaa7fcac0] No information about the input framerate is available. Falling back to a default value of 25fps. Use the -r option if you want a different framerate.
[libx264 @ 0x606aaa7f2e80] using SAR=2048/4095
[libx264 @ 0x606aaa7f2e80] using cpu capabilities: MMX2 SSE2Fast SSSE3 SSE4.2 AVX FMA3 BMI2 AVX2
[libx264 @ 0x606aaa7f2e80] profile High, level 4.0, 4:2:0, 8-bit
[libx264 @ 0x606aaa7f2e80] 264 - core 164 r3108 31e19f9 - H.264/MPEG-4 AVC codec - Copyleft 2003-2023 - http://www.videolan.org/x264.html - options: cabac=1 ref=3 deblock=1:0:0 analyse=0x3:0x113 me=hex subme=7 psy=1 psy_rd=1.00:0.00 mixed_ref=1 me_range=16 chroma_me=1 trellis=1 8x8dct=1 cqm=0 deadzone=21,11 fast_pskip=1 chroma_qp_offset=-2 threads=30 lookahead_threads=5 sliced_threads=0 nr=0 decimate=1 interlaced=0 bluray_compat=0 constrained_intra=0 bframes=3 b_pyramid=2 b_adapt=1 b_bias=0 direct=1 weightb=1 open_gop=0 weightp=2 keyint=250 keyint_min=25 scenecut=40 intra_refresh=0 rc_lookahead=40 rc=crf mbtree=1 crf=23.0 qcomp=0.60 qpmin=0 qpmax=69 qpstep=4 ip_ratio=1.40 aq=1:1.00
Output #0, mp4, to './src/test/resources/output/translation/tempVideo/040.mp4':
  Metadata:
    encoder         : Lavf61.1.100
  Stream #0:0: Video: h264 (avc1 / 0x31637661), yuvj420p(pc, progressive), 2048x1024 [SAR 4501:9000 DAR 4501:4500], q=2-31, 25 fps, 12800 tbn
      Metadata:
        encoder         : Lavc61.3.100 libx264
      Side data:
        cpb: bitrate max/min/avg: 0/0/0 buffer size: 0 vbv_delay: N/A
[out#0/mp4 @ 0x606aaa7fab40] video:32KiB audio:0KiB subtitle:0KiB other streams:0KiB global headers:0KiB muxing overhead: 2.920178%
frame=    6 fps=0.0 q=-1.0 Lsize=      33KiB time=00:00:00.16 bitrate=1679.4kbits/s dup=0 drop=19 speed=0.604x    
[libx264 @ 0x606aaa7f2e80] frame I:1     Avg QP:18.47  size: 29889
[libx264 @ 0x606aaa7f2e80] frame P:2     Avg QP:18.33  size:   594
[libx264 @ 0x606aaa7f2e80] frame B:3     Avg QP:33.71  size:   289
[libx264 @ 0x606aaa7f2e80] consecutive B-frames: 33.3%  0.0%  0.0% 66.7%
[libx264 @ 0x606aaa7f2e80] mb I  I16..4: 25.7% 64.1% 10.2%
[libx264 @ 0x606aaa7f2e80] mb P  I16..4:  0.1%  0.1%  0.0%  P16..4:  1.2%  0.2%  0.1%  0.0%  0.0%    skip:98.3%
[libx264 @ 0x606aaa7f2e80] mb B  I16..4:  0.0%  0.0%  0.0%  B16..8:  1.1%  0.1%  0.0%  direct: 0.1%  skip:98.7%  L0:54.6% L1:40.9% BI: 4.5%
[libx264 @ 0x606aaa7f2e80] 8x8 transform intra:64.1% inter:19.8%
[libx264 @ 0x606aaa7f2e80] coded y,uvDC,uvAC intra: 5.9% 10.2% 9.1% inter: 0.1% 0.0% 0.0%
[libx264 @ 0x606aaa7f2e80] i16 v,h,dc,p: 87% 12%  1%  0%
[libx264 @ 0x606aaa7f2e80] i8 v,h,dc,ddl,ddr,vr,hd,vl,hu: 51% 15% 34%  0%  0%  0%  0%  0%  0%
[libx264 @ 0x606aaa7f2e80] i4 v,h,dc,ddl,ddr,vr,hd,vl,hu: 37% 31% 11%  4%  2%  2%  4%  4%  5%
[libx264 @ 0x606aaa7f2e80] i8c dc,h,v,p: 82%  9%  8%  1%
[libx264 @ 0x606aaa7f2e80] Weighted P-Frames: Y:0.0% UV:0.0%
[libx264 @ 0x606aaa7f2e80] ref P L0: 98.6%  0.0%  0.0%  1.4%
[libx264 @ 0x606aaa7f2e80] ref B L0: 90.2%  9.8%
[libx264 @ 0x606aaa7f2e80] ref B L1: 92.4%  7.6%
[libx264 @ 0x606aaa7f2e80] kb/s:1064.83
ffmpeg version 7.0.2-3ubuntu1 Copyright (c) 2000-2024 the FFmpeg developers
  built with gcc 14 (Ubuntu 14.2.0-2ubuntu1)
  configuration: --prefix=/usr --extra-version=3ubuntu1 --toolchain=hardened --libdir=/usr/lib/x86_64-linux-gnu --incdir=/usr/include/x86_64-linux-gnu --arch=amd64 --enable-gpl --disable-stripping --disable-libmfx --disable-omx --enable-gnutls --enable-libaom --enable-libass --enable-libbs2b --enable-libcdio --enable-libcodec2 --enable-libdav1d --enable-libflite --enable-libfontconfig --enable-libfreetype --enable-libfribidi --enable-libglslang --enable-libgme --enable-libgsm --enable-libharfbuzz --enable-libmp3lame --enable-libmysofa --enable-libopenjpeg --enable-libopenmpt --enable-libopus --enable-librubberband --enable-libshine --enable-libsnappy --enable-libsoxr --enable-libspeex --enable-libtheora --enable-libtwolame --enable-libvidstab --enable-libvorbis --enable-libvpx --enable-libwebp --enable-libx265 --enable-libxml2 --enable-libxvid --enable-libzimg --enable-openal --enable-opencl --enable-opengl --disable-sndio --enable-libvpl --enable-libdc1394 --enable-libdrm --enable-libiec61883 --enable-chromaprint --enable-frei0r --enable-ladspa --enable-libbluray --enable-libcaca --enable-libdvdnav --enable-libdvdread --enable-libjack --enable-libpulse --enable-librabbitmq --enable-librist --enable-libsrt --enable-libssh --enable-libsvtav1 --enable-libx264 --enable-libzmq --enable-libzvbi --enable-lv2 --enable-sdl2 --enable-libplacebo --enable-librav1e --enable-pocketsphinx --enable-librsvg --enable-libjxl --enable-shared
  libavutil      59.  8.100 / 59.  8.100
  libavcodec     61.  3.100 / 61.  3.100
  libavformat    61.  1.100 / 61.  1.100
  libavdevice    61.  1.100 / 61.  1.100
  libavfilter    10.  1.100 / 10.  1.100
  libswscale      8.  1.100 /  8.  1.100
  libswresample   5.  1.100 /  5.  1.100
  libpostproc    58.  1.100 / 58.  1.100
Input #0, concat, from '/home/marco-lasagna/Scaricati/ffmpeg-java/inputFile.txt':
  Duration: N/A, start: 0.000000, bitrate: N/A
  Stream #0:0: Video: mjpeg (Baseline), yuvj420p(pc, bt470bg/unknown/unknown), 4501x4500 [SAR 1:1 DAR 4501:4500], 25 fps, 25 tbr, 25 tbn
Stream mapping:
  Stream #0:0 -> #0:0 (mjpeg (native) -> h264 (libx264))
Press [q] to stop, [?] for help
[swscaler @ 0x75b668016b00] deprecated pixel format used, make sure you did set range correctly
    Last message repeated 1 times
[swscaler @ 0x75b668b407c0] deprecated pixel format used, make sure you did set range correctly
    Last message repeated 1 times
[vost#0:0/libx264 @ 0x58d72ef36ac0] No information about the input framerate is available. Falling back to a default value of 25fps. Use the -r option if you want a different framerate.
[libx264 @ 0x58d72ef2ce80] using SAR=2048/4095
[libx264 @ 0x58d72ef2ce80] using cpu capabilities: MMX2 SSE2Fast SSSE3 SSE4.2 AVX FMA3 BMI2 AVX2
[libx264 @ 0x58d72ef2ce80] profile High, level 4.0, 4:2:0, 8-bit
[libx264 @ 0x58d72ef2ce80] 264 - core 164 r3108 31e19f9 - H.264/MPEG-4 AVC codec - Copyleft 2003-2023 - http://www.videolan.org/x264.html - options: cabac=1 ref=3 deblock=1:0:0 analyse=0x3:0x113 me=hex subme=7 psy=1 psy_rd=1.00:0.00 mixed_ref=1 me_range=16 chroma_me=1 trellis=1 8x8dct=1 cqm=0 deadzone=21,11 fast_pskip=1 chroma_qp_offset=-2 threads=30 lookahead_threads=5 sliced_threads=0 nr=0 decimate=1 interlaced=0 bluray_compat=0 constrained_intra=0 bframes=3 b_pyramid=2 b_adapt=1 b_bias=0 direct=1 weightb=1 open_gop=0 weightp=2 keyint=250 keyint_min=25 scenecut=40 intra_refresh=0 rc_lookahead=40 rc=crf mbtree=1 crf=23.0 qcomp=0.60 qpmin=0 qpmax=69 qpstep=4 ip_ratio=1.40 aq=1:1.00
Output #0, mp4, to './src/test/resources/output/translation/tempVideo/050.mp4':
  Metadata:
    encoder         : Lavf61.1.100
  Stream #0:0: Video: h264 (avc1 / 0x31637661), yuvj420p(pc, progressive), 2048x1024 [SAR 4501:9000 DAR 4501:4500], q=2-31, 25 fps, 12800 tbn
      Metadata:
        encoder         : Lavc61.3.100 libx264
      Side data:
        cpb: bitrate max/min/avg: 0/0/0 buffer size: 0 vbv_delay: N/A
[out#0/mp4 @ 0x58d72ef34b40] video:32KiB audio:0KiB subtitle:0KiB other streams:0KiB global headers:0KiB muxing overhead: 2.929513%
frame=    6 fps=0.0 q=-1.0 Lsize=      33KiB time=00:00:00.16 bitrate=1674.2kbits/s dup=0 drop=19 speed=0.62x    
[libx264 @ 0x58d72ef2ce80] frame I:1     Avg QP:18.60  size: 30011
[libx264 @ 0x58d72ef2ce80] frame P:2     Avg QP:20.27  size:   503
[libx264 @ 0x58d72ef2ce80] frame B:3     Avg QP:14.99  size:   275
[libx264 @ 0x58d72ef2ce80] consecutive B-frames: 33.3%  0.0%  0.0% 66.7%
[libx264 @ 0x58d72ef2ce80] mb I  I16..4: 17.0% 72.7% 10.3%
[libx264 @ 0x58d72ef2ce80] mb P  I16..4:  0.1%  0.1%  0.0%  P16..4:  0.9%  0.2%  0.0%  0.0%  0.0%    skip:98.7%
[libx264 @ 0x58d72ef2ce80] mb B  I16..4:  0.0%  0.0%  0.0%  B16..8:  1.0%  0.1%  0.0%  direct: 0.0%  skip:98.8%  L0:60.6% L1:35.0% BI: 4.4%
[libx264 @ 0x58d72ef2ce80] 8x8 transform intra:72.5% inter:27.6%
[libx264 @ 0x58d72ef2ce80] coded y,uvDC,uvAC intra: 5.9% 10.1% 9.1% inter: 0.1% 0.0% 0.0%
[libx264 @ 0x58d72ef2ce80] i16 v,h,dc,p: 82% 17%  1%  0%
[libx264 @ 0x58d72ef2ce80] i8 v,h,dc,ddl,ddr,vr,hd,vl,hu: 45%  6% 48%  0%  0%  0%  0%  0%  0%
[libx264 @ 0x58d72ef2ce80] i4 v,h,dc,ddl,ddr,vr,hd,vl,hu: 40% 30%  9%  4%  2%  2%  4%  4%  5%
[libx264 @ 0x58d72ef2ce80] i8c dc,h,v,p: 82%  9%  8%  1%
[libx264 @ 0x58d72ef2ce80] Weighted P-Frames: Y:0.0% UV:0.0%
[libx264 @ 0x58d72ef2ce80] ref P L0: 92.7%  0.0%  2.8%  4.5%
[libx264 @ 0x58d72ef2ce80] ref B L0: 93.4%  6.6%
[libx264 @ 0x58d72ef2ce80] ref B L1: 93.6%  6.4%
[libx264 @ 0x58d72ef2ce80] kb/s:1061.37
ffmpeg version 7.0.2-3ubuntu1 Copyright (c) 2000-2024 the FFmpeg developers
  built with gcc 14 (Ubuntu 14.2.0-2ubuntu1)
  configuration: --prefix=/usr --extra-version=3ubuntu1 --toolchain=hardened --libdir=/usr/lib/x86_64-linux-gnu --incdir=/usr/include/x86_64-linux-gnu --arch=amd64 --enable-gpl --disable-stripping --disable-libmfx --disable-omx --enable-gnutls --enable-libaom --enable-libass --enable-libbs2b --enable-libcdio --enable-libcodec2 --enable-libdav1d --enable-libflite --enable-libfontconfig --enable-libfreetype --enable-libfribidi --enable-libglslang --enable-libgme --enable-libgsm --enable-libharfbuzz --enable-libmp3lame --enable-libmysofa --enable-libopenjpeg --enable-libopenmpt --enable-libopus --enable-librubberband --enable-libshine --enable-libsnappy --enable-libsoxr --enable-libspeex --enable-libtheora --enable-libtwolame --enable-libvidstab --enable-libvorbis --enable-libvpx --enable-libwebp --enable-libx265 --enable-libxml2 --enable-libxvid --enable-libzimg --enable-openal --enable-opencl --enable-opengl --disable-sndio --enable-libvpl --enable-libdc1394 --enable-libdrm --enable-libiec61883 --enable-chromaprint --enable-frei0r --enable-ladspa --enable-libbluray --enable-libcaca --enable-libdvdnav --enable-libdvdread --enable-libjack --enable-libpulse --enable-librabbitmq --enable-librist --enable-libsrt --enable-libssh --enable-libsvtav1 --enable-libx264 --enable-libzmq --enable-libzvbi --enable-lv2 --enable-sdl2 --enable-libplacebo --enable-librav1e --enable-pocketsphinx --enable-librsvg --enable-libjxl --enable-shared
  libavutil      59.  8.100 / 59.  8.100
  libavcodec     61.  3.100 / 61.  3.100
  libavformat    61.  1.100 / 61.  1.100
  libavdevice    61.  1.100 / 61.  1.100
  libavfilter    10.  1.100 / 10.  1.100
  libswscale      8.  1.100 /  8.  1.100
  libswresample   5.  1.100 /  5.  1.100
  libpostproc    58.  1.100 / 58.  1.100
Input #0, concat, from '/home/marco-lasagna/Scaricati/ffmpeg-java/inputFile.txt':
  Duration: N/A, start: 0.000000, bitrate: N/A
  Stream #0:0: Video: mjpeg (Baseline), yuvj420p(pc, bt470bg/unknown/unknown), 4501x4500 [SAR 1:1 DAR 4501:4500], 25 fps, 25 tbr, 25 tbn
Stream mapping:
  Stream #0:0 -> #0:0 (mjpeg (native) -> h264 (libx264))
Press [q] to stop, [?] for help
[swscaler @ 0x797764016b00] deprecated pixel format used, make sure you did set range correctly
    Last message repeated 1 times
[swscaler @ 0x797764b407c0] deprecated pixel format used, make sure you did set range correctly
    Last message repeated 1 times
[vost#0:0/libx264 @ 0x5a99ac168ac0] No information about the input framerate is available. Falling back to a default value of 25fps. Use the -r option if you want a different framerate.
[libx264 @ 0x5a99ac15ee80] using SAR=2048/4095
[libx264 @ 0x5a99ac15ee80] using cpu capabilities: MMX2 SSE2Fast SSSE3 SSE4.2 AVX FMA3 BMI2 AVX2
[libx264 @ 0x5a99ac15ee80] profile High, level 4.0, 4:2:0, 8-bit
[libx264 @ 0x5a99ac15ee80] 264 - core 164 r3108 31e19f9 - H.264/MPEG-4 AVC codec - Copyleft 2003-2023 - http://www.videolan.org/x264.html - options: cabac=1 ref=3 deblock=1:0:0 analyse=0x3:0x113 me=hex subme=7 psy=1 psy_rd=1.00:0.00 mixed_ref=1 me_range=16 chroma_me=1 trellis=1 8x8dct=1 cqm=0 deadzone=21,11 fast_pskip=1 chroma_qp_offset=-2 threads=30 lookahead_threads=5 sliced_threads=0 nr=0 decimate=1 interlaced=0 bluray_compat=0 constrained_intra=0 bframes=3 b_pyramid=2 b_adapt=1 b_bias=0 direct=1 weightb=1 open_gop=0 weightp=2 keyint=250 keyint_min=25 scenecut=40 intra_refresh=0 rc_lookahead=40 rc=crf mbtree=1 crf=23.0 qcomp=0.60 qpmin=0 qpmax=69 qpstep=4 ip_ratio=1.40 aq=1:1.00
Output #0, mp4, to './src/test/resources/output/translation/tempVideo/060.mp4':
  Metadata:
    encoder         : Lavf61.1.100
  Stream #0:0: Video: h264 (avc1 / 0x31637661), yuvj420p(pc, progressive), 2048x1024 [SAR 4501:9000 DAR 4501:4500], q=2-31, 25 fps, 12800 tbn
      Metadata:
        encoder         : Lavc61.3.100 libx264
      Side data:
        cpb: bitrate max/min/avg: 0/0/0 buffer size: 0 vbv_delay: N/A
[out#0/mp4 @ 0x5a99ac166b40] video:32KiB audio:0KiB subtitle:0KiB other streams:0KiB global headers:0KiB muxing overhead: 2.918657%
frame=    6 fps=0.0 q=-1.0 Lsize=      33KiB time=00:00:00.16 bitrate=1680.2kbits/s dup=0 drop=19 speed=0.606x    
[libx264 @ 0x5a99ac15ee80] frame I:1     Avg QP:18.37  size: 29979
[libx264 @ 0x5a99ac15ee80] frame P:2     Avg QP:18.41  size:   546
[libx264 @ 0x5a99ac15ee80] frame B:3     Avg QP:26.52  size:   297
[libx264 @ 0x5a99ac15ee80] consecutive B-frames: 33.3%  0.0%  0.0% 66.7%
[libx264 @ 0x5a99ac15ee80] mb I  I16..4: 25.6% 64.2% 10.2%
[libx264 @ 0x5a99ac15ee80] mb P  I16..4:  0.1%  0.1%  0.0%  P16..4:  0.5%  0.1%  0.1%  0.0%  0.0%    skip:99.0%
[libx264 @ 0x5a99ac15ee80] mb B  I16..4:  0.0%  0.1%  0.0%  B16..8:  1.3%  0.0%  0.0%  direct: 0.1%  skip:98.5%  L0:23.6% L1:73.9% BI: 2.6%
[libx264 @ 0x5a99ac15ee80] 8x8 transform intra:64.2% inter:20.8%
[libx264 @ 0x5a99ac15ee80] coded y,uvDC,uvAC intra: 5.9% 10.2% 9.1% inter: 0.1% 0.0% 0.0%
[libx264 @ 0x5a99ac15ee80] i16 v,h,dc,p: 87% 12%  1%  0%
[libx264 @ 0x5a99ac15ee80] i8 v,h,dc,ddl,ddr,vr,hd,vl,hu: 48%  5% 47%  0%  0%  0%  0%  0%  0%
[libx264 @ 0x5a99ac15ee80] i4 v,h,dc,ddl,ddr,vr,hd,vl,hu: 39% 30%  9%  4%  2%  2%  4%  4%  5%
[libx264 @ 0x5a99ac15ee80] i8c dc,h,v,p: 82%  9%  8%  1%
[libx264 @ 0x5a99ac15ee80] Weighted P-Frames: Y:0.0% UV:0.0%
[libx264 @ 0x5a99ac15ee80] ref P L0: 95.8%  1.2%  0.8%  2.2%
[libx264 @ 0x5a99ac15ee80] ref B L0: 93.1%  6.9%
[libx264 @ 0x5a99ac15ee80] ref B L1: 95.9%  4.1%
[libx264 @ 0x5a99ac15ee80] kb/s:1065.40
ffmpeg version 7.0.2-3ubuntu1 Copyright (c) 2000-2024 the FFmpeg developers
  built with gcc 14 (Ubuntu 14.2.0-2ubuntu1)
  configuration: --prefix=/usr --extra-version=3ubuntu1 --toolchain=hardened --libdir=/usr/lib/x86_64-linux-gnu --incdir=/usr/include/x86_64-linux-gnu --arch=amd64 --enable-gpl --disable-stripping --disable-libmfx --disable-omx --enable-gnutls --enable-libaom --enable-libass --enable-libbs2b --enable-libcdio --enable-libcodec2 --enable-libdav1d --enable-libflite --enable-libfontconfig --enable-libfreetype --enable-libfribidi --enable-libglslang --enable-libgme --enable-libgsm --enable-libharfbuzz --enable-libmp3lame --enable-libmysofa --enable-libopenjpeg --enable-libopenmpt --enable-libopus --enable-librubberband --enable-libshine --enable-libsnappy --enable-libsoxr --enable-libspeex --enable-libtheora --enable-libtwolame --enable-libvidstab --enable-libvorbis --enable-libvpx --enable-libwebp --enable-libx265 --enable-libxml2 --enable-libxvid --enable-libzimg --enable-openal --enable-opencl --enable-opengl --disable-sndio --enable-libvpl --enable-libdc1394 --enable-libdrm --enable-libiec61883 --enable-chromaprint --enable-frei0r --enable-ladspa --enable-libbluray --enable-libcaca --enable-libdvdnav --enable-libdvdread --enable-libjack --enable-libpulse --enable-librabbitmq --enable-librist --enable-libsrt --enable-libssh --enable-libsvtav1 --enable-libx264 --enable-libzmq --enable-libzvbi --enable-lv2 --enable-sdl2 --enable-libplacebo --enable-librav1e --enable-pocketsphinx --enable-librsvg --enable-libjxl --enable-shared
  libavutil      59.  8.100 / 59.  8.100
  libavcodec     61.  3.100 / 61.  3.100
  libavformat    61.  1.100 / 61.  1.100
  libavdevice    61.  1.100 / 61.  1.100
  libavfilter    10.  1.100 / 10.  1.100
  libswscale      8.  1.100 /  8.  1.100
  libswresample   5.  1.100 /  5.  1.100
  libpostproc    58.  1.100 / 58.  1.100
Input #0, concat, from '/home/marco-lasagna/Scaricati/ffmpeg-java/inputFile.txt':
  Duration: N/A, start: 0.000000, bitrate: N/A
  Stream #0:0: Video: mjpeg (Baseline), yuvj420p(pc, bt470bg/unknown/unknown), 4501x4500 [SAR 1:1 DAR 4501:4500], 25 fps, 25 tbr, 25 tbn
Stream mapping:
  Stream #0:0 -> #0:0 (mjpeg (native) -> h264 (libx264))
Press [q] to stop, [?] for help
[swscaler @ 0x70f770016b00] deprecated pixel format used, make sure you did set range correctly
    Last message repeated 1 times
[swscaler @ 0x70f770b407c0] deprecated pixel format used, make sure you did set range correctly
    Last message repeated 1 times
[vost#0:0/libx264 @ 0x5cb2f708dac0] No information about the input framerate is available. Falling back to a default value of 25fps. Use the -r option if you want a different framerate.
[libx264 @ 0x5cb2f7083e80] using SAR=2048/4095
[libx264 @ 0x5cb2f7083e80] using cpu capabilities: MMX2 SSE2Fast SSSE3 SSE4.2 AVX FMA3 BMI2 AVX2
[libx264 @ 0x5cb2f7083e80] profile High, level 4.0, 4:2:0, 8-bit
[libx264 @ 0x5cb2f7083e80] 264 - core 164 r3108 31e19f9 - H.264/MPEG-4 AVC codec - Copyleft 2003-2023 - http://www.videolan.org/x264.html - options: cabac=1 ref=3 deblock=1:0:0 analyse=0x3:0x113 me=hex subme=7 psy=1 psy_rd=1.00:0.00 mixed_ref=1 me_range=16 chroma_me=1 trellis=1 8x8dct=1 cqm=0 deadzone=21,11 fast_pskip=1 chroma_qp_offset=-2 threads=30 lookahead_threads=5 sliced_threads=0 nr=0 decimate=1 interlaced=0 bluray_compat=0 constrained_intra=0 bframes=3 b_pyramid=2 b_adapt=1 b_bias=0 direct=1 weightb=1 open_gop=0 weightp=2 keyint=250 keyint_min=25 scenecut=40 intra_refresh=0 rc_lookahead=40 rc=crf mbtree=1 crf=23.0 qcomp=0.60 qpmin=0 qpmax=69 qpstep=4 ip_ratio=1.40 aq=1:1.00
Output #0, mp4, to './src/test/resources/output/translation/tempVideo/070.mp4':
  Metadata:
    encoder         : Lavf61.1.100
  Stream #0:0: Video: h264 (avc1 / 0x31637661), yuvj420p(pc, progressive), 2048x1024 [SAR 4501:9000 DAR 4501:4500], q=2-31, 25 fps, 12800 tbn
      Metadata:
        encoder         : Lavc61.3.100 libx264
      Side data:
        cpb: bitrate max/min/avg: 0/0/0 buffer size: 0 vbv_delay: N/A
[out#0/mp4 @ 0x5cb2f708bb40] video:32KiB audio:0KiB subtitle:0KiB other streams:0KiB global headers:0KiB muxing overhead: 2.907261%
frame=    6 fps=0.0 q=-1.0 Lsize=      33KiB time=00:00:00.16 bitrate=1686.7kbits/s dup=0 drop=19 speed=0.55x    
[libx264 @ 0x5cb2f7083e80] frame I:1     Avg QP:18.46  size: 30173
[libx264 @ 0x5cb2f7083e80] frame P:2     Avg QP:19.86  size:   534
[libx264 @ 0x5cb2f7083e80] frame B:3     Avg QP:26.41  size:   283
[libx264 @ 0x5cb2f7083e80] consecutive B-frames: 33.3%  0.0%  0.0% 66.7%
[libx264 @ 0x5cb2f7083e80] mb I  I16..4: 17.2% 72.6% 10.2%
[libx264 @ 0x5cb2f7083e80] mb P  I16..4:  0.1%  0.1%  0.0%  P16..4:  0.4%  0.2%  0.1%  0.0%  0.0%    skip:99.1%
[libx264 @ 0x5cb2f7083e80] mb B  I16..4:  0.0%  0.0%  0.0%  B16..8:  1.0%  0.1%  0.0%  direct: 0.0%  skip:98.8%  L0:31.3% L1:66.2% BI: 2.5%
[libx264 @ 0x5cb2f7083e80] 8x8 transform intra:72.4% inter:16.2%
[libx264 @ 0x5cb2f7083e80] coded y,uvDC,uvAC intra: 5.9% 10.1% 9.1% inter: 0.1% 0.0% 0.0%
[libx264 @ 0x5cb2f7083e80] i16 v,h,dc,p: 82% 17%  1%  0%
[libx264 @ 0x5cb2f7083e80] i8 v,h,dc,ddl,ddr,vr,hd,vl,hu: 44%  7% 49%  0%  0%  0%  0%  0%  0%
[libx264 @ 0x5cb2f7083e80] i4 v,h,dc,ddl,ddr,vr,hd,vl,hu: 39% 30%  9%  4%  2%  2%  4%  4%  5%
[libx264 @ 0x5cb2f7083e80] i8c dc,h,v,p: 82%  9%  8%  1%
[libx264 @ 0x5cb2f7083e80] Weighted P-Frames: Y:0.0% UV:0.0%
[libx264 @ 0x5cb2f7083e80] ref P L0: 94.7%  0.4%  1.8%  3.1%
[libx264 @ 0x5cb2f7083e80] ref B L0: 89.5% 10.5%
[libx264 @ 0x5cb2f7083e80] ref B L1: 93.3%  6.7%
[libx264 @ 0x5cb2f7083e80] kb/s:1069.67
ffmpeg version 7.0.2-3ubuntu1 Copyright (c) 2000-2024 the FFmpeg developers
  built with gcc 14 (Ubuntu 14.2.0-2ubuntu1)
  configuration: --prefix=/usr --extra-version=3ubuntu1 --toolchain=hardened --libdir=/usr/lib/x86_64-linux-gnu --incdir=/usr/include/x86_64-linux-gnu --arch=amd64 --enable-gpl --disable-stripping --disable-libmfx --disable-omx --enable-gnutls --enable-libaom --enable-libass --enable-libbs2b --enable-libcdio --enable-libcodec2 --enable-libdav1d --enable-libflite --enable-libfontconfig --enable-libfreetype --enable-libfribidi --enable-libglslang --enable-libgme --enable-libgsm --enable-libharfbuzz --enable-libmp3lame --enable-libmysofa --enable-libopenjpeg --enable-libopenmpt --enable-libopus --enable-librubberband --enable-libshine --enable-libsnappy --enable-libsoxr --enable-libspeex --enable-libtheora --enable-libtwolame --enable-libvidstab --enable-libvorbis --enable-libvpx --enable-libwebp --enable-libx265 --enable-libxml2 --enable-libxvid --enable-libzimg --enable-openal --enable-opencl --enable-opengl --disable-sndio --enable-libvpl --enable-libdc1394 --enable-libdrm --enable-libiec61883 --enable-chromaprint --enable-frei0r --enable-ladspa --enable-libbluray --enable-libcaca --enable-libdvdnav --enable-libdvdread --enable-libjack --enable-libpulse --enable-librabbitmq --enable-librist --enable-libsrt --enable-libssh --enable-libsvtav1 --enable-libx264 --enable-libzmq --enable-libzvbi --enable-lv2 --enable-sdl2 --enable-libplacebo --enable-librav1e --enable-pocketsphinx --enable-librsvg --enable-libjxl --enable-shared
  libavutil      59.  8.100 / 59.  8.100
  libavcodec     61.  3.100 / 61.  3.100
  libavformat    61.  1.100 / 61.  1.100
  libavdevice    61.  1.100 / 61.  1.100
  libavfilter    10.  1.100 / 10.  1.100
  libswscale      8.  1.100 /  8.  1.100
  libswresample   5.  1.100 /  5.  1.100
  libpostproc    58.  1.100 / 58.  1.100
Input #0, concat, from '/home/marco-lasagna/Scaricati/ffmpeg-java/inputFile.txt':
  Duration: N/A, start: 0.000000, bitrate: N/A
  Stream #0:0: Video: mjpeg (Baseline), yuvj420p(pc, bt470bg/unknown/unknown), 4501x4500 [SAR 1:1 DAR 4501:4500], 25 fps, 25 tbr, 25 tbn
Stream mapping:
  Stream #0:0 -> #0:0 (mjpeg (native) -> h264 (libx264))
Press [q] to stop, [?] for help
[swscaler @ 0x7e3210016b00] deprecated pixel format used, make sure you did set range correctly
    Last message repeated 1 times
[swscaler @ 0x7e3210b407c0] deprecated pixel format used, make sure you did set range correctly
    Last message repeated 1 times
[vost#0:0/libx264 @ 0x61a225e29ac0] No information about the input framerate is available. Falling back to a default value of 25fps. Use the -r option if you want a different framerate.
[libx264 @ 0x61a225e1fe80] using SAR=2048/4095
[libx264 @ 0x61a225e1fe80] using cpu capabilities: MMX2 SSE2Fast SSSE3 SSE4.2 AVX FMA3 BMI2 AVX2
[libx264 @ 0x61a225e1fe80] profile High, level 4.0, 4:2:0, 8-bit
[libx264 @ 0x61a225e1fe80] 264 - core 164 r3108 31e19f9 - H.264/MPEG-4 AVC codec - Copyleft 2003-2023 - http://www.videolan.org/x264.html - options: cabac=1 ref=3 deblock=1:0:0 analyse=0x3:0x113 me=hex subme=7 psy=1 psy_rd=1.00:0.00 mixed_ref=1 me_range=16 chroma_me=1 trellis=1 8x8dct=1 cqm=0 deadzone=21,11 fast_pskip=1 chroma_qp_offset=-2 threads=30 lookahead_threads=5 sliced_threads=0 nr=0 decimate=1 interlaced=0 bluray_compat=0 constrained_intra=0 bframes=3 b_pyramid=2 b_adapt=1 b_bias=0 direct=1 weightb=1 open_gop=0 weightp=2 keyint=250 keyint_min=25 scenecut=40 intra_refresh=0 rc_lookahead=40 rc=crf mbtree=1 crf=23.0 qcomp=0.60 qpmin=0 qpmax=69 qpstep=4 ip_ratio=1.40 aq=1:1.00
Output #0, mp4, to './src/test/resources/output/translation/tempVideo/080.mp4':
  Metadata:
    encoder         : Lavf61.1.100
  Stream #0:0: Video: h264 (avc1 / 0x31637661), yuvj420p(pc, progressive), 2048x1024 [SAR 4501:9000 DAR 4501:4500], q=2-31, 25 fps, 12800 tbn
      Metadata:
        encoder         : Lavc61.3.100 libx264
      Side data:
        cpb: bitrate max/min/avg: 0/0/0 buffer size: 0 vbv_delay: N/A
[out#0/mp4 @ 0x61a225e27b40] video:32KiB audio:0KiB subtitle:0KiB other streams:0KiB global headers:0KiB muxing overhead: 2.884968%
frame=    6 fps=0.0 q=-1.0 Lsize=      33KiB time=00:00:00.16 bitrate=1685.0kbits/s dup=0 drop=19 speed=0.612x    
[libx264 @ 0x61a225e1fe80] frame I:1     Avg QP:18.27  size: 30208
[libx264 @ 0x61a225e1fe80] frame P:2     Avg QP:18.76  size:   541
[libx264 @ 0x61a225e1fe80] frame B:3     Avg QP:27.04  size:   259
[libx264 @ 0x61a225e1fe80] consecutive B-frames: 16.7% 33.3% 50.0%  0.0%
[libx264 @ 0x61a225e1fe80] mb I  I16..4: 25.0% 64.8% 10.3%
[libx264 @ 0x61a225e1fe80] mb P  I16..4:  0.1%  0.1%  0.0%  P16..4:  1.0%  0.2%  0.1%  0.0%  0.0%    skip:98.6%
[libx264 @ 0x61a225e1fe80] mb B  I16..4:  0.0%  0.0%  0.0%  B16..8:  1.2%  0.0%  0.0%  direct: 0.1%  skip:98.6%  L0:52.4% L1:45.6% BI: 2.0%
[libx264 @ 0x61a225e1fe80] 8x8 transform intra:64.7% inter:26.0%
[libx264 @ 0x61a225e1fe80] coded y,uvDC,uvAC intra: 5.9% 10.1% 9.1% inter: 0.1% 0.0% 0.0%
[libx264 @ 0x61a225e1fe80] i16 v,h,dc,p: 88% 12%  1%  0%
[libx264 @ 0x61a225e1fe80] i8 v,h,dc,ddl,ddr,vr,hd,vl,hu: 61%  6% 32%  0%  0%  0%  0%  0%  0%
[libx264 @ 0x61a225e1fe80] i4 v,h,dc,ddl,ddr,vr,hd,vl,hu: 40% 29%  9%  4%  2%  2%  4%  4%  5%
[libx264 @ 0x61a225e1fe80] i8c dc,h,v,p: 82%  9%  8%  1%
[libx264 @ 0x61a225e1fe80] Weighted P-Frames: Y:0.0% UV:0.0%
[libx264 @ 0x61a225e1fe80] ref P L0: 93.0%  1.3%  4.2%  1.4%
[libx264 @ 0x61a225e1fe80] ref B L0: 48.5% 51.5%
[libx264 @ 0x61a225e1fe80] kb/s:1068.87
ffmpeg version 7.0.2-3ubuntu1 Copyright (c) 2000-2024 the FFmpeg developers
  built with gcc 14 (Ubuntu 14.2.0-2ubuntu1)
  configuration: --prefix=/usr --extra-version=3ubuntu1 --toolchain=hardened --libdir=/usr/lib/x86_64-linux-gnu --incdir=/usr/include/x86_64-linux-gnu --arch=amd64 --enable-gpl --disable-stripping --disable-libmfx --disable-omx --enable-gnutls --enable-libaom --enable-libass --enable-libbs2b --enable-libcdio --enable-libcodec2 --enable-libdav1d --enable-libflite --enable-libfontconfig --enable-libfreetype --enable-libfribidi --enable-libglslang --enable-libgme --enable-libgsm --enable-libharfbuzz --enable-libmp3lame --enable-libmysofa --enable-libopenjpeg --enable-libopenmpt --enable-libopus --enable-librubberband --enable-libshine --enable-libsnappy --enable-libsoxr --enable-libspeex --enable-libtheora --enable-libtwolame --enable-libvidstab --enable-libvorbis --enable-libvpx --enable-libwebp --enable-libx265 --enable-libxml2 --enable-libxvid --enable-libzimg --enable-openal --enable-opencl --enable-opengl --disable-sndio --enable-libvpl --enable-libdc1394 --enable-libdrm --enable-libiec61883 --enable-chromaprint --enable-frei0r --enable-ladspa --enable-libbluray --enable-libcaca --enable-libdvdnav --enable-libdvdread --enable-libjack --enable-libpulse --enable-librabbitmq --enable-librist --enable-libsrt --enable-libssh --enable-libsvtav1 --enable-libx264 --enable-libzmq --enable-libzvbi --enable-lv2 --enable-sdl2 --enable-libplacebo --enable-librav1e --enable-pocketsphinx --enable-librsvg --enable-libjxl --enable-shared
  libavutil      59.  8.100 / 59.  8.100
  libavcodec     61.  3.100 / 61.  3.100
  libavformat    61.  1.100 / 61.  1.100
  libavdevice    61.  1.100 / 61.  1.100
  libavfilter    10.  1.100 / 10.  1.100
  libswscale      8.  1.100 /  8.  1.100
  libswresample   5.  1.100 /  5.  1.100
  libpostproc    58.  1.100 / 58.  1.100
Input #0, concat, from '/home/marco-lasagna/Scaricati/ffmpeg-java/inputFile.txt':
  Duration: N/A, start: 0.000000, bitrate: N/A
  Stream #0:0: Video: mjpeg (Baseline), yuvj420p(pc, bt470bg/unknown/unknown), 4501x4500 [SAR 1:1 DAR 4501:4500], 25 fps, 25 tbr, 25 tbn
Stream mapping:
  Stream #0:0 -> #0:0 (mjpeg (native) -> h264 (libx264))
Press [q] to stop, [?] for help
[swscaler @ 0x78b06c016b00] deprecated pixel format used, make sure you did set range correctly
    Last message repeated 1 times
[swscaler @ 0x78b06cb407c0] deprecated pixel format used, make sure you did set range correctly
    Last message repeated 1 times
[vost#0:0/libx264 @ 0x55b557ec2ac0] No information about the input framerate is available. Falling back to a default value of 25fps. Use the -r option if you want a different framerate.
[libx264 @ 0x55b557eb8e80] using SAR=2048/4095
[libx264 @ 0x55b557eb8e80] using cpu capabilities: MMX2 SSE2Fast SSSE3 SSE4.2 AVX FMA3 BMI2 AVX2
[libx264 @ 0x55b557eb8e80] profile High, level 4.0, 4:2:0, 8-bit
[libx264 @ 0x55b557eb8e80] 264 - core 164 r3108 31e19f9 - H.264/MPEG-4 AVC codec - Copyleft 2003-2023 - http://www.videolan.org/x264.html - options: cabac=1 ref=3 deblock=1:0:0 analyse=0x3:0x113 me=hex subme=7 psy=1 psy_rd=1.00:0.00 mixed_ref=1 me_range=16 chroma_me=1 trellis=1 8x8dct=1 cqm=0 deadzone=21,11 fast_pskip=1 chroma_qp_offset=-2 threads=30 lookahead_threads=5 sliced_threads=0 nr=0 decimate=1 interlaced=0 bluray_compat=0 constrained_intra=0 bframes=3 b_pyramid=2 b_adapt=1 b_bias=0 direct=1 weightb=1 open_gop=0 weightp=2 keyint=250 keyint_min=25 scenecut=40 intra_refresh=0 rc_lookahead=40 rc=crf mbtree=1 crf=23.0 qcomp=0.60 qpmin=0 qpmax=69 qpstep=4 ip_ratio=1.40 aq=1:1.00
Output #0, mp4, to './src/test/resources/output/translation/tempVideo/090.mp4':
  Metadata:
    encoder         : Lavf61.1.100
  Stream #0:0: Video: h264 (avc1 / 0x31637661), yuvj420p(pc, progressive), 2048x1024 [SAR 4501:9000 DAR 4501:4500], q=2-31, 25 fps, 12800 tbn
      Metadata:
        encoder         : Lavc61.3.100 libx264
      Side data:
        cpb: bitrate max/min/avg: 0/0/0 buffer size: 0 vbv_delay: N/A
[out#0/mp4 @ 0x55b557ec0b40] video:32KiB audio:0KiB subtitle:0KiB other streams:0KiB global headers:0KiB muxing overhead: 2.906551%
frame=    6 fps=0.0 q=-1.0 Lsize=      33KiB time=00:00:00.16 bitrate=1687.0kbits/s dup=0 drop=19 speed=0.609x    
[libx264 @ 0x55b557eb8e80] frame I:1     Avg QP:18.47  size: 30195
[libx264 @ 0x55b557eb8e80] frame P:2     Avg QP:19.32  size:   519
[libx264 @ 0x55b557eb8e80] frame B:3     Avg QP:33.85  size:   288
[libx264 @ 0x55b557eb8e80] consecutive B-frames: 33.3%  0.0%  0.0% 66.7%
[libx264 @ 0x55b557eb8e80] mb I  I16..4: 25.9% 63.9% 10.2%
[libx264 @ 0x55b557eb8e80] mb P  I16..4:  0.1%  0.1%  0.0%  P16..4:  1.0%  0.2%  0.0%  0.0%  0.0%    skip:98.6%
[libx264 @ 0x55b557eb8e80] mb B  I16..4:  0.0%  0.1%  0.0%  B16..8:  1.1%  0.1%  0.0%  direct: 0.1%  skip:98.7%  L0:42.4% L1:56.5% BI: 1.0%
[libx264 @ 0x55b557eb8e80] 8x8 transform intra:63.9% inter:35.5%
[libx264 @ 0x55b557eb8e80] coded y,uvDC,uvAC intra: 5.9% 10.2% 9.1% inter: 0.1% 0.0% 0.0%
[libx264 @ 0x55b557eb8e80] i16 v,h,dc,p: 88% 11%  1%  0%
[libx264 @ 0x55b557eb8e80] i8 v,h,dc,ddl,ddr,vr,hd,vl,hu: 45%  5% 50%  0%  0%  0%  0%  0%  0%
[libx264 @ 0x55b557eb8e80] i4 v,h,dc,ddl,ddr,vr,hd,vl,hu: 39% 29% 10%  4%  2%  2%  4%  4%  5%
[libx264 @ 0x55b557eb8e80] i8c dc,h,v,p: 82%  9%  8%  1%
[libx264 @ 0x55b557eb8e80] Weighted P-Frames: Y:0.0% UV:0.0%
[libx264 @ 0x55b557eb8e80] ref P L0: 96.3%  1.0%  1.1%  1.6%
[libx264 @ 0x55b557eb8e80] ref B L0: 94.6%  5.4%
[libx264 @ 0x55b557eb8e80] ref B L1: 96.5%  3.5%
[libx264 @ 0x55b557eb8e80] kb/s:1069.93
ffmpeg version 7.0.2-3ubuntu1 Copyright (c) 2000-2024 the FFmpeg developers
  built with gcc 14 (Ubuntu 14.2.0-2ubuntu1)
  configuration: --prefix=/usr --extra-version=3ubuntu1 --toolchain=hardened --libdir=/usr/lib/x86_64-linux-gnu --incdir=/usr/include/x86_64-linux-gnu --arch=amd64 --enable-gpl --disable-stripping --disable-libmfx --disable-omx --enable-gnutls --enable-libaom --enable-libass --enable-libbs2b --enable-libcdio --enable-libcodec2 --enable-libdav1d --enable-libflite --enable-libfontconfig --enable-libfreetype --enable-libfribidi --enable-libglslang --enable-libgme --enable-libgsm --enable-libharfbuzz --enable-libmp3lame --enable-libmysofa --enable-libopenjpeg --enable-libopenmpt --enable-libopus --enable-librubberband --enable-libshine --enable-libsnappy --enable-libsoxr --enable-libspeex --enable-libtheora --enable-libtwolame --enable-libvidstab --enable-libvorbis --enable-libvpx --enable-libwebp --enable-libx265 --enable-libxml2 --enable-libxvid --enable-libzimg --enable-openal --enable-opencl --enable-opengl --disable-sndio --enable-libvpl --enable-libdc1394 --enable-libdrm --enable-libiec61883 --enable-chromaprint --enable-frei0r --enable-ladspa --enable-libbluray --enable-libcaca --enable-libdvdnav --enable-libdvdread --enable-libjack --enable-libpulse --enable-librabbitmq --enable-librist --enable-libsrt --enable-libssh --enable-libsvtav1 --enable-libx264 --enable-libzmq --enable-libzvbi --enable-lv2 --enable-sdl2 --enable-libplacebo --enable-librav1e --enable-pocketsphinx --enable-librsvg --enable-libjxl --enable-shared
  libavutil      59.  8.100 / 59.  8.100
  libavcodec     61.  3.100 / 61.  3.100
  libavformat    61.  1.100 / 61.  1.100
  libavdevice    61.  1.100 / 61.  1.100
  libavfilter    10.  1.100 / 10.  1.100
  libswscale      8.  1.100 /  8.  1.100
  libswresample   5.  1.100 /  5.  1.100
  libpostproc    58.  1.100 / 58.  1.100
Input #0, concat, from '/home/marco-lasagna/Scaricati/ffmpeg-java/inputFile.txt':
  Duration: N/A, start: 0.000000, bitrate: N/A
  Stream #0:0: Video: mjpeg (Baseline), yuvj420p(pc, bt470bg/unknown/unknown), 4501x4500 [SAR 1:1 DAR 4501:4500], 25 fps, 25 tbr, 25 tbn
Stream mapping:
  Stream #0:0 -> #0:0 (mjpeg (native) -> h264 (libx264))
Press [q] to stop, [?] for help
[swscaler @ 0x7890cc016b00] deprecated pixel format used, make sure you did set range correctly
    Last message repeated 1 times
[swscaler @ 0x7890ccb407c0] deprecated pixel format used, make sure you did set range correctly
    Last message repeated 1 times
[vost#0:0/libx264 @ 0x5c743d9f9ac0] No information about the input framerate is available. Falling back to a default value of 25fps. Use the -r option if you want a different framerate.
[libx264 @ 0x5c743d9efe80] using SAR=2048/4095
[libx264 @ 0x5c743d9efe80] using cpu capabilities: MMX2 SSE2Fast SSSE3 SSE4.2 AVX FMA3 BMI2 AVX2
[libx264 @ 0x5c743d9efe80] profile High, level 4.0, 4:2:0, 8-bit
[libx264 @ 0x5c743d9efe80] 264 - core 164 r3108 31e19f9 - H.264/MPEG-4 AVC codec - Copyleft 2003-2023 - http://www.videolan.org/x264.html - options: cabac=1 ref=3 deblock=1:0:0 analyse=0x3:0x113 me=hex subme=7 psy=1 psy_rd=1.00:0.00 mixed_ref=1 me_range=16 chroma_me=1 trellis=1 8x8dct=1 cqm=0 deadzone=21,11 fast_pskip=1 chroma_qp_offset=-2 threads=30 lookahead_threads=5 sliced_threads=0 nr=0 decimate=1 interlaced=0 bluray_compat=0 constrained_intra=0 bframes=3 b_pyramid=2 b_adapt=1 b_bias=0 direct=1 weightb=1 open_gop=0 weightp=2 keyint=250 keyint_min=25 scenecut=40 intra_refresh=0 rc_lookahead=40 rc=crf mbtree=1 crf=23.0 qcomp=0.60 qpmin=0 qpmax=69 qpstep=4 ip_ratio=1.40 aq=1:1.00
Output #0, mp4, to './src/test/resources/output/translation/tempVideo/100.mp4':
  Metadata:
    encoder         : Lavf61.1.100
  Stream #0:0: Video: h264 (avc1 / 0x31637661), yuvj420p(pc, progressive), 2048x1024 [SAR 4501:9000 DAR 4501:4500], q=2-31, 25 fps, 12800 tbn
      Metadata:
        encoder         : Lavc61.3.100 libx264
      Side data:
        cpb: bitrate max/min/avg: 0/0/0 buffer size: 0 vbv_delay: N/A
[out#0/mp4 @ 0x5c743d9f7b40] video:32KiB audio:0KiB subtitle:0KiB other streams:0KiB global headers:0KiB muxing overhead: 2.885937%
frame=    6 fps=0.0 q=-1.0 Lsize=      33KiB time=00:00:00.16 bitrate=1684.5kbits/s dup=0 drop=19 speed=0.624x    
[libx264 @ 0x5c743d9efe80] frame I:1     Avg QP:18.41  size: 30186
[libx264 @ 0x5c743d9efe80] frame P:2     Avg QP:18.68  size:   532
[libx264 @ 0x5c743d9efe80] frame B:3     Avg QP:27.33  size:   268
[libx264 @ 0x5c743d9efe80] consecutive B-frames: 16.7% 33.3% 50.0%  0.0%
[libx264 @ 0x5c743d9efe80] mb I  I16..4: 25.4% 64.4% 10.2%
[libx264 @ 0x5c743d9efe80] mb P  I16..4:  0.1%  0.0%  0.0%  P16..4:  1.4%  0.2%  0.2%  0.0%  0.0%    skip:98.1%
[libx264 @ 0x5c743d9efe80] mb B  I16..4:  0.0%  0.0%  0.0%  B16..8:  1.2%  0.1%  0.0%  direct: 0.1%  skip:98.6%  L0:47.9% L1:48.8% BI: 3.3%
[libx264 @ 0x5c743d9efe80] 8x8 transform intra:64.3% inter:35.2%
[libx264 @ 0x5c743d9efe80] coded y,uvDC,uvAC intra: 6.0% 10.1% 9.1% inter: 0.1% 0.0% 0.0%
[libx264 @ 0x5c743d9efe80] i16 v,h,dc,p: 88% 12%  1%  0%
[libx264 @ 0x5c743d9efe80] i8 v,h,dc,ddl,ddr,vr,hd,vl,hu: 61%  6% 32%  0%  0%  0%  0%  0%  0%
[libx264 @ 0x5c743d9efe80] i4 v,h,dc,ddl,ddr,vr,hd,vl,hu: 40% 29% 10%  4%  2%  2%  4%  4%  5%
[libx264 @ 0x5c743d9efe80] i8c dc,h,v,p: 82%  9%  8%  1%
[libx264 @ 0x5c743d9efe80] Weighted P-Frames: Y:0.0% UV:0.0%
[libx264 @ 0x5c743d9efe80] ref P L0: 95.3%  0.4%  3.6%  0.7%
[libx264 @ 0x5c743d9efe80] ref B L0: 49.3% 50.7%
[libx264 @ 0x5c743d9efe80] kb/s:1068.50
ffmpeg version 7.0.2-3ubuntu1 Copyright (c) 2000-2024 the FFmpeg developers
  built with gcc 14 (Ubuntu 14.2.0-2ubuntu1)
  configuration: --prefix=/usr --extra-version=3ubuntu1 --toolchain=hardened --libdir=/usr/lib/x86_64-linux-gnu --incdir=/usr/include/x86_64-linux-gnu --arch=amd64 --enable-gpl --disable-stripping --disable-libmfx --disable-omx --enable-gnutls --enable-libaom --enable-libass --enable-libbs2b --enable-libcdio --enable-libcodec2 --enable-libdav1d --enable-libflite --enable-libfontconfig --enable-libfreetype --enable-libfribidi --enable-libglslang --enable-libgme --enable-libgsm --enable-libharfbuzz --enable-libmp3lame --enable-libmysofa --enable-libopenjpeg --enable-libopenmpt --enable-libopus --enable-librubberband --enable-libshine --enable-libsnappy --enable-libsoxr --enable-libspeex --enable-libtheora --enable-libtwolame --enable-libvidstab --enable-libvorbis --enable-libvpx --enable-libwebp --enable-libx265 --enable-libxml2 --enable-libxvid --enable-libzimg --enable-openal --enable-opencl --enable-opengl --disable-sndio --enable-libvpl --enable-libdc1394 --enable-libdrm --enable-libiec61883 --enable-chromaprint --enable-frei0r --enable-ladspa --enable-libbluray --enable-libcaca --enable-libdvdnav --enable-libdvdread --enable-libjack --enable-libpulse --enable-librabbitmq --enable-librist --enable-libsrt --enable-libssh --enable-libsvtav1 --enable-libx264 --enable-libzmq --enable-libzvbi --enable-lv2 --enable-sdl2 --enable-libplacebo --enable-librav1e --enable-pocketsphinx --enable-librsvg --enable-libjxl --enable-shared
  libavutil      59.  8.100 / 59.  8.100
  libavcodec     61.  3.100 / 61.  3.100
  libavformat    61.  1.100 / 61.  1.100
  libavdevice    61.  1.100 / 61.  1.100
  libavfilter    10.  1.100 / 10.  1.100
  libswscale      8.  1.100 /  8.  1.100
  libswresample   5.  1.100 /  5.  1.100
  libpostproc    58.  1.100 / 58.  1.100
Input #0, concat, from '/home/marco-lasagna/Scaricati/ffmpeg-java/inputFile.txt':
  Duration: N/A, start: 0.000000, bitrate: N/A
  Stream #0:0: Video: mjpeg (Baseline), yuvj420p(pc, bt470bg/unknown/unknown), 4501x4500 [SAR 1:1 DAR 4501:4500], 25 fps, 25 tbr, 25 tbn
Stream mapping:
  Stream #0:0 -> #0:0 (mjpeg (native) -> h264 (libx264))
Press [q] to stop, [?] for help
[swscaler @ 0x7aaf50016b00] deprecated pixel format used, make sure you did set range correctly
    Last message repeated 1 times
[swscaler @ 0x7aaf50b407c0] deprecated pixel format used, make sure you did set range correctly
    Last message repeated 1 times
[vost#0:0/libx264 @ 0x637e524c6ac0] No information about the input framerate is available. Falling back to a default value of 25fps. Use the -r option if you want a different framerate.
[libx264 @ 0x637e524bce80] using SAR=2048/4095
[libx264 @ 0x637e524bce80] using cpu capabilities: MMX2 SSE2Fast SSSE3 SSE4.2 AVX FMA3 BMI2 AVX2
[libx264 @ 0x637e524bce80] profile High, level 4.0, 4:2:0, 8-bit
[libx264 @ 0x637e524bce80] 264 - core 164 r3108 31e19f9 - H.264/MPEG-4 AVC codec - Copyleft 2003-2023 - http://www.videolan.org/x264.html - options: cabac=1 ref=3 deblock=1:0:0 analyse=0x3:0x113 me=hex subme=7 psy=1 psy_rd=1.00:0.00 mixed_ref=1 me_range=16 chroma_me=1 trellis=1 8x8dct=1 cqm=0 deadzone=21,11 fast_pskip=1 chroma_qp_offset=-2 threads=30 lookahead_threads=5 sliced_threads=0 nr=0 decimate=1 interlaced=0 bluray_compat=0 constrained_intra=0 bframes=3 b_pyramid=2 b_adapt=1 b_bias=0 direct=1 weightb=1 open_gop=0 weightp=2 keyint=250 keyint_min=25 scenecut=40 intra_refresh=0 rc_lookahead=40 rc=crf mbtree=1 crf=23.0 qcomp=0.60 qpmin=0 qpmax=69 qpstep=4 ip_ratio=1.40 aq=1:1.00
Output #0, mp4, to './src/test/resources/output/translation/tempVideo/110.mp4':
  Metadata:
    encoder         : Lavf61.1.100
  Stream #0:0: Video: h264 (avc1 / 0x31637661), yuvj420p(pc, progressive), 2048x1024 [SAR 4501:9000 DAR 4501:4500], q=2-31, 25 fps, 12800 tbn
      Metadata:
        encoder         : Lavc61.3.100 libx264
      Side data:
        cpb: bitrate max/min/avg: 0/0/0 buffer size: 0 vbv_delay: N/A
[out#0/mp4 @ 0x637e524c4b40] video:32KiB audio:0KiB subtitle:0KiB other streams:0KiB global headers:0KiB muxing overhead: 2.884968%
frame=    6 fps=0.0 q=-1.0 Lsize=      33KiB time=00:00:00.16 bitrate=1685.0kbits/s dup=0 drop=19 speed=0.656x    
[libx264 @ 0x637e524bce80] frame I:1     Avg QP:18.13  size: 30189
[libx264 @ 0x637e524bce80] frame P:2     Avg QP:19.55  size:   527
[libx264 @ 0x637e524bce80] frame B:3     Avg QP:26.74  size:   274
[libx264 @ 0x637e524bce80] consecutive B-frames: 16.7% 33.3% 50.0%  0.0%
[libx264 @ 0x637e524bce80] mb I  I16..4: 25.8% 63.9% 10.3%
[libx264 @ 0x637e524bce80] mb P  I16..4:  0.1%  0.1%  0.0%  P16..4:  1.3%  0.2%  0.1%  0.0%  0.0%    skip:98.2%
[libx264 @ 0x637e524bce80] mb B  I16..4:  0.0%  0.0%  0.0%  B16..8:  1.4%  0.0%  0.0%  direct: 0.0%  skip:98.5%  L0:54.6% L1:41.5% BI: 3.9%
[libx264 @ 0x637e524bce80] 8x8 transform intra:63.9% inter:14.0%
[libx264 @ 0x637e524bce80] coded y,uvDC,uvAC intra: 5.9% 10.1% 9.1% inter: 0.1% 0.0% 0.0%
[libx264 @ 0x637e524bce80] i16 v,h,dc,p: 87% 12%  1%  0%
[libx264 @ 0x637e524bce80] i8 v,h,dc,ddl,ddr,vr,hd,vl,hu: 59%  8% 32%  0%  0%  0%  0%  0%  0%
[libx264 @ 0x637e524bce80] i4 v,h,dc,ddl,ddr,vr,hd,vl,hu: 40% 29%  9%  3%  2%  2%  4%  4%  5%
[libx264 @ 0x637e524bce80] i8c dc,h,v,p: 82%  9%  8%  1%
[libx264 @ 0x637e524bce80] Weighted P-Frames: Y:0.0% UV:0.0%
[libx264 @ 0x637e524bce80] ref P L0: 94.3%  0.8%  4.0%  0.8%
[libx264 @ 0x637e524bce80] ref B L0: 49.5% 50.5%
[libx264 @ 0x637e524bce80] kb/s:1068.87
ffmpeg version 7.0.2-3ubuntu1 Copyright (c) 2000-2024 the FFmpeg developers
  built with gcc 14 (Ubuntu 14.2.0-2ubuntu1)
  configuration: --prefix=/usr --extra-version=3ubuntu1 --toolchain=hardened --libdir=/usr/lib/x86_64-linux-gnu --incdir=/usr/include/x86_64-linux-gnu --arch=amd64 --enable-gpl --disable-stripping --disable-libmfx --disable-omx --enable-gnutls --enable-libaom --enable-libass --enable-libbs2b --enable-libcdio --enable-libcodec2 --enable-libdav1d --enable-libflite --enable-libfontconfig --enable-libfreetype --enable-libfribidi --enable-libglslang --enable-libgme --enable-libgsm --enable-libharfbuzz --enable-libmp3lame --enable-libmysofa --enable-libopenjpeg --enable-libopenmpt --enable-libopus --enable-librubberband --enable-libshine --enable-libsnappy --enable-libsoxr --enable-libspeex --enable-libtheora --enable-libtwolame --enable-libvidstab --enable-libvorbis --enable-libvpx --enable-libwebp --enable-libx265 --enable-libxml2 --enable-libxvid --enable-libzimg --enable-openal --enable-opencl --enable-opengl --disable-sndio --enable-libvpl --enable-libdc1394 --enable-libdrm --enable-libiec61883 --enable-chromaprint --enable-frei0r --enable-ladspa --enable-libbluray --enable-libcaca --enable-libdvdnav --enable-libdvdread --enable-libjack --enable-libpulse --enable-librabbitmq --enable-librist --enable-libsrt --enable-libssh --enable-libsvtav1 --enable-libx264 --enable-libzmq --enable-libzvbi --enable-lv2 --enable-sdl2 --enable-libplacebo --enable-librav1e --enable-pocketsphinx --enable-librsvg --enable-libjxl --enable-shared
  libavutil      59.  8.100 / 59.  8.100
  libavcodec     61.  3.100 / 61.  3.100
  libavformat    61.  1.100 / 61.  1.100
  libavdevice    61.  1.100 / 61.  1.100
  libavfilter    10.  1.100 / 10.  1.100
  libswscale      8.  1.100 /  8.  1.100
  libswresample   5.  1.100 /  5.  1.100
  libpostproc    58.  1.100 / 58.  1.100
Input #0, concat, from '/home/marco-lasagna/Scaricati/ffmpeg-java/inputFile.txt':
  Duration: N/A, start: 0.000000, bitrate: N/A
  Stream #0:0: Video: mjpeg (Baseline), yuvj420p(pc, bt470bg/unknown/unknown), 4501x4500 [SAR 1:1 DAR 4501:4500], 25 fps, 25 tbr, 25 tbn
Stream mapping:
  Stream #0:0 -> #0:0 (mjpeg (native) -> h264 (libx264))
Press [q] to stop, [?] for help
[swscaler @ 0x7481a8016b00] deprecated pixel format used, make sure you did set range correctly
    Last message repeated 1 times
[swscaler @ 0x7481a8b407c0] deprecated pixel format used, make sure you did set range correctly
    Last message repeated 1 times
[vost#0:0/libx264 @ 0x6078f9ba3ac0] No information about the input framerate is available. Falling back to a default value of 25fps. Use the -r option if you want a different framerate.
[libx264 @ 0x6078f9b99e80] using SAR=2048/4095
[libx264 @ 0x6078f9b99e80] using cpu capabilities: MMX2 SSE2Fast SSSE3 SSE4.2 AVX FMA3 BMI2 AVX2
[libx264 @ 0x6078f9b99e80] profile High, level 4.0, 4:2:0, 8-bit
[libx264 @ 0x6078f9b99e80] 264 - core 164 r3108 31e19f9 - H.264/MPEG-4 AVC codec - Copyleft 2003-2023 - http://www.videolan.org/x264.html - options: cabac=1 ref=3 deblock=1:0:0 analyse=0x3:0x113 me=hex subme=7 psy=1 psy_rd=1.00:0.00 mixed_ref=1 me_range=16 chroma_me=1 trellis=1 8x8dct=1 cqm=0 deadzone=21,11 fast_pskip=1 chroma_qp_offset=-2 threads=30 lookahead_threads=5 sliced_threads=0 nr=0 decimate=1 interlaced=0 bluray_compat=0 constrained_intra=0 bframes=3 b_pyramid=2 b_adapt=1 b_bias=0 direct=1 weightb=1 open_gop=0 weightp=2 keyint=250 keyint_min=25 scenecut=40 intra_refresh=0 rc_lookahead=40 rc=crf mbtree=1 crf=23.0 qcomp=0.60 qpmin=0 qpmax=69 qpstep=4 ip_ratio=1.40 aq=1:1.00
Output #0, mp4, to './src/test/resources/output/translation/tempVideo/120.mp4':
  Metadata:
    encoder         : Lavf61.1.100
  Stream #0:0: Video: h264 (avc1 / 0x31637661), yuvj420p(pc, progressive), 2048x1024 [SAR 4501:9000 DAR 4501:4500], q=2-31, 25 fps, 12800 tbn
      Metadata:
        encoder         : Lavc61.3.100 libx264
      Side data:
        cpb: bitrate max/min/avg: 0/0/0 buffer size: 0 vbv_delay: N/A
[out#0/mp4 @ 0x6078f9ba1b40] video:32KiB audio:0KiB subtitle:0KiB other streams:0KiB global headers:0KiB muxing overhead: 2.906197%
frame=    6 fps=0.0 q=-1.0 Lsize=      33KiB time=00:00:00.16 bitrate=1687.2kbits/s dup=0 drop=19 speed=0.65x    
[libx264 @ 0x6078f9b99e80] frame I:1     Avg QP:18.31  size: 30099
[libx264 @ 0x6078f9b99e80] frame P:2     Avg QP:19.04  size:   566
[libx264 @ 0x6078f9b99e80] frame B:3     Avg QP:25.22  size:   291
[libx264 @ 0x6078f9b99e80] consecutive B-frames: 33.3%  0.0%  0.0% 66.7%
[libx264 @ 0x6078f9b99e80] mb I  I16..4: 26.0% 63.7% 10.3%
[libx264 @ 0x6078f9b99e80] mb P  I16..4:  0.1%  0.1%  0.0%  P16..4:  1.2%  0.2%  0.1%  0.0%  0.0%    skip:98.4%
[libx264 @ 0x6078f9b99e80] mb B  I16..4:  0.0%  0.0%  0.0%  B16..8:  1.1%  0.1%  0.0%  direct: 0.0%  skip:98.7%  L0:59.8% L1:37.5% BI: 2.7%
[libx264 @ 0x6078f9b99e80] 8x8 transform intra:63.7% inter:32.2%
[libx264 @ 0x6078f9b99e80] coded y,uvDC,uvAC intra: 5.9% 10.2% 9.1% inter: 0.1% 0.0% 0.0%
[libx264 @ 0x6078f9b99e80] i16 v,h,dc,p: 88% 11%  1%  0%
[libx264 @ 0x6078f9b99e80] i8 v,h,dc,ddl,ddr,vr,hd,vl,hu: 44%  5% 50%  0%  0%  0%  0%  0%  0%
[libx264 @ 0x6078f9b99e80] i4 v,h,dc,ddl,ddr,vr,hd,vl,hu: 39% 30% 10%  4%  2%  2%  4%  4%  5%
[libx264 @ 0x6078f9b99e80] i8c dc,h,v,p: 82%  9%  8%  1%
[libx264 @ 0x6078f9b99e80] Weighted P-Frames: Y:0.0% UV:0.0%
[libx264 @ 0x6078f9b99e80] ref P L0: 95.6%  0.2%  0.6%  3.5%
[libx264 @ 0x6078f9b99e80] ref B L0: 93.0%  7.0%
[libx264 @ 0x6078f9b99e80] ref B L1: 93.2%  6.8%
[libx264 @ 0x6078f9b99e80] kb/s:1070.07
ffmpeg version 7.0.2-3ubuntu1 Copyright (c) 2000-2024 the FFmpeg developers
  built with gcc 14 (Ubuntu 14.2.0-2ubuntu1)
  configuration: --prefix=/usr --extra-version=3ubuntu1 --toolchain=hardened --libdir=/usr/lib/x86_64-linux-gnu --incdir=/usr/include/x86_64-linux-gnu --arch=amd64 --enable-gpl --disable-stripping --disable-libmfx --disable-omx --enable-gnutls --enable-libaom --enable-libass --enable-libbs2b --enable-libcdio --enable-libcodec2 --enable-libdav1d --enable-libflite --enable-libfontconfig --enable-libfreetype --enable-libfribidi --enable-libglslang --enable-libgme --enable-libgsm --enable-libharfbuzz --enable-libmp3lame --enable-libmysofa --enable-libopenjpeg --enable-libopenmpt --enable-libopus --enable-librubberband --enable-libshine --enable-libsnappy --enable-libsoxr --enable-libspeex --enable-libtheora --enable-libtwolame --enable-libvidstab --enable-libvorbis --enable-libvpx --enable-libwebp --enable-libx265 --enable-libxml2 --enable-libxvid --enable-libzimg --enable-openal --enable-opencl --enable-opengl --disable-sndio --enable-libvpl --enable-libdc1394 --enable-libdrm --enable-libiec61883 --enable-chromaprint --enable-frei0r --enable-ladspa --enable-libbluray --enable-libcaca --enable-libdvdnav --enable-libdvdread --enable-libjack --enable-libpulse --enable-librabbitmq --enable-librist --enable-libsrt --enable-libssh --enable-libsvtav1 --enable-libx264 --enable-libzmq --enable-libzvbi --enable-lv2 --enable-sdl2 --enable-libplacebo --enable-librav1e --enable-pocketsphinx --enable-librsvg --enable-libjxl --enable-shared
  libavutil      59.  8.100 / 59.  8.100
  libavcodec     61.  3.100 / 61.  3.100
  libavformat    61.  1.100 / 61.  1.100
  libavdevice    61.  1.100 / 61.  1.100
  libavfilter    10.  1.100 / 10.  1.100
  libswscale      8.  1.100 /  8.  1.100
  libswresample   5.  1.100 /  5.  1.100
  libpostproc    58.  1.100 / 58.  1.100
Input #0, concat, from '/home/marco-lasagna/Scaricati/ffmpeg-java/inputFile.txt':
  Duration: N/A, start: 0.000000, bitrate: N/A
  Stream #0:0: Video: mjpeg (Baseline), yuvj420p(pc, bt470bg/unknown/unknown), 4501x4500 [SAR 1:1 DAR 4501:4500], 25 fps, 25 tbr, 25 tbn
Stream mapping:
  Stream #0:0 -> #0:0 (mjpeg (native) -> h264 (libx264))
Press [q] to stop, [?] for help
[swscaler @ 0x75ce60016b00] deprecated pixel format used, make sure you did set range correctly
    Last message repeated 1 times
[swscaler @ 0x75ce60b407c0] deprecated pixel format used, make sure you did set range correctly
    Last message repeated 1 times
[vost#0:0/libx264 @ 0x64633c854ac0] No information about the input framerate is available. Falling back to a default value of 25fps. Use the -r option if you want a different framerate.
[libx264 @ 0x64633c84ae80] using SAR=2048/4095
[libx264 @ 0x64633c84ae80] using cpu capabilities: MMX2 SSE2Fast SSSE3 SSE4.2 AVX FMA3 BMI2 AVX2
[libx264 @ 0x64633c84ae80] profile High, level 4.0, 4:2:0, 8-bit
[libx264 @ 0x64633c84ae80] 264 - core 164 r3108 31e19f9 - H.264/MPEG-4 AVC codec - Copyleft 2003-2023 - http://www.videolan.org/x264.html - options: cabac=1 ref=3 deblock=1:0:0 analyse=0x3:0x113 me=hex subme=7 psy=1 psy_rd=1.00:0.00 mixed_ref=1 me_range=16 chroma_me=1 trellis=1 8x8dct=1 cqm=0 deadzone=21,11 fast_pskip=1 chroma_qp_offset=-2 threads=30 lookahead_threads=5 sliced_threads=0 nr=0 decimate=1 interlaced=0 bluray_compat=0 constrained_intra=0 bframes=3 b_pyramid=2 b_adapt=1 b_bias=0 direct=1 weightb=1 open_gop=0 weightp=2 keyint=250 keyint_min=25 scenecut=40 intra_refresh=0 rc_lookahead=40 rc=crf mbtree=1 crf=23.0 qcomp=0.60 qpmin=0 qpmax=69 qpstep=4 ip_ratio=1.40 aq=1:1.00
Output #0, mp4, to './src/test/resources/output/translation/tempVideo/130.mp4':
  Metadata:
    encoder         : Lavf61.1.100
  Stream #0:0: Video: h264 (avc1 / 0x31637661), yuvj420p(pc, progressive), 2048x1024 [SAR 4501:9000 DAR 4501:4500], q=2-31, 25 fps, 12800 tbn
      Metadata:
        encoder         : Lavc61.3.100 libx264
      Side data:
        cpb: bitrate max/min/avg: 0/0/0 buffer size: 0 vbv_delay: N/A
[out#0/mp4 @ 0x64633c852b40] video:32KiB audio:0KiB subtitle:0KiB other streams:0KiB global headers:0KiB muxing overhead: 2.913482%
frame=    6 fps=0.0 q=-1.0 Lsize=      33KiB time=00:00:00.16 bitrate=1683.2kbits/s dup=0 drop=19 speed=0.644x    
[libx264 @ 0x64633c84ae80] frame I:1     Avg QP:18.12  size: 30080
[libx264 @ 0x64633c84ae80] frame P:2     Avg QP:16.87  size:   546
[libx264 @ 0x64633c84ae80] frame B:3     Avg QP:26.59  size:   283
[libx264 @ 0x64633c84ae80] consecutive B-frames: 33.3%  0.0%  0.0% 66.7%
[libx264 @ 0x64633c84ae80] mb I  I16..4: 14.4% 75.4% 10.3%
[libx264 @ 0x64633c84ae80] mb P  I16..4:  0.1%  0.1%  0.0%  P16..4:  0.8%  0.2%  0.1%  0.0%  0.0%    skip:98.7%
[libx264 @ 0x64633c84ae80] mb B  I16..4:  0.0%  0.0%  0.0%  B16..8:  1.0%  0.1%  0.0%  direct: 0.0%  skip:98.8%  L0:26.1% L1:70.3% BI: 3.6%
[libx264 @ 0x64633c84ae80] 8x8 transform intra:75.2% inter:21.6%
[libx264 @ 0x64633c84ae80] coded y,uvDC,uvAC intra: 5.9% 10.1% 9.1% inter: 0.1% 0.0% 0.0%
[libx264 @ 0x64633c84ae80] i16 v,h,dc,p: 78% 20%  1%  0%
[libx264 @ 0x64633c84ae80] i8 v,h,dc,ddl,ddr,vr,hd,vl,hu: 55%  9% 35%  0%  0%  0%  0%  0%  0%
[libx264 @ 0x64633c84ae80] i4 v,h,dc,ddl,ddr,vr,hd,vl,hu: 38% 30% 11%  4%  2%  2%  4%  4%  5%
[libx264 @ 0x64633c84ae80] i8c dc,h,v,p: 82%  9%  8%  1%
[libx264 @ 0x64633c84ae80] Weighted P-Frames: Y:0.0% UV:0.0%
[libx264 @ 0x64633c84ae80] ref P L0: 92.9%  1.7%  2.6%  2.8%
[libx264 @ 0x64633c84ae80] ref B L0: 90.3%  9.7%
[libx264 @ 0x64633c84ae80] ref B L1: 95.6%  4.4%
[libx264 @ 0x64633c84ae80] kb/s:1067.33
ffmpeg version 7.0.2-3ubuntu1 Copyright (c) 2000-2024 the FFmpeg developers
  built with gcc 14 (Ubuntu 14.2.0-2ubuntu1)
  configuration: --prefix=/usr --extra-version=3ubuntu1 --toolchain=hardened --libdir=/usr/lib/x86_64-linux-gnu --incdir=/usr/include/x86_64-linux-gnu --arch=amd64 --enable-gpl --disable-stripping --disable-libmfx --disable-omx --enable-gnutls --enable-libaom --enable-libass --enable-libbs2b --enable-libcdio --enable-libcodec2 --enable-libdav1d --enable-libflite --enable-libfontconfig --enable-libfreetype --enable-libfribidi --enable-libglslang --enable-libgme --enable-libgsm --enable-libharfbuzz --enable-libmp3lame --enable-libmysofa --enable-libopenjpeg --enable-libopenmpt --enable-libopus --enable-librubberband --enable-libshine --enable-libsnappy --enable-libsoxr --enable-libspeex --enable-libtheora --enable-libtwolame --enable-libvidstab --enable-libvorbis --enable-libvpx --enable-libwebp --enable-libx265 --enable-libxml2 --enable-libxvid --enable-libzimg --enable-openal --enable-opencl --enable-opengl --disable-sndio --enable-libvpl --enable-libdc1394 --enable-libdrm --enable-libiec61883 --enable-chromaprint --enable-frei0r --enable-ladspa --enable-libbluray --enable-libcaca --enable-libdvdnav --enable-libdvdread --enable-libjack --enable-libpulse --enable-librabbitmq --enable-librist --enable-libsrt --enable-libssh --enable-libsvtav1 --enable-libx264 --enable-libzmq --enable-libzvbi --enable-lv2 --enable-sdl2 --enable-libplacebo --enable-librav1e --enable-pocketsphinx --enable-librsvg --enable-libjxl --enable-shared
  libavutil      59.  8.100 / 59.  8.100
  libavcodec     61.  3.100 / 61.  3.100
  libavformat    61.  1.100 / 61.  1.100
  libavdevice    61.  1.100 / 61.  1.100
  libavfilter    10.  1.100 / 10.  1.100
  libswscale      8.  1.100 /  8.  1.100
  libswresample   5.  1.100 /  5.  1.100
  libpostproc    58.  1.100 / 58.  1.100
Input #0, concat, from '/home/marco-lasagna/Scaricati/ffmpeg-java/inputFile.txt':
  Duration: N/A, start: 0.000000, bitrate: N/A
  Stream #0:0: Video: mjpeg (Baseline), yuvj420p(pc, bt470bg/unknown/unknown), 4501x4500 [SAR 1:1 DAR 4501:4500], 25 fps, 25 tbr, 25 tbn
Stream mapping:
  Stream #0:0 -> #0:0 (mjpeg (native) -> h264 (libx264))
Press [q] to stop, [?] for help
[swscaler @ 0x7cd128016b00] deprecated pixel format used, make sure you did set range correctly
    Last message repeated 1 times
[swscaler @ 0x7cd128b407c0] deprecated pixel format used, make sure you did set range correctly
    Last message repeated 1 times
[vost#0:0/libx264 @ 0x5fc02b46eac0] No information about the input framerate is available. Falling back to a default value of 25fps. Use the -r option if you want a different framerate.
[libx264 @ 0x5fc02b464e80] using SAR=2048/4095
[libx264 @ 0x5fc02b464e80] using cpu capabilities: MMX2 SSE2Fast SSSE3 SSE4.2 AVX FMA3 BMI2 AVX2
[libx264 @ 0x5fc02b464e80] profile High, level 4.0, 4:2:0, 8-bit
[libx264 @ 0x5fc02b464e80] 264 - core 164 r3108 31e19f9 - H.264/MPEG-4 AVC codec - Copyleft 2003-2023 - http://www.videolan.org/x264.html - options: cabac=1 ref=3 deblock=1:0:0 analyse=0x3:0x113 me=hex subme=7 psy=1 psy_rd=1.00:0.00 mixed_ref=1 me_range=16 chroma_me=1 trellis=1 8x8dct=1 cqm=0 deadzone=21,11 fast_pskip=1 chroma_qp_offset=-2 threads=30 lookahead_threads=5 sliced_threads=0 nr=0 decimate=1 interlaced=0 bluray_compat=0 constrained_intra=0 bframes=3 b_pyramid=2 b_adapt=1 b_bias=0 direct=1 weightb=1 open_gop=0 weightp=2 keyint=250 keyint_min=25 scenecut=40 intra_refresh=0 rc_lookahead=40 rc=crf mbtree=1 crf=23.0 qcomp=0.60 qpmin=0 qpmax=69 qpstep=4 ip_ratio=1.40 aq=1:1.00
Output #0, mp4, to './src/test/resources/output/translation/tempVideo/140.mp4':
  Metadata:
    encoder         : Lavf61.1.100
  Stream #0:0: Video: h264 (avc1 / 0x31637661), yuvj420p(pc, progressive), 2048x1024 [SAR 4501:9000 DAR 4501:4500], q=2-31, 25 fps, 12800 tbn
      Metadata:
        encoder         : Lavc61.3.100 libx264
      Side data:
        cpb: bitrate max/min/avg: 0/0/0 buffer size: 0 vbv_delay: N/A
[out#0/mp4 @ 0x5fc02b46cb40] video:32KiB audio:0KiB subtitle:0KiB other streams:0KiB global headers:0KiB muxing overhead: 2.919015%
frame=    6 fps=0.0 q=-1.0 Lsize=      33KiB time=00:00:00.16 bitrate=1680.0kbits/s dup=0 drop=19 speed=0.642x    
[libx264 @ 0x5fc02b464e80] frame I:1     Avg QP:18.50  size: 30085
[libx264 @ 0x5fc02b464e80] frame P:2     Avg QP:16.67  size:   511
[libx264 @ 0x5fc02b464e80] frame B:3     Avg QP:25.64  size:   284
[libx264 @ 0x5fc02b464e80] consecutive B-frames: 33.3%  0.0%  0.0% 66.7%
[libx264 @ 0x5fc02b464e80] mb I  I16..4: 17.2% 72.6% 10.3%
[libx264 @ 0x5fc02b464e80] mb P  I16..4:  0.1%  0.1%  0.0%  P16..4:  0.5%  0.1%  0.1%  0.0%  0.0%    skip:99.1%
[libx264 @ 0x5fc02b464e80] mb B  I16..4:  0.0%  0.0%  0.0%  B16..8:  1.1%  0.1%  0.0%  direct: 0.0%  skip:98.8%  L0:26.7% L1:70.1% BI: 3.2%
[libx264 @ 0x5fc02b464e80] 8x8 transform intra:72.4% inter:31.3%
[libx264 @ 0x5fc02b464e80] coded y,uvDC,uvAC intra: 5.9% 10.2% 9.1% inter: 0.1% 0.0% 0.0%
[libx264 @ 0x5fc02b464e80] i16 v,h,dc,p: 82% 17%  1%  0%
[libx264 @ 0x5fc02b464e80] i8 v,h,dc,ddl,ddr,vr,hd,vl,hu: 44%  7% 48%  0%  0%  0%  0%  0%  0%
[libx264 @ 0x5fc02b464e80] i4 v,h,dc,ddl,ddr,vr,hd,vl,hu: 38% 31% 10%  4%  2%  2%  4%  4%  5%
[libx264 @ 0x5fc02b464e80] i8c dc,h,v,p: 82%  9%  8%  1%
[libx264 @ 0x5fc02b464e80] Weighted P-Frames: Y:0.0% UV:0.0%
[libx264 @ 0x5fc02b464e80] ref P L0: 90.6%  0.5%  0.9%  8.0%
[libx264 @ 0x5fc02b464e80] ref B L0: 90.8%  9.2%
[libx264 @ 0x5fc02b464e80] ref B L1: 95.3%  4.7%
[libx264 @ 0x5fc02b464e80] kb/s:1065.27
ffmpeg version 7.0.2-3ubuntu1 Copyright (c) 2000-2024 the FFmpeg developers
  built with gcc 14 (Ubuntu 14.2.0-2ubuntu1)
[...]
[libx264 @ 0x58499f793e80] profile High, level 4.0, 4:2:0, 8-bit
[libx264 @ 0x58499f793e80] 264 - core 164 r3108 31e19f9 - H.264/MPEG-4 AVC codec - Copyleft 2003-2023 - http://www.videolan.org/x264.html - options: cabac=1 ref=3 deblock=1:0:0 analyse=0x3:0x113 me=hex subme=7 psy=1 psy_rd=1.00:0.00 mixed_ref=1 me_range=16 chroma_me=1 trellis=1 8x8dct=1 cqm=0 deadzone=21,11 fast_pskip=1 chroma_qp_offset=-2 threads=30 lookahead_threads=5 sliced_threads=0 nr=0 decimate=1 interlaced=0 bluray_compat=0 constrained_intra=0 bframes=3 b_pyramid=2 b_adapt=1 b_bias=0 direct=1 weightb=1 open_gop=0 weightp=2 keyint=250 keyint_min=25 scenecut=40 intra_refresh=0 rc_lookahead=40 rc=crf mbtree=1 crf=23.0 qcomp=0.60 qpmin=0 qpmax=69 qpstep=4 ip_ratio=1.40 aq=1:1.00
Output #0, mp4, to './src/test/resources/output/translation/tempVideo/500.mp4':
  Metadata:
    encoder         : Lavf61.1.100
  Stream #0:0: Video: h264 (avc1 / 0x31637661), yuvj420p(pc, progressive), 2048x1024 [SAR 4501:9000 DAR 4501:4500], q=2-31, 25 fps, 12800 tbn
      Metadata:
        encoder         : Lavc61.3.100 libx264
      Side data:
        cpb: bitrate max/min/avg: 0/0/0 buffer size: 0 vbv_delay: N/A
[out#0/mp4 @ 0x58499f79bb40] video:32KiB audio:0KiB subtitle:0KiB other streams:0KiB global headers:0KiB muxing overhead: 2.921968%
frame=    6 fps=0.0 q=-1.0 Lsize=      33KiB time=00:00:00.16 bitrate=1678.4kbits/s dup=0 drop=19 speed=0.66x    
[libx264 @ 0x58499f793e80] frame I:1     Avg QP:18.42  size: 29847
[libx264 @ 0x58499f793e80] frame P:2     Avg QP:19.31  size:   582
[libx264 @ 0x58499f793e80] frame B:3     Avg QP:26.94  size:   305
[libx264 @ 0x58499f793e80] consecutive B-frames: 33.3%  0.0%  0.0% 66.7%
[libx264 @ 0x58499f793e80] mb I  I16..4: 28.7% 61.1% 10.3%
[libx264 @ 0x58499f793e80] mb P  I16..4:  0.1%  0.1%  0.0%  P16..4:  1.2%  0.1%  0.1%  0.0%  0.0%    skip:98.4%
[libx264 @ 0x58499f793e80] mb B  I16..4:  0.0%  0.1%  0.0%  B16..8:  1.2%  0.1%  0.0%  direct: 0.1%  skip:98.6%  L0:32.9% L1:64.5% BI: 2.5%
[libx264 @ 0x58499f793e80] 8x8 transform intra:61.1% inter:20.2%
[libx264 @ 0x58499f793e80] coded y,uvDC,uvAC intra: 5.9% 10.2% 9.1% inter: 0.1% 0.0% 0.0%
[libx264 @ 0x58499f793e80] i16 v,h,dc,p: 88% 11%  1%  0%
[libx264 @ 0x58499f793e80] i8 v,h,dc,ddl,ddr,vr,hd,vl,hu: 38%  4% 58%  0%  0%  0%  0%  0%  0%
[libx264 @ 0x58499f793e80] i4 v,h,dc,ddl,ddr,vr,hd,vl,hu: 37% 30% 11%  4%  2%  2%  4%  4%  5%
[libx264 @ 0x58499f793e80] i8c dc,h,v,p: 82%  9%  8%  1%
[libx264 @ 0x58499f793e80] Weighted P-Frames: Y:0.0% UV:0.0%
[libx264 @ 0x58499f793e80] ref P L0: 94.8%  0.2%  0.9%  4.1%
[libx264 @ 0x58499f793e80] ref B L0: 88.3% 11.7%
[libx264 @ 0x58499f793e80] ref B L1: 94.3%  5.7%
[libx264 @ 0x58499f793e80] kb/s:1064.17
ffmpeg version 7.0.2-3ubuntu1 Copyright (c) 2000-2024 the FFmpeg developers
  built with gcc 14 (Ubuntu 14.2.0-2ubuntu1)
  configuration: --prefix=/usr --extra-version=3ubuntu1 --toolchain=hardened --libdir=/usr/lib/x86_64-linux-gnu --incdir=/usr/include/x86_64-linux-gnu --arch=amd64 --enable-gpl --disable-stripping --disable-libmfx --disable-omx --enable-gnutls --enable-libaom --enable-libass --enable-libbs2b --enable-libcdio --enable-libcodec2 --enable-libdav1d --enable-libflite --enable-libfontconfig --enable-libfreetype --enable-libfribidi --enable-libglslang --enable-libgme --enable-libgsm --enable-libharfbuzz --enable-libmp3lame --enable-libmysofa --enable-libopenjpeg --enable-libopenmpt --enable-libopus --enable-librubberband --enable-libshine --enable-libsnappy --enable-libsoxr --enable-libspeex --enable-libtheora --enable-libtwolame --enable-libvidstab --enable-libvorbis --enable-libvpx --enable-libwebp --enable-libx265 --enable-libxml2 --enable-libxvid --enable-libzimg --enable-openal --enable-opencl --enable-opengl --disable-sndio --enable-libvpl --enable-libdc1394 --enable-libdrm --enable-libiec61883 --enable-chromaprint --enable-frei0r --enable-ladspa --enable-libbluray --enable-libcaca --enable-libdvdnav --enable-libdvdread --enable-libjack --enable-libpulse --enable-librabbitmq --enable-librist --enable-libsrt --enable-libssh --enable-libsvtav1 --enable-libx264 --enable-libzmq --enable-libzvbi --enable-lv2 --enable-sdl2 --enable-libplacebo --enable-librav1e --enable-pocketsphinx --enable-librsvg --enable-libjxl --enable-shared
  libavutil      59.  8.100 / 59.  8.100
  libavcodec     61.  3.100 / 61.  3.100
  libavformat    61.  1.100 / 61.  1.100
  libavdevice    61.  1.100 / 61.  1.100
  libavfilter    10.  1.100 / 10.  1.100
  libswscale      8.  1.100 /  8.  1.100
  libswresample   5.  1.100 /  5.  1.100
  libpostproc    58.  1.100 / 58.  1.100
Input #0, concat, from '/home/marco-lasagna/Scaricati/ffmpeg-java/inputFile.txt':
  Duration: N/A, start: 0.000000, bitrate: N/A
  Stream #0:0: Video: mjpeg (Baseline), yuvj420p(pc, bt470bg/unknown/unknown), 4501x4500 [SAR 1:1 DAR 4501:4500], 25 fps, 25 tbr, 25 tbn
Stream mapping:
  Stream #0:0 -> #0:0 (mjpeg (native) -> h264 (libx264))
Press [q] to stop, [?] for help
[swscaler @ 0x71eef8016b00] deprecated pixel format used, make sure you did set range correctly
    Last message repeated 1 times
[swscaler @ 0x71eef8b407c0] deprecated pixel format used, make sure you did set range correctly
    Last message repeated 1 times
[vost#0:0/libx264 @ 0x5dbc55ae9ac0] No information about the input framerate is available. Falling back to a default value of 25fps. Use the -r option if you want a different framerate.
[libx264 @ 0x5dbc55adfe80] using SAR=2048/4095
[libx264 @ 0x5dbc55adfe80] using cpu capabilities: MMX2 SSE2Fast SSSE3 SSE4.2 AVX FMA3 BMI2 AVX2
[libx264 @ 0x5dbc55adfe80] profile High, level 4.0, 4:2:0, 8-bit
[libx264 @ 0x5dbc55adfe80] 264 - core 164 r3108 31e19f9 - H.264/MPEG-4 AVC codec - Copyleft 2003-2023 - http://www.videolan.org/x264.html - options: cabac=1 ref=3 deblock=1:0:0 analyse=0x3:0x113 me=hex subme=7 psy=1 psy_rd=1.00:0.00 mixed_ref=1 me_range=16 chroma_me=1 trellis=1 8x8dct=1 cqm=0 deadzone=21,11 fast_pskip=1 chroma_qp_offset=-2 threads=30 lookahead_threads=5 sliced_threads=0 nr=0 decimate=1 interlaced=0 bluray_compat=0 constrained_intra=0 bframes=3 b_pyramid=2 b_adapt=1 b_bias=0 direct=1 weightb=1 open_gop=0 weightp=2 keyint=250 keyint_min=25 scenecut=40 intra_refresh=0 rc_lookahead=40 rc=crf mbtree=1 crf=23.0 qcomp=0.60 qpmin=0 qpmax=69 qpstep=4 ip_ratio=1.40 aq=1:1.00
Output #0, mp4, to './src/test/resources/output/translation/tempVideo/510.mp4':
  Metadata:
    encoder         : Lavf61.1.100
  Stream #0:0: Video: h264 (avc1 / 0x31637661), yuvj420p(pc, progressive), 2048x1024 [SAR 4501:9000 DAR 4501:4500], q=2-31, 25 fps, 12800 tbn
      Metadata:
        encoder         : Lavc61.3.100 libx264
      Side data:
        cpb: bitrate max/min/avg: 0/0/0 buffer size: 0 vbv_delay: N/A
[out#0/mp4 @ 0x5dbc55ae7b40] video:32KiB audio:0KiB subtitle:0KiB other streams:0KiB global headers:0KiB muxing overhead: 2.935288%
frame=    6 fps=0.0 q=-1.0 Lsize=      33KiB time=00:00:00.16 bitrate=1671.0kbits/s dup=0 drop=19 speed=0.633x    
[libx264 @ 0x5dbc55adfe80] frame I:1     Avg QP:18.82  size: 29738
[libx264 @ 0x5dbc55adfe80] frame P:2     Avg QP:18.18  size:   562
[libx264 @ 0x5dbc55adfe80] frame B:3     Avg QP:26.94  size:   305
[libx264 @ 0x5dbc55adfe80] consecutive B-frames: 33.3%  0.0%  0.0% 66.7%
[libx264 @ 0x5dbc55adfe80] mb I  I16..4: 26.0% 63.8% 10.2%
[libx264 @ 0x5dbc55adfe80] mb P  I16..4:  0.2%  0.1%  0.0%  P16..4:  0.5%  0.1%  0.1%  0.0%  0.0%    skip:99.0%
[libx264 @ 0x5dbc55adfe80] mb B  I16..4:  0.0%  0.0%  0.0%  B16..8:  1.4%  0.0%  0.0%  direct: 0.0%  skip:98.5%  L0:23.4% L1:74.8% BI: 1.7%
[libx264 @ 0x5dbc55adfe80] 8x8 transform intra:63.7% inter:17.9%
[libx264 @ 0x5dbc55adfe80] coded y,uvDC,uvAC intra: 5.9% 10.2% 9.1% inter: 0.1% 0.0% 0.0%
[libx264 @ 0x5dbc55adfe80] i16 v,h,dc,p: 87% 12%  1%  0%
[libx264 @ 0x5dbc55adfe80] i8 v,h,dc,ddl,ddr,vr,hd,vl,hu: 49%  5% 46%  0%  0%  0%  0%  0%  0%
[libx264 @ 0x5dbc55adfe80] i4 v,h,dc,ddl,ddr,vr,hd,vl,hu: 39% 30% 10%  4%  2%  2%  4%  4%  5%
[libx264 @ 0x5dbc55adfe80] i8c dc,h,v,p: 82%  9%  8%  1%
[libx264 @ 0x5dbc55adfe80] Weighted P-Frames: Y:0.0% UV:0.0%
[libx264 @ 0x5dbc55adfe80] ref P L0: 95.4%  1.0%  0.8%  2.8%
[libx264 @ 0x5dbc55adfe80] ref B L0: 93.5%  6.5%
[libx264 @ 0x5dbc55adfe80] ref B L1: 93.7%  6.3%
[libx264 @ 0x5dbc55adfe80] kb/s:1059.23
ffmpeg version 7.0.2-3ubuntu1 Copyright (c) 2000-2024 the FFmpeg developers
  built with gcc 14 (Ubuntu 14.2.0-2ubuntu1)
  configuration: --prefix=/usr --extra-version=3ubuntu1 --toolchain=hardened --libdir=/usr/lib/x86_64-linux-gnu --incdir=/usr/include/x86_64-linux-gnu --arch=amd64 --enable-gpl --disable-stripping --disable-libmfx --disable-omx --enable-gnutls --enable-libaom --enable-libass --enable-libbs2b --enable-libcdio --enable-libcodec2 --enable-libdav1d --enable-libflite --enable-libfontconfig --enable-libfreetype --enable-libfribidi --enable-libglslang --enable-libgme --enable-libgsm --enable-libharfbuzz --enable-libmp3lame --enable-libmysofa --enable-libopenjpeg --enable-libopenmpt --enable-libopus --enable-librubberband --enable-libshine --enable-libsnappy --enable-libsoxr --enable-libspeex --enable-libtheora --enable-libtwolame --enable-libvidstab --enable-libvorbis --enable-libvpx --enable-libwebp --enable-libx265 --enable-libxml2 --enable-libxvid --enable-libzimg --enable-openal --enable-opencl --enable-opengl --disable-sndio --enable-libvpl --enable-libdc1394 --enable-libdrm --enable-libiec61883 --enable-chromaprint --enable-frei0r --enable-ladspa --enable-libbluray --enable-libcaca --enable-libdvdnav --enable-libdvdread --enable-libjack --enable-libpulse --enable-librabbitmq --enable-librist --enable-libsrt --enable-libssh --enable-libsvtav1 --enable-libx264 --enable-libzmq --enable-libzvbi --enable-lv2 --enable-sdl2 --enable-libplacebo --enable-librav1e --enable-pocketsphinx --enable-librsvg --enable-libjxl --enable-shared
  libavutil      59.  8.100 / 59.  8.100
  libavcodec     61.  3.100 / 61.  3.100
  libavformat    61.  1.100 / 61.  1.100
  libavdevice    61.  1.100 / 61.  1.100
  libavfilter    10.  1.100 / 10.  1.100
  libswscale      8.  1.100 /  8.  1.100
  libswresample   5.  1.100 /  5.  1.100
  libpostproc    58.  1.100 / 58.  1.100
Input #0, concat, from '/home/marco-lasagna/Scaricati/ffmpeg-java/inputFile.txt':
  Duration: N/A, start: 0.000000, bitrate: N/A
  Stream #0:0: Video: mjpeg (Baseline), yuvj420p(pc, bt470bg/unknown/unknown), 4501x4500 [SAR 1:1 DAR 4501:4500], 25 fps, 25 tbr, 25 tbn
Stream mapping:
  Stream #0:0 -> #0:0 (mjpeg (native) -> h264 (libx264))
Press [q] to stop, [?] for help
[swscaler @ 0x7793c8016b00] deprecated pixel format used, make sure you did set range correctly
    Last message repeated 1 times
[swscaler @ 0x7793c8b407c0] deprecated pixel format used, make sure you did set range correctly
    Last message repeated 1 times
[vost#0:0/libx264 @ 0x5c756a1d6880] No information about the input framerate is available. Falling back to a default value of 25fps. Use the -r option if you want a different framerate.
[libx264 @ 0x5c756a1ccc40] using SAR=2048/4095
[libx264 @ 0x5c756a1ccc40] using cpu capabilities: MMX2 SSE2Fast SSSE3 SSE4.2 AVX FMA3 BMI2 AVX2
[libx264 @ 0x5c756a1ccc40] profile High, level 4.0, 4:2:0, 8-bit
[libx264 @ 0x5c756a1ccc40] 264 - core 164 r3108 31e19f9 - H.264/MPEG-4 AVC codec - Copyleft 2003-2023 - http://www.videolan.org/x264.html - options: cabac=1 ref=3 deblock=1:0:0 analyse=0x3:0x113 me=hex subme=7 psy=1 psy_rd=1.00:0.00 mixed_ref=1 me_range=16 chroma_me=1 trellis=1 8x8dct=1 cqm=0 deadzone=21,11 fast_pskip=1 chroma_qp_offset=-2 threads=30 lookahead_threads=5 sliced_threads=0 nr=0 decimate=1 interlaced=0 bluray_compat=0 constrained_intra=0 bframes=3 b_pyramid=2 b_adapt=1 b_bias=0 direct=1 weightb=1 open_gop=0 weightp=2 keyint=250 keyint_min=25 scenecut=40 intra_refresh=0 rc_lookahead=40 rc=crf mbtree=1 crf=23.0 qcomp=0.60 qpmin=0 qpmax=69 qpstep=4 ip_ratio=1.40 aq=1:1.00
Output #0, mp4, to './src/test/resources/output/translation/tempVideo/517.mp4':
  Metadata:
    encoder         : Lavf61.1.100
  Stream #0:0: Video: h264 (avc1 / 0x31637661), yuvj420p(pc, progressive), 2048x1024 [SAR 4501:9000 DAR 4501:4500], q=2-31, 25 fps, 12800 tbn
      Metadata:
        encoder         : Lavc61.3.100 libx264
      Side data:
        cpb: bitrate max/min/avg: 0/0/0 buffer size: 0 vbv_delay: N/A
[out#0/mp4 @ 0x5c756a1d4900] video:30KiB audio:0KiB subtitle:0KiB other streams:0KiB global headers:0KiB muxing overhead: 3.004154%
frame=    5 fps=0.0 q=-1.0 Lsize=      31KiB time=00:00:00.12 bitrate=2132.7kbits/s dup=0 drop=13 speed=0.631x    
[libx264 @ 0x5c756a1ccc40] frame I:1     Avg QP:19.38  size: 28771
[libx264 @ 0x5c756a1ccc40] frame P:2     Avg QP:14.47  size:   540
[libx264 @ 0x5c756a1ccc40] frame B:2     Avg QP:25.24  size:   258
[libx264 @ 0x5c756a1ccc40] consecutive B-frames: 40.0%  0.0% 60.0%  0.0%
[libx264 @ 0x5c756a1ccc40] mb I  I16..4: 24.6% 65.3% 10.1%
[libx264 @ 0x5c756a1ccc40] mb P  I16..4:  0.3%  0.0%  0.0%  P16..4:  0.9%  0.2%  0.1%  0.0%  0.0%    skip:98.5%
[libx264 @ 0x5c756a1ccc40] mb B  I16..4:  0.1%  0.0%  0.0%  B16..8:  1.3%  0.1%  0.0%  direct: 0.1%  skip:98.5%  L0:23.5% L1:75.5% BI: 1.0%
[libx264 @ 0x5c756a1ccc40] 8x8 transform intra:64.8% inter:10.2%
[libx264 @ 0x5c756a1ccc40] coded y,uvDC,uvAC intra: 5.8% 10.0% 8.9% inter: 0.1% 0.0% 0.0%
[libx264 @ 0x5c756a1ccc40] i16 v,h,dc,p: 87% 13%  1%  0%
[libx264 @ 0x5c756a1ccc40] i8 v,h,dc,ddl,ddr,vr,hd,vl,hu: 62% 11% 27%  0%  0%  0%  0%  0%  0%
[libx264 @ 0x5c756a1ccc40] i4 v,h,dc,ddl,ddr,vr,hd,vl,hu: 40% 30%  9%  4%  2%  2%  4%  4%  5%
[libx264 @ 0x5c756a1ccc40] i8c dc,h,v,p: 82%  9%  8%  1%
[libx264 @ 0x5c756a1ccc40] Weighted P-Frames: Y:0.0% UV:0.0%
[libx264 @ 0x5c756a1ccc40] ref P L0: 98.3%  0.1%  1.6%
[libx264 @ 0x5c756a1ccc40] kb/s:1214.68
ffmpeg version 7.0.2-3ubuntu1 Copyright (c) 2000-2024 the FFmpeg developers
  built with gcc 14 (Ubuntu 14.2.0-2ubuntu1)
  configuration: --prefix=/usr --extra-version=3ubuntu1 --toolchain=hardened --libdir=/usr/lib/x86_64-linux-gnu --incdir=/usr/include/x86_64-linux-gnu --arch=amd64 --enable-gpl --disable-stripping --disable-libmfx --disable-omx --enable-gnutls --enable-libaom --enable-libass --enable-libbs2b --enable-libcdio --enable-libcodec2 --enable-libdav1d --enable-libflite --enable-libfontconfig --enable-libfreetype --enable-libfribidi --enable-libglslang --enable-libgme --enable-libgsm --enable-libharfbuzz --enable-libmp3lame --enable-libmysofa --enable-libopenjpeg --enable-libopenmpt --enable-libopus --enable-librubberband --enable-libshine --enable-libsnappy --enable-libsoxr --enable-libspeex --enable-libtheora --enable-libtwolame --enable-libvidstab --enable-libvorbis --enable-libvpx --enable-libwebp --enable-libx265 --enable-libxml2 --enable-libxvid --enable-libzimg --enable-openal --enable-opencl --enable-opengl --disable-sndio --enable-libvpl --enable-libdc1394 --enable-libdrm --enable-libiec61883 --enable-chromaprint --enable-frei0r --enable-ladspa --enable-libbluray --enable-libcaca --enable-libdvdnav --enable-libdvdread --enable-libjack --enable-libpulse --enable-librabbitmq --enable-librist --enable-libsrt --enable-libssh --enable-libsvtav1 --enable-libx264 --enable-libzmq --enable-libzvbi --enable-lv2 --enable-sdl2 --enable-libplacebo --enable-librav1e --enable-pocketsphinx --enable-librsvg --enable-libjxl --enable-shared
  libavutil      59.  8.100 / 59.  8.100
  libavcodec     61.  3.100 / 61.  3.100
  libavformat    61.  1.100 / 61.  1.100
  libavdevice    61.  1.100 / 61.  1.100
  libavfilter    10.  1.100 / 10.  1.100
  libswscale      8.  1.100 /  8.  1.100
  libswresample   5.  1.100 /  5.  1.100
  libpostproc    58.  1.100 / 58.  1.100
[mov,mp4,m4a,3gp,3g2,mj2 @ 0x63f81cf8b140] Auto-inserting h264_mp4toannexb bitstream filter
Input #0, concat, from '/home/marco-lasagna/Scaricati/ffmpeg-java/inputFile.txt':
  Duration: N/A, start: 0.000000, bitrate: 1088 kb/s
  Stream #0:0(und): Video: h264 (High) (avc1 / 0x31637661), yuvj420p(pc, progressive), 2048x1024 [SAR 2048:4095 DAR 4096:4095], 1088 kb/s, SAR 4501:9000 DAR 4501:4500, 25 fps, 25 tbr, 12800 tbn
      Metadata:
        handler_name    : VideoHandler
        vendor_id       : [0][0][0][0]
        encoder         : Lavc61.3.100 libx264
Stream mapping:
  Stream #0:0 -> #0:0 (h264 (native) -> h264 (libx264))
Press [q] to stop, [?] for help
[mov,mp4,m4a,3gp,3g2,mj2 @ 0x63f81cf8b140] Auto-inserting h264_mp4toannexb bitstream filter
    Last message repeated 3 times
[vost#0:0/libx264 @ 0x63f81d020b40] No information about the input framerate is available. Falling back to a default value of 25fps. Use the -r option if you want a different framerate.
[libx264 @ 0x63f81cf8bd80] using SAR=2048/4095
[libx264 @ 0x63f81cf8bd80] using cpu capabilities: MMX2 SSE2Fast SSSE3 SSE4.2 AVX FMA3 BMI2 AVX2
[mov,mp4,m4a,3gp,3g2,mj2 @ 0x63f81cf8b140] Auto-inserting h264_mp4toannexb bitstream filter
[libx264 @ 0x63f81cf8bd80] profile High, level 4.0, 4:2:0, 8-bit
[libx264 @ 0x63f81cf8bd80] 264 - core 164 r3108 31e19f9 - H.264/MPEG-4 AVC codec - Copyleft 2003-2023 - http://www.videolan.org/x264.html - options: cabac=1 ref=3 deblock=1:0:0 analyse=0x3:0x113 me=hex subme=7 psy=1 psy_rd=1.00:0.00 mixed_ref=1 me_range=16 chroma_me=1 trellis=1 8x8dct=1 cqm=0 deadzone=21,11 fast_pskip=1 chroma_qp_offset=-2 threads=30 lookahead_threads=5 sliced_threads=0 nr=0 decimate=1 interlaced=0 bluray_compat=0 constrained_intra=0 bframes=3 b_pyramid=2 b_adapt=1 b_bias=0 direct=1 weightb=1 open_gop=0 weightp=2 keyint=250 keyint_min=25 scenecut=40 intra_refresh=0 rc_lookahead=40 rc=crf mbtree=1 crf=23.0 qcomp=0.60 qpmin=0 qpmax=69 qpstep=4 ip_ratio=1.40 aq=1:1.00
Output #0, mp4, to './src/test/resources/output/translation/video/output1.mp4':
  Metadata:
    encoder         : Lavf61.1.100
  Stream #0:0(und): Video: h264 (avc1 / 0x31637661), yuvj420p(pc, progressive), 2048x1024 [SAR 4501:9000 DAR 4501:4500], q=2-31, 25 fps, 12800 tbn
      Metadata:
        handler_name    : VideoHandler
        vendor_id       : [0][0][0][0]
        encoder         : Lavc61.3.100 libx264
      Side data:
        cpb: bitrate max/min/avg: 0/0/0 buffer size: 0 vbv_delay: N/A
[mov,mp4,m4a,3gp,3g2,mj2 @ 0x63f81cf8b140] Auto-inserting h264_mp4toannexb bitstream filter
    Last message repeated 45 times
frame=  114 fps=0.0 q=28.0 size=       0KiB time=00:00:04.48 bitrate=   0.1kbits/s dup=0 drop=590 speed=8.96x    [out#0/mp4 @ 0x63f81d0203c0] video:117KiB audio:0KiB subtitle:0KiB other streams:0KiB global headers:0KiB muxing overhead: 2.300164%
frame=  157 fps=0.0 q=-1.0 Lsize=     120KiB time=00:00:06.20 bitrate= 158.2kbits/s dup=0 drop=590 speed=11.6x    
[libx264 @ 0x63f81cf8bd80] frame I:1     Avg QP:16.94  size: 35768
[libx264 @ 0x63f81cf8bd80] frame P:41    Avg QP:20.61  size:  1105
[libx264 @ 0x63f81cf8bd80] frame B:115   Avg QP:28.69  size:   331
[libx264 @ 0x63f81cf8bd80] consecutive B-frames:  1.9%  1.3%  0.0% 96.8%
[libx264 @ 0x63f81cf8bd80] mb I  I16..4: 16.7% 72.8% 10.5%
[libx264 @ 0x63f81cf8bd80] mb P  I16..4:  0.1%  0.1%  0.0%  P16..4:  2.0%  0.2%  0.1%  0.0%  0.0%    skip:97.5%
[libx264 @ 0x63f81cf8bd80] mb B  I16..4:  0.0%  0.0%  0.0%  B16..8:  1.3%  0.1%  0.0%  direct: 0.0%  skip:98.5%  L0:50.8% L1:45.5% BI: 3.7%
[libx264 @ 0x63f81cf8bd80] 8x8 transform intra:70.9% inter:27.2%
[libx264 @ 0x63f81cf8bd80] coded y,uvDC,uvAC intra: 6.0% 10.0% 8.9% inter: 0.1% 0.1% 0.0%
[libx264 @ 0x63f81cf8bd80] i16 v,h,dc,p: 75% 24%  1%  0%
[libx264 @ 0x63f81cf8bd80] i8 v,h,dc,ddl,ddr,vr,hd,vl,hu: 61%  9% 29%  0%  0%  0%  0%  0%  0%
[libx264 @ 0x63f81cf8bd80] i4 v,h,dc,ddl,ddr,vr,hd,vl,hu: 39% 29% 11%  4%  2%  2%  4%  3%  5%
[libx264 @ 0x63f81cf8bd80] i8c dc,h,v,p: 78% 12%  9%  1%
[libx264 @ 0x63f81cf8bd80] Weighted P-Frames: Y:0.0% UV:0.0%
[libx264 @ 0x63f81cf8bd80] ref P L0: 67.8%  2.9% 15.3% 14.0%
[libx264 @ 0x63f81cf8bd80] ref B L0: 71.6% 21.2%  7.2%
[libx264 @ 0x63f81cf8bd80] ref B L1: 91.8%  8.2%
[libx264 @ 0x63f81cf8bd80] kb/s:151.81
]]></system-err>
</testsuite>
